{"contracts/abstracts/AccessControlEnumerableUpgradeable.sol":{"l":{"23":0,"34":0,"50":0,"58":0,"65":0,"66":0,"73":0,"74":0,"81":0,"82":0,"89":0,"90":0},"path":"/home/osboxes/KRWC-G-1/contracts/abstracts/AccessControlEnumerableUpgradeable.sol","s":{"1":0,"2":0,"3":0,"4":0,"5":0,"6":0,"7":0,"8":0,"9":0,"10":0,"11":0,"12":0},"b":{},"f":{"1":0,"2":0,"3":0,"4":0,"5":0,"6":0,"7":0,"8":0},"fnMap":{"1":{"name":"__AccessControlEnumerable_init","line":22,"loc":{"start":{"line":22,"column":4},"end":{"line":24,"column":4}}},"2":{"name":"supportsInterface","line":33,"loc":{"start":{"line":33,"column":4},"end":{"line":35,"column":4}}},"3":{"name":"getRoleMember","line":49,"loc":{"start":{"line":49,"column":4},"end":{"line":51,"column":4}}},"4":{"name":"getRoleMemberCount","line":57,"loc":{"start":{"line":57,"column":4},"end":{"line":59,"column":4}}},"5":{"name":"grantRole","line":64,"loc":{"start":{"line":64,"column":4},"end":{"line":67,"column":4}}},"6":{"name":"revokeRole","line":72,"loc":{"start":{"line":72,"column":4},"end":{"line":75,"column":4}}},"7":{"name":"renounceRole","line":80,"loc":{"start":{"line":80,"column":4},"end":{"line":83,"column":4}}},"8":{"name":"_setupRole","line":88,"loc":{"start":{"line":88,"column":4},"end":{"line":91,"column":4}}}},"statementMap":{"1":{"start":{"line":23,"column":8},"end":{"line":23,"column":32}},"2":{"start":{"line":34,"column":8},"end":{"line":34,"column":123}},"3":{"start":{"line":50,"column":8},"end":{"line":50,"column":43}},"4":{"start":{"line":58,"column":8},"end":{"line":58,"column":42}},"5":{"start":{"line":65,"column":8},"end":{"line":65,"column":37}},"6":{"start":{"line":66,"column":8},"end":{"line":66,"column":38}},"7":{"start":{"line":73,"column":8},"end":{"line":73,"column":38}},"8":{"start":{"line":74,"column":8},"end":{"line":74,"column":41}},"9":{"start":{"line":81,"column":8},"end":{"line":81,"column":40}},"10":{"start":{"line":82,"column":8},"end":{"line":82,"column":41}},"11":{"start":{"line":89,"column":8},"end":{"line":89,"column":38}},"12":{"start":{"line":90,"column":8},"end":{"line":90,"column":38}}},"branchMap":{}},"contracts/abstracts/AccessControlUpgradeable.sol":{"l":{"65":0,"115":0,"116":0,"123":0,"130":0,"141":0,"142":0,"162":0,"176":0,"189":0,"207":0,"209":0,"229":0,"238":0,"239":0,"243":0,"244":0,"245":0,"250":0,"251":0,"252":0},"path":"/home/osboxes/KRWC-G-1/contracts/abstracts/AccessControlUpgradeable.sol","s":{"1":0,"2":0,"3":0,"4":0,"5":0,"6":0,"7":0,"8":0,"9":0,"10":0,"11":0,"12":0,"13":0,"14":0,"15":0,"16":0,"17":0,"18":0,"19":0,"20":0},"b":{"1":[0,0],"2":[0,0],"3":[0,0],"4":[0,0]},"f":{"1":0,"2":0,"3":0,"4":0,"5":0,"6":0,"7":0,"8":0,"9":0,"10":0,"11":0,"12":0,"13":0},"fnMap":{"1":{"name":"__AccessControl_init","line":64,"loc":{"start":{"line":64,"column":4},"end":{"line":66,"column":4}}},"2":{"name":"onlyRole","line":114,"loc":{"start":{"line":114,"column":4},"end":{"line":117,"column":4}}},"3":{"name":"supportsInterface","line":122,"loc":{"start":{"line":122,"column":4},"end":{"line":124,"column":4}}},"4":{"name":"hasRole","line":129,"loc":{"start":{"line":129,"column":4},"end":{"line":131,"column":4}}},"5":{"name":"_checkRole","line":140,"loc":{"start":{"line":140,"column":4},"end":{"line":153,"column":4}}},"6":{"name":"getRoleAdmin","line":161,"loc":{"start":{"line":161,"column":4},"end":{"line":163,"column":4}}},"7":{"name":"grantRole","line":175,"loc":{"start":{"line":175,"column":4},"end":{"line":177,"column":4}}},"8":{"name":"revokeRole","line":188,"loc":{"start":{"line":188,"column":4},"end":{"line":190,"column":4}}},"9":{"name":"renounceRole","line":206,"loc":{"start":{"line":206,"column":4},"end":{"line":210,"column":4}}},"10":{"name":"_setupRole","line":228,"loc":{"start":{"line":228,"column":4},"end":{"line":230,"column":4}}},"11":{"name":"_setRoleAdmin","line":237,"loc":{"start":{"line":237,"column":4},"end":{"line":240,"column":4}}},"12":{"name":"_grantRole","line":242,"loc":{"start":{"line":242,"column":4},"end":{"line":247,"column":4}}},"13":{"name":"_revokeRole","line":249,"loc":{"start":{"line":249,"column":4},"end":{"line":254,"column":4}}}},"statementMap":{"1":{"start":{"line":65,"column":8},"end":{"line":65,"column":32}},"2":{"start":{"line":115,"column":8},"end":{"line":115,"column":37}},"3":{"start":{"line":123,"column":8},"end":{"line":123,"column":113}},"4":{"start":{"line":130,"column":8},"end":{"line":130,"column":44}},"5":{"start":{"line":141,"column":8},"end":{"line":141,"column":5224}},"6":{"start":{"line":142,"column":12},"end":{"line":142,"column":5271}},"7":{"start":{"line":162,"column":8},"end":{"line":162,"column":37}},"8":{"start":{"line":176,"column":8},"end":{"line":176,"column":32}},"9":{"start":{"line":189,"column":8},"end":{"line":189,"column":33}},"10":{"start":{"line":207,"column":8},"end":{"line":207,"column":90}},"11":{"start":{"line":209,"column":8},"end":{"line":209,"column":33}},"12":{"start":{"line":229,"column":8},"end":{"line":229,"column":32}},"13":{"start":{"line":238,"column":8},"end":{"line":238,"column":66}},"14":{"start":{"line":239,"column":8},"end":{"line":239,"column":41}},"15":{"start":{"line":243,"column":8},"end":{"line":243,"column":8505}},"16":{"start":{"line":244,"column":12},"end":{"line":244,"column":47}},"17":{"start":{"line":245,"column":12},"end":{"line":245,"column":57}},"18":{"start":{"line":250,"column":8},"end":{"line":250,"column":8736}},"19":{"start":{"line":251,"column":12},"end":{"line":251,"column":48}},"20":{"start":{"line":252,"column":12},"end":{"line":252,"column":57}}},"branchMap":{"1":{"line":141,"type":"if","locations":[{"start":{"line":141,"column":8},"end":{"line":141,"column":8}},{"start":{"line":141,"column":8},"end":{"line":141,"column":8}}]},"2":{"line":207,"type":"if","locations":[{"start":{"line":207,"column":8},"end":{"line":207,"column":8}},{"start":{"line":207,"column":8},"end":{"line":207,"column":8}}]},"3":{"line":243,"type":"if","locations":[{"start":{"line":243,"column":8},"end":{"line":243,"column":8}},{"start":{"line":243,"column":8},"end":{"line":243,"column":8}}]},"4":{"line":250,"type":"if","locations":[{"start":{"line":250,"column":8},"end":{"line":250,"column":8}},{"start":{"line":250,"column":8},"end":{"line":250,"column":8}}]}}},"contracts/abstracts/ContextUpgradeable.sol":{"l":{"19":0},"path":"/home/osboxes/KRWC-G-1/contracts/abstracts/ContextUpgradeable.sol","s":{"1":0},"b":{},"f":{"1":0},"fnMap":{"1":{"name":"_msgSender","line":18,"loc":{"start":{"line":18,"column":4},"end":{"line":20,"column":4}}}},"statementMap":{"1":{"start":{"line":19,"column":8},"end":{"line":19,"column":25}}},"branchMap":{}},"contracts/abstracts/Convertible.sol":{"l":{"22":0,"30":0,"38":0,"47":0,"48":0,"49":0,"50":0,"54":0,"62":0,"67":0,"72":0,"74":0,"76":0,"84":0,"85":0,"89":0,"90":0,"95":0,"103":0,"106":0,"110":0,"124":0,"125":0,"127":0},"path":"/home/osboxes/KRWC-G-1/contracts/abstracts/Convertible.sol","s":{"1":0,"2":0,"3":0,"4":0,"5":0,"6":0,"7":0,"8":0,"9":0,"10":0,"11":0,"12":0,"13":0,"14":0,"15":0,"16":0,"17":0,"18":0,"19":0,"20":0,"21":0,"22":0,"23":0,"24":0},"b":{"1":[0,0],"2":[0,0],"3":[0,0],"4":[0,0],"5":[0,0]},"f":{"1":0,"2":0,"3":0,"4":0,"5":0,"6":0,"7":0,"8":0,"9":0,"10":0},"fnMap":{"1":{"name":"__Convertible_init_unchained","line":21,"loc":{"start":{"line":19,"column":4},"end":{"line":23,"column":4}}},"2":{"name":"getTokenExchangeDetails","line":25,"loc":{"start":{"line":25,"column":4},"end":{"line":31,"column":4}}},"3":{"name":"getLocked","line":33,"loc":{"start":{"line":33,"column":4},"end":{"line":39,"column":4}}},"4":{"name":"_setTokenExchange","line":41,"loc":{"start":{"line":41,"column":4},"end":{"line":51,"column":4}}},"5":{"name":"lock","line":53,"loc":{"start":{"line":53,"column":4},"end":{"line":55,"column":4}}},"6":{"name":"_lockFrom","line":57,"loc":{"start":{"line":57,"column":4},"end":{"line":77,"column":4}}},"7":{"name":"_release","line":79,"loc":{"start":{"line":79,"column":4},"end":{"line":86,"column":4}}},"8":{"name":"withdraw","line":88,"loc":{"start":{"line":88,"column":4},"end":{"line":96,"column":4}}},"9":{"name":"_calculateConversion","line":98,"loc":{"start":{"line":98,"column":4},"end":{"line":117,"column":4}}},"10":{"name":"_decimalConversionFromBaseToken","line":119,"loc":{"start":{"line":119,"column":4},"end":{"line":129,"column":4}}}},"statementMap":{"1":{"start":{"line":22,"column":8},"end":{"line":22,"column":53}},"2":{"start":{"line":30,"column":8},"end":{"line":30,"column":33}},"3":{"start":{"line":38,"column":8},"end":{"line":38,"column":37}},"4":{"start":{"line":47,"column":8},"end":{"line":47,"column":43}},"5":{"start":{"line":48,"column":8},"end":{"line":48,"column":48}},"6":{"start":{"line":49,"column":8},"end":{"line":49,"column":76}},"7":{"start":{"line":50,"column":8},"end":{"line":50,"column":19}},"8":{"start":{"line":54,"column":8},"end":{"line":54,"column":53}},"9":{"start":{"line":62,"column":8},"end":{"line":62,"column":1809}},"10":{"start":{"line":67,"column":8},"end":{"line":67,"column":1946}},"11":{"start":{"line":72,"column":8},"end":{"line":72,"column":63}},"12":{"start":{"line":74,"column":8},"end":{"line":74,"column":43}},"13":{"start":{"line":76,"column":8},"end":{"line":76,"column":19}},"14":{"start":{"line":84,"column":8},"end":{"line":84,"column":39}},"15":{"start":{"line":85,"column":8},"end":{"line":85,"column":21}},"16":{"start":{"line":89,"column":8},"end":{"line":89,"column":44}},"17":{"start":{"line":90,"column":8},"end":{"line":90,"column":2574}},"18":{"start":{"line":95,"column":8},"end":{"line":95,"column":19}},"19":{"start":{"line":103,"column":8},"end":{"line":103,"column":2867}},"20":{"start":{"line":106,"column":8},"end":{"line":106,"column":2970}},"21":{"start":{"line":110,"column":8},"end":{"line":110,"column":3094}},"22":{"start":{"line":124,"column":8},"end":{"line":124,"column":3547}},"23":{"start":{"line":125,"column":12},"end":{"line":125,"column":76}},"24":{"start":{"line":127,"column":12},"end":{"line":127,"column":76}}},"branchMap":{"1":{"line":62,"type":"if","locations":[{"start":{"line":62,"column":8},"end":{"line":62,"column":8}},{"start":{"line":62,"column":8},"end":{"line":62,"column":8}}]},"2":{"line":67,"type":"if","locations":[{"start":{"line":67,"column":8},"end":{"line":67,"column":8}},{"start":{"line":67,"column":8},"end":{"line":67,"column":8}}]},"3":{"line":90,"type":"if","locations":[{"start":{"line":90,"column":8},"end":{"line":90,"column":8}},{"start":{"line":90,"column":8},"end":{"line":90,"column":8}}]},"4":{"line":106,"type":"if","locations":[{"start":{"line":106,"column":8},"end":{"line":106,"column":8}},{"start":{"line":106,"column":8},"end":{"line":106,"column":8}}]},"5":{"line":124,"type":"if","locations":[{"start":{"line":124,"column":8},"end":{"line":124,"column":8}},{"start":{"line":124,"column":8},"end":{"line":124,"column":8}}]}}},"contracts/abstracts/ERC20Reservable.sol":{"l":{"51":0,"53":0,"54":0,"55":0,"56":0,"57":0,"58":0,"62":0,"66":0,"81":0,"83":0,"84":0,"86":0,"87":0,"89":0,"90":0,"92":0,"94":0,"96":0,"100":0,"102":0,"103":0,"105":0,"107":0,"110":0,"111":0,"112":0,"113":0,"114":0,"116":0,"117":0,"119":0,"120":0,"122":0,"126":0,"128":0,"129":0,"131":0,"133":0,"136":0,"137":0,"139":0,"143":0,"147":0,"148":0,"150":0},"path":"/home/osboxes/KRWC-G-1/contracts/abstracts/ERC20Reservable.sol","s":{"1":0,"2":0,"3":0,"4":0,"5":0,"6":0,"7":0,"8":0,"9":0,"10":0,"11":0,"12":0,"13":0,"14":0,"15":0,"16":0,"17":0,"18":0,"19":0,"20":0,"21":0,"22":0,"23":0,"24":0,"25":0,"26":0,"27":0,"28":0,"29":0,"30":0,"31":0,"32":0,"33":0,"34":0,"35":0,"36":0,"37":0,"38":0,"39":0,"40":0,"41":0,"42":0,"43":0,"44":0,"45":0,"46":0},"b":{"1":[0,0],"2":[0,0],"3":[0,0],"4":[0,0],"5":[0,0],"6":[0,0],"7":[0,0],"8":[0,0],"9":[0,0],"10":[0,0],"11":[0,0],"12":[0,0],"13":[0,0],"14":[0,0]},"f":{"1":0,"2":0,"3":0,"4":0,"5":0,"6":0,"7":0,"8":0},"fnMap":{"1":{"name":"getReservation","line":40,"loc":{"start":{"line":40,"column":4},"end":{"line":59,"column":4}}},"2":{"name":"reservedBalanceOf","line":61,"loc":{"start":{"line":61,"column":4},"end":{"line":63,"column":4}}},"3":{"name":"unreservedBalanceOf","line":65,"loc":{"start":{"line":65,"column":4},"end":{"line":67,"column":4}}},"4":{"name":"reserve","line":69,"loc":{"start":{"line":69,"column":4},"end":{"line":97,"column":4}}},"5":{"name":"execute","line":99,"loc":{"start":{"line":99,"column":4},"end":{"line":123,"column":4}}},"6":{"name":"reclaim","line":125,"loc":{"start":{"line":125,"column":4},"end":{"line":140,"column":4}}},"7":{"name":"_unreservedBalance","line":142,"loc":{"start":{"line":142,"column":4},"end":{"line":144,"column":4}}},"8":{"name":"_beforeTokenTransfer","line":146,"loc":{"start":{"line":146,"column":4},"end":{"line":151,"column":4}}}},"statementMap":{"1":{"start":{"line":51,"column":8},"end":{"line":51,"column":66}},"2":{"start":{"line":53,"column":8},"end":{"line":53,"column":35}},"3":{"start":{"line":54,"column":8},"end":{"line":54,"column":29}},"4":{"start":{"line":55,"column":8},"end":{"line":55,"column":41}},"5":{"start":{"line":56,"column":8},"end":{"line":56,"column":39}},"6":{"start":{"line":57,"column":8},"end":{"line":57,"column":51}},"7":{"start":{"line":58,"column":8},"end":{"line":58,"column":35}},"8":{"start":{"line":62,"column":8},"end":{"line":62,"column":63}},"9":{"start":{"line":66,"column":8},"end":{"line":66,"column":42}},"10":{"start":{"line":81,"column":8},"end":{"line":81,"column":115}},"11":{"start":{"line":83,"column":8},"end":{"line":83,"column":93}},"12":{"start":{"line":84,"column":8},"end":{"line":84,"column":91}},"13":{"start":{"line":86,"column":8},"end":{"line":86,"column":36}},"14":{"start":{"line":87,"column":8},"end":{"line":87,"column":103}},"15":{"start":{"line":89,"column":8},"end":{"line":89,"column":179}},"16":{"start":{"line":90,"column":8},"end":{"line":90,"column":53}},"17":{"start":{"line":92,"column":8},"end":{"line":92,"column":3264}},"18":{"start":{"line":94,"column":8},"end":{"line":94,"column":62}},"19":{"start":{"line":96,"column":8},"end":{"line":96,"column":19}},"20":{"start":{"line":100,"column":8},"end":{"line":100,"column":66}},"21":{"start":{"line":102,"column":8},"end":{"line":102,"column":95}},"22":{"start":{"line":103,"column":8},"end":{"line":103,"column":3800}},"23":{"start":{"line":105,"column":8},"end":{"line":105,"column":3961}},"24":{"start":{"line":107,"column":8},"end":{"line":107,"column":4092}},"25":{"start":{"line":110,"column":8},"end":{"line":110,"column":48}},"26":{"start":{"line":111,"column":8},"end":{"line":111,"column":50}},"27":{"start":{"line":112,"column":8},"end":{"line":112,"column":38}},"28":{"start":{"line":113,"column":8},"end":{"line":113,"column":44}},"29":{"start":{"line":114,"column":8},"end":{"line":114,"column":36}},"30":{"start":{"line":116,"column":8},"end":{"line":116,"column":69}},"31":{"start":{"line":117,"column":8},"end":{"line":117,"column":62}},"32":{"start":{"line":119,"column":8},"end":{"line":119,"column":39}},"33":{"start":{"line":120,"column":8},"end":{"line":120,"column":43}},"34":{"start":{"line":122,"column":8},"end":{"line":122,"column":19}},"35":{"start":{"line":126,"column":8},"end":{"line":126,"column":66}},"36":{"start":{"line":128,"column":8},"end":{"line":128,"column":95}},"37":{"start":{"line":129,"column":8},"end":{"line":129,"column":5005}},"38":{"start":{"line":131,"column":8},"end":{"line":131,"column":5199}},"39":{"start":{"line":133,"column":8},"end":{"line":133,"column":5372}},"40":{"start":{"line":136,"column":8},"end":{"line":136,"column":69}},"41":{"start":{"line":137,"column":8},"end":{"line":137,"column":95}},"42":{"start":{"line":139,"column":8},"end":{"line":139,"column":19}},"43":{"start":{"line":143,"column":8},"end":{"line":143,"column":57}},"44":{"start":{"line":147,"column":8},"end":{"line":147,"column":5926}},"45":{"start":{"line":148,"column":12},"end":{"line":148,"column":117}},"46":{"start":{"line":150,"column":8},"end":{"line":150,"column":51}}},"branchMap":{"1":{"line":81,"type":"if","locations":[{"start":{"line":81,"column":8},"end":{"line":81,"column":8}},{"start":{"line":81,"column":8},"end":{"line":81,"column":8}}]},"2":{"line":83,"type":"if","locations":[{"start":{"line":83,"column":8},"end":{"line":83,"column":8}},{"start":{"line":83,"column":8},"end":{"line":83,"column":8}}]},"3":{"line":84,"type":"if","locations":[{"start":{"line":84,"column":8},"end":{"line":84,"column":8}},{"start":{"line":84,"column":8},"end":{"line":84,"column":8}}]},"4":{"line":87,"type":"if","locations":[{"start":{"line":87,"column":8},"end":{"line":87,"column":8}},{"start":{"line":87,"column":8},"end":{"line":87,"column":8}}]},"5":{"line":102,"type":"if","locations":[{"start":{"line":102,"column":8},"end":{"line":102,"column":8}},{"start":{"line":102,"column":8},"end":{"line":102,"column":8}}]},"6":{"line":103,"type":"if","locations":[{"start":{"line":103,"column":8},"end":{"line":103,"column":8}},{"start":{"line":103,"column":8},"end":{"line":103,"column":8}}]},"7":{"line":105,"type":"if","locations":[{"start":{"line":105,"column":8},"end":{"line":105,"column":8}},{"start":{"line":105,"column":8},"end":{"line":105,"column":8}}]},"8":{"line":107,"type":"if","locations":[{"start":{"line":107,"column":8},"end":{"line":107,"column":8}},{"start":{"line":107,"column":8},"end":{"line":107,"column":8}}]},"9":{"line":128,"type":"if","locations":[{"start":{"line":128,"column":8},"end":{"line":128,"column":8}},{"start":{"line":128,"column":8},"end":{"line":128,"column":8}}]},"10":{"line":129,"type":"if","locations":[{"start":{"line":129,"column":8},"end":{"line":129,"column":8}},{"start":{"line":129,"column":8},"end":{"line":129,"column":8}}]},"11":{"line":131,"type":"if","locations":[{"start":{"line":131,"column":8},"end":{"line":131,"column":8}},{"start":{"line":131,"column":8},"end":{"line":131,"column":8}}]},"12":{"line":133,"type":"if","locations":[{"start":{"line":133,"column":8},"end":{"line":133,"column":8}},{"start":{"line":133,"column":8},"end":{"line":133,"column":8}}]},"13":{"line":147,"type":"if","locations":[{"start":{"line":147,"column":8},"end":{"line":147,"column":8}},{"start":{"line":147,"column":8},"end":{"line":147,"column":8}}]},"14":{"line":148,"type":"if","locations":[{"start":{"line":148,"column":12},"end":{"line":148,"column":12}},{"start":{"line":148,"column":12},"end":{"line":148,"column":12}}]}}},"contracts/abstracts/ERC20Upgradeable.sol":{"l":{"55":0,"59":0,"60":0,"67":0,"75":0,"92":0,"99":0,"106":0,"118":0,"119":0,"126":0,"137":0,"138":0,"159":0,"161":0,"162":0,"164":0,"180":0,"181":0,"199":0,"200":0,"202":0,"224":0,"226":0,"228":0,"229":0,"230":0,"232":0,"234":0,"247":0,"249":0,"251":0,"252":0,"253":0,"255":0,"278":0,"280":0,"281":0},"path":"/home/osboxes/KRWC-G-1/contracts/abstracts/ERC20Upgradeable.sol","s":{"1":0,"2":0,"3":0,"4":0,"5":0,"6":0,"7":0,"8":0,"9":0,"10":0,"11":0,"12":0,"13":0,"14":0,"15":0,"16":0,"17":0,"18":0,"19":0,"20":0,"21":0,"22":0,"23":0,"24":0,"25":0,"26":0,"27":0,"28":0,"29":0,"30":0,"31":0,"32":0,"33":0,"34":0,"35":0,"36":0,"37":0,"38":0},"b":{"1":[0,0],"2":[0,0],"3":[0,0]},"f":{"1":0,"2":0,"3":0,"4":0,"5":0,"6":0,"7":0,"8":0,"9":0,"10":0,"11":0,"12":0,"13":0,"14":0,"15":0,"16":0,"17":0,"18":0},"fnMap":{"1":{"name":"__ERC20_init","line":54,"loc":{"start":{"line":54,"column":4},"end":{"line":56,"column":4}}},"2":{"name":"__ERC20_init_unchained","line":58,"loc":{"start":{"line":58,"column":4},"end":{"line":61,"column":4}}},"3":{"name":"name","line":66,"loc":{"start":{"line":66,"column":4},"end":{"line":68,"column":4}}},"4":{"name":"symbol","line":74,"loc":{"start":{"line":74,"column":4},"end":{"line":76,"column":4}}},"5":{"name":"decimals","line":91,"loc":{"start":{"line":91,"column":4},"end":{"line":93,"column":4}}},"6":{"name":"totalSupply","line":98,"loc":{"start":{"line":98,"column":4},"end":{"line":100,"column":4}}},"7":{"name":"balanceOf","line":105,"loc":{"start":{"line":105,"column":4},"end":{"line":107,"column":4}}},"8":{"name":"transfer","line":117,"loc":{"start":{"line":117,"column":4},"end":{"line":120,"column":4}}},"9":{"name":"allowance","line":125,"loc":{"start":{"line":125,"column":4},"end":{"line":127,"column":4}}},"10":{"name":"approve","line":136,"loc":{"start":{"line":136,"column":4},"end":{"line":139,"column":4}}},"11":{"name":"transferFrom","line":154,"loc":{"start":{"line":154,"column":4},"end":{"line":165,"column":4}}},"12":{"name":"increaseAllowance","line":179,"loc":{"start":{"line":179,"column":4},"end":{"line":182,"column":4}}},"13":{"name":"decreaseAllowance","line":198,"loc":{"start":{"line":198,"column":4},"end":{"line":203,"column":4}}},"14":{"name":"_transfer","line":219,"loc":{"start":{"line":219,"column":4},"end":{"line":235,"column":4}}},"15":{"name":"_mint","line":246,"loc":{"start":{"line":246,"column":4},"end":{"line":256,"column":4}}},"16":{"name":"_approve","line":273,"loc":{"start":{"line":273,"column":4},"end":{"line":282,"column":4}}},"17":{"name":"_beforeTokenTransfer","line":298,"loc":{"start":{"line":298,"column":4},"end":{"line":302,"column":24}}},"18":{"name":"_afterTokenTransfer","line":318,"loc":{"start":{"line":318,"column":4},"end":{"line":322,"column":24}}}},"statementMap":{"1":{"start":{"line":55,"column":8},"end":{"line":55,"column":45}},"2":{"start":{"line":59,"column":8},"end":{"line":59,"column":20}},"3":{"start":{"line":60,"column":8},"end":{"line":60,"column":24}},"4":{"start":{"line":67,"column":8},"end":{"line":67,"column":20}},"5":{"start":{"line":75,"column":8},"end":{"line":75,"column":22}},"6":{"start":{"line":92,"column":8},"end":{"line":92,"column":17}},"7":{"start":{"line":99,"column":8},"end":{"line":99,"column":27}},"8":{"start":{"line":106,"column":8},"end":{"line":106,"column":33}},"9":{"start":{"line":118,"column":8},"end":{"line":118,"column":49}},"10":{"start":{"line":119,"column":8},"end":{"line":119,"column":19}},"11":{"start":{"line":126,"column":8},"end":{"line":126,"column":42}},"12":{"start":{"line":137,"column":8},"end":{"line":137,"column":46}},"13":{"start":{"line":138,"column":8},"end":{"line":138,"column":19}},"14":{"start":{"line":159,"column":8},"end":{"line":159,"column":43}},"15":{"start":{"line":161,"column":8},"end":{"line":161,"column":68}},"16":{"start":{"line":162,"column":8},"end":{"line":162,"column":64}},"17":{"start":{"line":164,"column":8},"end":{"line":164,"column":19}},"18":{"start":{"line":180,"column":8},"end":{"line":180,"column":87}},"19":{"start":{"line":181,"column":8},"end":{"line":181,"column":19}},"20":{"start":{"line":199,"column":8},"end":{"line":199,"column":69}},"21":{"start":{"line":200,"column":8},"end":{"line":200,"column":74}},"22":{"start":{"line":202,"column":8},"end":{"line":202,"column":19}},"23":{"start":{"line":224,"column":8},"end":{"line":224,"column":110}},"24":{"start":{"line":226,"column":8},"end":{"line":226,"column":54}},"25":{"start":{"line":228,"column":8},"end":{"line":228,"column":49}},"26":{"start":{"line":229,"column":8},"end":{"line":229,"column":49}},"27":{"start":{"line":230,"column":8},"end":{"line":230,"column":37}},"28":{"start":{"line":232,"column":8},"end":{"line":232,"column":48}},"29":{"start":{"line":234,"column":8},"end":{"line":234,"column":53}},"30":{"start":{"line":247,"column":8},"end":{"line":247,"column":72}},"31":{"start":{"line":249,"column":8},"end":{"line":249,"column":56}},"32":{"start":{"line":251,"column":8},"end":{"line":251,"column":29}},"33":{"start":{"line":252,"column":8},"end":{"line":252,"column":35}},"34":{"start":{"line":253,"column":8},"end":{"line":253,"column":50}},"35":{"start":{"line":255,"column":8},"end":{"line":255,"column":55}},"36":{"start":{"line":278,"column":8},"end":{"line":278,"column":106}},"37":{"start":{"line":280,"column":8},"end":{"line":280,"column":43}},"38":{"start":{"line":281,"column":8},"end":{"line":281,"column":45}}},"branchMap":{"1":{"line":224,"type":"if","locations":[{"start":{"line":224,"column":8},"end":{"line":224,"column":8}},{"start":{"line":224,"column":8},"end":{"line":224,"column":8}}]},"2":{"line":247,"type":"if","locations":[{"start":{"line":247,"column":8},"end":{"line":247,"column":8}},{"start":{"line":247,"column":8},"end":{"line":247,"column":8}}]},"3":{"line":278,"type":"if","locations":[{"start":{"line":278,"column":8},"end":{"line":278,"column":8}},{"start":{"line":278,"column":8},"end":{"line":278,"column":8}}]}}},"contracts/abstracts/ETHlessTransfer.sol":{"l":{"32":0,"33":0,"58":0,"59":0,"64":0,"66":0,"78":0,"80":0,"81":0,"83":0,"87":0,"91":0,"106":0,"114":0,"116":0},"path":"/home/osboxes/KRWC-G-1/contracts/abstracts/ETHlessTransfer.sol","s":{"1":0,"2":0,"3":0,"4":0,"5":0,"6":0,"7":0,"8":0,"9":0,"10":0,"11":0,"12":0,"13":0,"14":0,"15":0},"b":{"1":[0,0],"2":[0,0]},"f":{"1":0,"2":0,"3":0,"4":0,"5":0},"fnMap":{"1":{"name":"__ERC20ETHless_init_unchained","line":31,"loc":{"start":{"line":28,"column":4},"end":{"line":34,"column":4}}},"2":{"name":"transfer","line":50,"loc":{"start":{"line":50,"column":4},"end":{"line":84,"column":4}}},"3":{"name":"_useNonce","line":86,"loc":{"start":{"line":86,"column":4},"end":{"line":92,"column":4}}},"4":{"name":"_beforeTokenTransfer","line":101,"loc":{"start":{"line":101,"column":4},"end":{"line":107,"column":4}}},"5":{"name":"_collect","line":113,"loc":{"start":{"line":113,"column":4},"end":{"line":117,"column":4}}}},"statementMap":{"1":{"start":{"line":32,"column":8},"end":{"line":32,"column":45}},"2":{"start":{"line":33,"column":8},"end":{"line":33,"column":45}},"3":{"start":{"line":58,"column":8},"end":{"line":58,"column":49}},"4":{"start":{"line":59,"column":8},"end":{"line":59,"column":1898}},"5":{"start":{"line":64,"column":8},"end":{"line":64,"column":31}},"6":{"start":{"line":66,"column":8},"end":{"line":66,"column":2066}},"7":{"start":{"line":78,"column":8},"end":{"line":78,"column":53}},"8":{"start":{"line":80,"column":8},"end":{"line":80,"column":28}},"9":{"start":{"line":81,"column":8},"end":{"line":81,"column":43}},"10":{"start":{"line":83,"column":8},"end":{"line":83,"column":19}},"11":{"start":{"line":87,"column":8},"end":{"line":87,"column":2613}},"12":{"start":{"line":91,"column":8},"end":{"line":91,"column":40}},"13":{"start":{"line":106,"column":8},"end":{"line":106,"column":62}},"14":{"start":{"line":114,"column":8},"end":{"line":114,"column":56}},"15":{"start":{"line":116,"column":8},"end":{"line":116,"column":41}}},"branchMap":{"1":{"line":59,"type":"if","locations":[{"start":{"line":59,"column":8},"end":{"line":59,"column":8}},{"start":{"line":59,"column":8},"end":{"line":59,"column":8}}]},"2":{"line":87,"type":"if","locations":[{"start":{"line":87,"column":8},"end":{"line":87,"column":8}},{"start":{"line":87,"column":8},"end":{"line":87,"column":8}}]}}},"contracts/ERC20Contract.sol":{"l":{"55":0,"56":0,"60":0,"61":0,"68":0,"76":0,"93":0,"100":0,"107":0,"119":0,"120":0,"127":0,"138":0,"139":0,"160":0,"162":0,"163":0,"165":0,"181":0,"182":0,"200":0,"201":0,"203":0,"225":0,"227":0,"229":0,"230":0,"231":0,"233":0,"235":0,"248":0,"250":0,"252":0,"253":0,"254":0,"256":0,"279":0,"281":0,"282":0},"path":"/home/osboxes/KRWC-G-1/contracts/ERC20Contract.sol","s":{"1":0,"2":0,"3":0,"4":0,"5":0,"6":0,"7":0,"8":0,"9":0,"10":0,"11":0,"12":0,"13":0,"14":0,"15":0,"16":0,"17":0,"18":0,"19":0,"20":0,"21":0,"22":0,"23":0,"24":0,"25":0,"26":0,"27":0,"28":0,"29":0,"30":0,"31":0,"32":0,"33":0,"34":0,"35":0,"36":0,"37":0,"38":0,"39":0},"b":{"1":[0,0],"2":[0,0],"3":[0,0]},"f":{"1":0,"2":0,"3":0,"4":0,"5":0,"6":0,"7":0,"8":0,"9":0,"10":0,"11":0,"12":0,"13":0,"14":0,"15":0,"16":0,"17":0,"18":0},"fnMap":{"1":{"name":"initialize","line":54,"loc":{"start":{"line":54,"column":4},"end":{"line":57,"column":4}}},"2":{"name":"__ERC20_init_unchained","line":59,"loc":{"start":{"line":59,"column":4},"end":{"line":62,"column":4}}},"3":{"name":"name","line":67,"loc":{"start":{"line":67,"column":4},"end":{"line":69,"column":4}}},"4":{"name":"symbol","line":75,"loc":{"start":{"line":75,"column":4},"end":{"line":77,"column":4}}},"5":{"name":"decimals","line":92,"loc":{"start":{"line":92,"column":4},"end":{"line":94,"column":4}}},"6":{"name":"totalSupply","line":99,"loc":{"start":{"line":99,"column":4},"end":{"line":101,"column":4}}},"7":{"name":"balanceOf","line":106,"loc":{"start":{"line":106,"column":4},"end":{"line":108,"column":4}}},"8":{"name":"transfer","line":118,"loc":{"start":{"line":118,"column":4},"end":{"line":121,"column":4}}},"9":{"name":"allowance","line":126,"loc":{"start":{"line":126,"column":4},"end":{"line":128,"column":4}}},"10":{"name":"approve","line":137,"loc":{"start":{"line":137,"column":4},"end":{"line":140,"column":4}}},"11":{"name":"transferFrom","line":155,"loc":{"start":{"line":155,"column":4},"end":{"line":166,"column":4}}},"12":{"name":"increaseAllowance","line":180,"loc":{"start":{"line":180,"column":4},"end":{"line":183,"column":4}}},"13":{"name":"decreaseAllowance","line":199,"loc":{"start":{"line":199,"column":4},"end":{"line":204,"column":4}}},"14":{"name":"_transfer","line":220,"loc":{"start":{"line":220,"column":4},"end":{"line":236,"column":4}}},"15":{"name":"_mint","line":247,"loc":{"start":{"line":247,"column":4},"end":{"line":257,"column":4}}},"16":{"name":"_approve","line":274,"loc":{"start":{"line":274,"column":4},"end":{"line":283,"column":4}}},"17":{"name":"_beforeTokenTransfer","line":299,"loc":{"start":{"line":299,"column":4},"end":{"line":303,"column":24}}},"18":{"name":"_afterTokenTransfer","line":319,"loc":{"start":{"line":319,"column":4},"end":{"line":323,"column":24}}}},"statementMap":{"1":{"start":{"line":55,"column":8},"end":{"line":55,"column":45}},"2":{"start":{"line":56,"column":8},"end":{"line":56,"column":34}},"3":{"start":{"line":60,"column":8},"end":{"line":60,"column":20}},"4":{"start":{"line":61,"column":8},"end":{"line":61,"column":24}},"5":{"start":{"line":68,"column":8},"end":{"line":68,"column":20}},"6":{"start":{"line":76,"column":8},"end":{"line":76,"column":22}},"7":{"start":{"line":93,"column":8},"end":{"line":93,"column":16}},"8":{"start":{"line":100,"column":8},"end":{"line":100,"column":27}},"9":{"start":{"line":107,"column":8},"end":{"line":107,"column":33}},"10":{"start":{"line":119,"column":8},"end":{"line":119,"column":49}},"11":{"start":{"line":120,"column":8},"end":{"line":120,"column":19}},"12":{"start":{"line":127,"column":8},"end":{"line":127,"column":42}},"13":{"start":{"line":138,"column":8},"end":{"line":138,"column":46}},"14":{"start":{"line":139,"column":8},"end":{"line":139,"column":19}},"15":{"start":{"line":160,"column":8},"end":{"line":160,"column":43}},"16":{"start":{"line":162,"column":8},"end":{"line":162,"column":68}},"17":{"start":{"line":163,"column":8},"end":{"line":163,"column":64}},"18":{"start":{"line":165,"column":8},"end":{"line":165,"column":19}},"19":{"start":{"line":181,"column":8},"end":{"line":181,"column":87}},"20":{"start":{"line":182,"column":8},"end":{"line":182,"column":19}},"21":{"start":{"line":200,"column":8},"end":{"line":200,"column":69}},"22":{"start":{"line":201,"column":8},"end":{"line":201,"column":74}},"23":{"start":{"line":203,"column":8},"end":{"line":203,"column":19}},"24":{"start":{"line":225,"column":8},"end":{"line":225,"column":110}},"25":{"start":{"line":227,"column":8},"end":{"line":227,"column":54}},"26":{"start":{"line":229,"column":8},"end":{"line":229,"column":49}},"27":{"start":{"line":230,"column":8},"end":{"line":230,"column":49}},"28":{"start":{"line":231,"column":8},"end":{"line":231,"column":37}},"29":{"start":{"line":233,"column":8},"end":{"line":233,"column":48}},"30":{"start":{"line":235,"column":8},"end":{"line":235,"column":53}},"31":{"start":{"line":248,"column":8},"end":{"line":248,"column":72}},"32":{"start":{"line":250,"column":8},"end":{"line":250,"column":56}},"33":{"start":{"line":252,"column":8},"end":{"line":252,"column":29}},"34":{"start":{"line":253,"column":8},"end":{"line":253,"column":35}},"35":{"start":{"line":254,"column":8},"end":{"line":254,"column":50}},"36":{"start":{"line":256,"column":8},"end":{"line":256,"column":55}},"37":{"start":{"line":279,"column":8},"end":{"line":279,"column":106}},"38":{"start":{"line":281,"column":8},"end":{"line":281,"column":43}},"39":{"start":{"line":282,"column":8},"end":{"line":282,"column":45}}},"branchMap":{"1":{"line":225,"type":"if","locations":[{"start":{"line":225,"column":8},"end":{"line":225,"column":8}},{"start":{"line":225,"column":8},"end":{"line":225,"column":8}}]},"2":{"line":248,"type":"if","locations":[{"start":{"line":248,"column":8},"end":{"line":248,"column":8}},{"start":{"line":248,"column":8},"end":{"line":248,"column":8}}]},"3":{"line":279,"type":"if","locations":[{"start":{"line":279,"column":8},"end":{"line":279,"column":8}},{"start":{"line":279,"column":8},"end":{"line":279,"column":8}}]}}},"contracts/Gluwacoin.sol":{"l":{"25":0,"26":0,"27":0,"36":0,"50":0,"58":0,"59":0,"61":0,"62":0,"64":0,"72":0,"76":0,"84":0,"86":0,"87":0,"89":0,"104":0,"105":0},"path":"/home/osboxes/KRWC-G-1/contracts/Gluwacoin.sol","s":{"1":0,"2":0,"3":0,"4":0,"5":0,"6":0,"7":0,"8":0,"9":0,"10":0,"11":0,"12":0,"13":0,"14":0,"15":0,"16":0,"17":0,"18":0},"b":{},"f":{"1":0,"2":0,"3":0,"4":0,"5":0,"6":0,"7":0,"8":0},"fnMap":{"1":{"name":"initialize","line":23,"loc":{"start":{"line":21,"column":4},"end":{"line":28,"column":4}}},"2":{"name":"setTokenExchange","line":35,"loc":{"start":{"line":30,"column":4},"end":{"line":43,"column":4}}},"3":{"name":"lockFrom","line":49,"loc":{"start":{"line":45,"column":4},"end":{"line":51,"column":4}}},"4":{"name":"convertAllFrom","line":55,"loc":{"start":{"line":53,"column":4},"end":{"line":65,"column":4}}},"5":{"name":"convertFrom","line":71,"loc":{"start":{"line":67,"column":4},"end":{"line":73,"column":4}}},"6":{"name":"convert","line":75,"loc":{"start":{"line":75,"column":4},"end":{"line":77,"column":4}}},"7":{"name":"_convert","line":79,"loc":{"start":{"line":79,"column":4},"end":{"line":90,"column":4}}},"8":{"name":"_beforeTokenTransfer","line":99,"loc":{"start":{"line":99,"column":4},"end":{"line":106,"column":4}}}},"statementMap":{"1":{"start":{"line":25,"column":8},"end":{"line":25,"column":52}},"2":{"start":{"line":26,"column":8},"end":{"line":26,"column":47}},"3":{"start":{"line":27,"column":8},"end":{"line":27,"column":51}},"4":{"start":{"line":36,"column":8},"end":{"line":36,"column":1078}},"5":{"start":{"line":50,"column":8},"end":{"line":50,"column":48}},"6":{"start":{"line":58,"column":8},"end":{"line":58,"column":53}},"7":{"start":{"line":59,"column":8},"end":{"line":59,"column":45}},"8":{"start":{"line":61,"column":8},"end":{"line":61,"column":75}},"9":{"start":{"line":62,"column":8},"end":{"line":62,"column":38}},"10":{"start":{"line":64,"column":8},"end":{"line":64,"column":19}},"11":{"start":{"line":72,"column":8},"end":{"line":72,"column":47}},"12":{"start":{"line":76,"column":8},"end":{"line":76,"column":52}},"13":{"start":{"line":84,"column":8},"end":{"line":84,"column":39}},"14":{"start":{"line":86,"column":8},"end":{"line":86,"column":69}},"15":{"start":{"line":87,"column":8},"end":{"line":87,"column":38}},"16":{"start":{"line":89,"column":8},"end":{"line":89,"column":19}},"17":{"start":{"line":104,"column":8},"end":{"line":104,"column":61}},"18":{"start":{"line":105,"column":8},"end":{"line":105,"column":61}}},"branchMap":{}},"contracts/libs/GluwacoinModel.sol":{"l":{},"path":"/home/osboxes/KRWC-G-1/contracts/libs/GluwacoinModel.sol","s":{},"b":{},"f":{},"fnMap":{},"statementMap":{},"branchMap":{}},"contracts/libs/Validate.sol":{"l":{"18":0,"20":0,"21":0,"23":0},"path":"/home/osboxes/KRWC-G-1/contracts/libs/Validate.sol","s":{"1":0,"2":0,"3":0,"4":0},"b":{"1":[0,0]},"f":{"1":0},"fnMap":{"1":{"name":"_validateSignature","line":17,"loc":{"start":{"line":17,"column":4},"end":{"line":24,"column":4}}}},"statementMap":{"1":{"start":{"line":18,"column":8},"end":{"line":18,"column":59}},"2":{"start":{"line":20,"column":8},"end":{"line":20,"column":49}},"3":{"start":{"line":21,"column":8},"end":{"line":21,"column":63}},"4":{"start":{"line":23,"column":8},"end":{"line":23,"column":19}}},"branchMap":{"1":{"line":21,"type":"if","locations":[{"start":{"line":21,"column":8},"end":{"line":21,"column":8}},{"start":{"line":21,"column":8},"end":{"line":21,"column":8}}]}}},"contracts/Migration.sol":{"l":{"8":1,"12":1,"16":1},"path":"/home/osboxes/KRWC-G-1/contracts/Migration.sol","s":{"1":1,"2":1},"b":{"1":[1,0]},"f":{"1":1,"2":1},"fnMap":{"1":{"name":"restricted","line":7,"loc":{"start":{"line":7,"column":2},"end":{"line":13,"column":2}}},"2":{"name":"setCompleted","line":15,"loc":{"start":{"line":15,"column":2},"end":{"line":17,"column":2}}}},"statementMap":{"1":{"start":{"line":8,"column":4},"end":{"line":8,"column":169}},"2":{"start":{"line":16,"column":4},"end":{"line":16,"column":39}}},"branchMap":{"1":{"line":8,"type":"if","locations":[{"start":{"line":8,"column":4},"end":{"line":8,"column":4}},{"start":{"line":8,"column":4},"end":{"line":8,"column":4}}]}}}}