{"contracts/abstracts/console.sol":{"l":{"8":0,"9":0,"10":0,"17":0,"21":0,"25":0,"29":0,"33":0,"37":0,"41":0,"45":0,"49":0,"53":0,"57":0,"61":0,"65":0,"69":0,"73":0,"77":0,"81":0,"85":0,"89":0,"93":0,"97":0,"101":0,"105":0,"109":0,"113":0,"117":0,"121":0,"125":0,"129":0,"133":0,"137":0,"141":0,"145":0,"149":0,"153":0,"157":0,"161":0,"165":0,"169":0,"173":0,"177":0,"181":0,"185":0,"189":0,"193":0,"197":0,"201":0,"205":0,"209":0,"213":0,"217":0,"221":0,"225":0,"229":0,"233":0,"237":0,"241":0,"245":0,"249":0,"253":0,"257":0,"261":0,"265":0,"269":0,"273":0,"277":0,"281":0,"285":0,"289":0,"293":0,"297":0,"301":0,"305":0,"309":0,"313":0,"317":0,"321":0,"325":0,"329":0,"333":0,"337":0,"341":0,"345":0,"349":0,"353":0,"357":0,"361":0,"365":0,"369":0,"373":0,"377":0,"381":0,"385":0,"389":0,"393":0,"397":0,"401":0,"405":0,"409":0,"413":0,"417":0,"421":0,"425":0,"429":0,"433":0,"437":0,"441":0,"445":0,"449":0,"453":0,"457":0,"461":0,"465":0,"469":0,"473":0,"477":0,"481":0,"485":0,"489":0,"493":0,"497":0,"501":0,"505":0,"509":0,"513":0,"517":0,"521":0,"525":0,"529":0,"533":0,"537":0,"541":0,"545":0,"549":0,"553":0,"557":0,"561":0,"565":0,"569":0,"573":0,"577":0,"581":0,"585":0,"589":0,"593":0,"597":0,"601":0,"605":0,"609":0,"613":0,"617":0,"621":0,"625":0,"629":0,"633":0,"637":0,"641":0,"645":0,"649":0,"653":0,"657":0,"661":0,"665":0,"669":0,"673":0,"677":0,"681":0,"685":0,"689":0,"693":0,"697":0,"701":0,"705":0,"709":0,"713":0,"717":0,"721":0,"725":0,"729":0,"733":0,"737":0,"741":0,"745":0,"749":0,"753":0,"757":0,"761":0,"765":0,"769":0,"773":0,"777":0,"781":0,"785":0,"789":0,"793":0,"797":0,"801":0,"805":0,"809":0,"813":0,"817":0,"821":0,"825":0,"829":0,"833":0,"837":0,"841":0,"845":0,"849":0,"853":0,"857":0,"861":0,"865":0,"869":0,"873":0,"877":0,"881":0,"885":0,"889":0,"893":0,"897":0,"901":0,"905":0,"909":0,"913":0,"917":0,"921":0,"925":0,"929":0,"933":0,"937":0,"941":0,"945":0,"949":0,"953":0,"957":0,"961":0,"965":0,"969":0,"973":0,"977":0,"981":0,"985":0,"989":0,"993":0,"997":0,"1001":0,"1005":0,"1009":0,"1013":0,"1017":0,"1021":0,"1025":0,"1029":0,"1033":0,"1037":0,"1041":0,"1045":0,"1049":0,"1053":0,"1057":0,"1061":0,"1065":0,"1069":0,"1073":0,"1077":0,"1081":0,"1085":0,"1089":0,"1093":0,"1097":0,"1101":0,"1105":0,"1109":0,"1113":0,"1117":0,"1121":0,"1125":0,"1129":0,"1133":0,"1137":0,"1141":0,"1145":0,"1149":0,"1153":0,"1157":0,"1161":0,"1165":0,"1169":0,"1173":0,"1177":0,"1181":0,"1185":0,"1189":0,"1193":0,"1197":0,"1201":0,"1205":0,"1209":0,"1213":0,"1217":0,"1221":0,"1225":0,"1229":0,"1233":0,"1237":0,"1241":0,"1245":0,"1249":0,"1253":0,"1257":0,"1261":0,"1265":0,"1269":0,"1273":0,"1277":0,"1281":0,"1285":0,"1289":0,"1293":0,"1297":0,"1301":0,"1305":0,"1309":0,"1313":0,"1317":0,"1321":0,"1325":0,"1329":0,"1333":0,"1337":0,"1341":0,"1345":0,"1349":0,"1353":0,"1357":0,"1361":0,"1365":0,"1369":0,"1373":0,"1377":0,"1381":0,"1385":0,"1389":0,"1393":0,"1397":0,"1401":0,"1405":0,"1409":0,"1413":0,"1417":0,"1421":0,"1425":0,"1429":0,"1433":0,"1437":0,"1441":0,"1445":0,"1449":0,"1453":0,"1457":0,"1461":0,"1465":0,"1469":0,"1473":0,"1477":0,"1481":0,"1485":0,"1489":0,"1493":0,"1497":0,"1501":0,"1505":0,"1509":0,"1513":0,"1517":0,"1521":0,"1525":0,"1529":0},"path":"/home/osboxes/KRWC-G-1/contracts/abstracts/console.sol","s":{"1":0,"2":0,"3":0,"4":0,"5":0,"6":0,"7":0,"8":0,"9":0,"10":0,"11":0,"12":0,"13":0,"14":0,"15":0,"16":0,"17":0,"18":0,"19":0,"20":0,"21":0,"22":0,"23":0,"24":0,"25":0,"26":0,"27":0,"28":0,"29":0,"30":0,"31":0,"32":0,"33":0,"34":0,"35":0,"36":0,"37":0,"38":0,"39":0,"40":0,"41":0,"42":0,"43":0,"44":0,"45":0,"46":0,"47":0,"48":0,"49":0,"50":0,"51":0,"52":0,"53":0,"54":0,"55":0,"56":0,"57":0,"58":0,"59":0,"60":0,"61":0,"62":0,"63":0,"64":0,"65":0,"66":0,"67":0,"68":0,"69":0,"70":0,"71":0,"72":0,"73":0,"74":0,"75":0,"76":0,"77":0,"78":0,"79":0,"80":0,"81":0,"82":0,"83":0,"84":0,"85":0,"86":0,"87":0,"88":0,"89":0,"90":0,"91":0,"92":0,"93":0,"94":0,"95":0,"96":0,"97":0,"98":0,"99":0,"100":0,"101":0,"102":0,"103":0,"104":0,"105":0,"106":0,"107":0,"108":0,"109":0,"110":0,"111":0,"112":0,"113":0,"114":0,"115":0,"116":0,"117":0,"118":0,"119":0,"120":0,"121":0,"122":0,"123":0,"124":0,"125":0,"126":0,"127":0,"128":0,"129":0,"130":0,"131":0,"132":0,"133":0,"134":0,"135":0,"136":0,"137":0,"138":0,"139":0,"140":0,"141":0,"142":0,"143":0,"144":0,"145":0,"146":0,"147":0,"148":0,"149":0,"150":0,"151":0,"152":0,"153":0,"154":0,"155":0,"156":0,"157":0,"158":0,"159":0,"160":0,"161":0,"162":0,"163":0,"164":0,"165":0,"166":0,"167":0,"168":0,"169":0,"170":0,"171":0,"172":0,"173":0,"174":0,"175":0,"176":0,"177":0,"178":0,"179":0,"180":0,"181":0,"182":0,"183":0,"184":0,"185":0,"186":0,"187":0,"188":0,"189":0,"190":0,"191":0,"192":0,"193":0,"194":0,"195":0,"196":0,"197":0,"198":0,"199":0,"200":0,"201":0,"202":0,"203":0,"204":0,"205":0,"206":0,"207":0,"208":0,"209":0,"210":0,"211":0,"212":0,"213":0,"214":0,"215":0,"216":0,"217":0,"218":0,"219":0,"220":0,"221":0,"222":0,"223":0,"224":0,"225":0,"226":0,"227":0,"228":0,"229":0,"230":0,"231":0,"232":0,"233":0,"234":0,"235":0,"236":0,"237":0,"238":0,"239":0,"240":0,"241":0,"242":0,"243":0,"244":0,"245":0,"246":0,"247":0,"248":0,"249":0,"250":0,"251":0,"252":0,"253":0,"254":0,"255":0,"256":0,"257":0,"258":0,"259":0,"260":0,"261":0,"262":0,"263":0,"264":0,"265":0,"266":0,"267":0,"268":0,"269":0,"270":0,"271":0,"272":0,"273":0,"274":0,"275":0,"276":0,"277":0,"278":0,"279":0,"280":0,"281":0,"282":0,"283":0,"284":0,"285":0,"286":0,"287":0,"288":0,"289":0,"290":0,"291":0,"292":0,"293":0,"294":0,"295":0,"296":0,"297":0,"298":0,"299":0,"300":0,"301":0,"302":0,"303":0,"304":0,"305":0,"306":0,"307":0,"308":0,"309":0,"310":0,"311":0,"312":0,"313":0,"314":0,"315":0,"316":0,"317":0,"318":0,"319":0,"320":0,"321":0,"322":0,"323":0,"324":0,"325":0,"326":0,"327":0,"328":0,"329":0,"330":0,"331":0,"332":0,"333":0,"334":0,"335":0,"336":0,"337":0,"338":0,"339":0,"340":0,"341":0,"342":0,"343":0,"344":0,"345":0,"346":0,"347":0,"348":0,"349":0,"350":0,"351":0,"352":0,"353":0,"354":0,"355":0,"356":0,"357":0,"358":0,"359":0,"360":0,"361":0,"362":0,"363":0,"364":0,"365":0,"366":0,"367":0,"368":0,"369":0,"370":0,"371":0,"372":0,"373":0,"374":0,"375":0,"376":0,"377":0,"378":0,"379":0,"380":0,"381":0},"b":{},"f":{"1":0,"2":0,"3":0,"4":0,"5":0,"6":0,"7":0,"8":0,"9":0,"10":0,"11":0,"12":0,"13":0,"14":0,"15":0,"16":0,"17":0,"18":0,"19":0,"20":0,"21":0,"22":0,"23":0,"24":0,"25":0,"26":0,"27":0,"28":0,"29":0,"30":0,"31":0,"32":0,"33":0,"34":0,"35":0,"36":0,"37":0,"38":0,"39":0,"40":0,"41":0,"42":0,"43":0,"44":0,"45":0,"46":0,"47":0,"48":0,"49":0,"50":0,"51":0,"52":0,"53":0,"54":0,"55":0,"56":0,"57":0,"58":0,"59":0,"60":0,"61":0,"62":0,"63":0,"64":0,"65":0,"66":0,"67":0,"68":0,"69":0,"70":0,"71":0,"72":0,"73":0,"74":0,"75":0,"76":0,"77":0,"78":0,"79":0,"80":0,"81":0,"82":0,"83":0,"84":0,"85":0,"86":0,"87":0,"88":0,"89":0,"90":0,"91":0,"92":0,"93":0,"94":0,"95":0,"96":0,"97":0,"98":0,"99":0,"100":0,"101":0,"102":0,"103":0,"104":0,"105":0,"106":0,"107":0,"108":0,"109":0,"110":0,"111":0,"112":0,"113":0,"114":0,"115":0,"116":0,"117":0,"118":0,"119":0,"120":0,"121":0,"122":0,"123":0,"124":0,"125":0,"126":0,"127":0,"128":0,"129":0,"130":0,"131":0,"132":0,"133":0,"134":0,"135":0,"136":0,"137":0,"138":0,"139":0,"140":0,"141":0,"142":0,"143":0,"144":0,"145":0,"146":0,"147":0,"148":0,"149":0,"150":0,"151":0,"152":0,"153":0,"154":0,"155":0,"156":0,"157":0,"158":0,"159":0,"160":0,"161":0,"162":0,"163":0,"164":0,"165":0,"166":0,"167":0,"168":0,"169":0,"170":0,"171":0,"172":0,"173":0,"174":0,"175":0,"176":0,"177":0,"178":0,"179":0,"180":0,"181":0,"182":0,"183":0,"184":0,"185":0,"186":0,"187":0,"188":0,"189":0,"190":0,"191":0,"192":0,"193":0,"194":0,"195":0,"196":0,"197":0,"198":0,"199":0,"200":0,"201":0,"202":0,"203":0,"204":0,"205":0,"206":0,"207":0,"208":0,"209":0,"210":0,"211":0,"212":0,"213":0,"214":0,"215":0,"216":0,"217":0,"218":0,"219":0,"220":0,"221":0,"222":0,"223":0,"224":0,"225":0,"226":0,"227":0,"228":0,"229":0,"230":0,"231":0,"232":0,"233":0,"234":0,"235":0,"236":0,"237":0,"238":0,"239":0,"240":0,"241":0,"242":0,"243":0,"244":0,"245":0,"246":0,"247":0,"248":0,"249":0,"250":0,"251":0,"252":0,"253":0,"254":0,"255":0,"256":0,"257":0,"258":0,"259":0,"260":0,"261":0,"262":0,"263":0,"264":0,"265":0,"266":0,"267":0,"268":0,"269":0,"270":0,"271":0,"272":0,"273":0,"274":0,"275":0,"276":0,"277":0,"278":0,"279":0,"280":0,"281":0,"282":0,"283":0,"284":0,"285":0,"286":0,"287":0,"288":0,"289":0,"290":0,"291":0,"292":0,"293":0,"294":0,"295":0,"296":0,"297":0,"298":0,"299":0,"300":0,"301":0,"302":0,"303":0,"304":0,"305":0,"306":0,"307":0,"308":0,"309":0,"310":0,"311":0,"312":0,"313":0,"314":0,"315":0,"316":0,"317":0,"318":0,"319":0,"320":0,"321":0,"322":0,"323":0,"324":0,"325":0,"326":0,"327":0,"328":0,"329":0,"330":0,"331":0,"332":0,"333":0,"334":0,"335":0,"336":0,"337":0,"338":0,"339":0,"340":0,"341":0,"342":0,"343":0,"344":0,"345":0,"346":0,"347":0,"348":0,"349":0,"350":0,"351":0,"352":0,"353":0,"354":0,"355":0,"356":0,"357":0,"358":0,"359":0,"360":0,"361":0,"362":0,"363":0,"364":0,"365":0,"366":0,"367":0,"368":0,"369":0,"370":0,"371":0,"372":0,"373":0,"374":0,"375":0,"376":0,"377":0,"378":0,"379":0,"380":0},"fnMap":{"1":{"name":"_sendLogPayload","line":7,"loc":{"start":{"line":7,"column":1},"end":{"line":14,"column":1}}},"2":{"name":"log","line":16,"loc":{"start":{"line":16,"column":1},"end":{"line":18,"column":1}}},"3":{"name":"logInt","line":20,"loc":{"start":{"line":20,"column":1},"end":{"line":22,"column":1}}},"4":{"name":"logUint","line":24,"loc":{"start":{"line":24,"column":1},"end":{"line":26,"column":1}}},"5":{"name":"logString","line":28,"loc":{"start":{"line":28,"column":1},"end":{"line":30,"column":1}}},"6":{"name":"logBool","line":32,"loc":{"start":{"line":32,"column":1},"end":{"line":34,"column":1}}},"7":{"name":"logAddress","line":36,"loc":{"start":{"line":36,"column":1},"end":{"line":38,"column":1}}},"8":{"name":"logBytes","line":40,"loc":{"start":{"line":40,"column":1},"end":{"line":42,"column":1}}},"9":{"name":"logBytes1","line":44,"loc":{"start":{"line":44,"column":1},"end":{"line":46,"column":1}}},"10":{"name":"logBytes2","line":48,"loc":{"start":{"line":48,"column":1},"end":{"line":50,"column":1}}},"11":{"name":"logBytes3","line":52,"loc":{"start":{"line":52,"column":1},"end":{"line":54,"column":1}}},"12":{"name":"logBytes4","line":56,"loc":{"start":{"line":56,"column":1},"end":{"line":58,"column":1}}},"13":{"name":"logBytes5","line":60,"loc":{"start":{"line":60,"column":1},"end":{"line":62,"column":1}}},"14":{"name":"logBytes6","line":64,"loc":{"start":{"line":64,"column":1},"end":{"line":66,"column":1}}},"15":{"name":"logBytes7","line":68,"loc":{"start":{"line":68,"column":1},"end":{"line":70,"column":1}}},"16":{"name":"logBytes8","line":72,"loc":{"start":{"line":72,"column":1},"end":{"line":74,"column":1}}},"17":{"name":"logBytes9","line":76,"loc":{"start":{"line":76,"column":1},"end":{"line":78,"column":1}}},"18":{"name":"logBytes10","line":80,"loc":{"start":{"line":80,"column":1},"end":{"line":82,"column":1}}},"19":{"name":"logBytes11","line":84,"loc":{"start":{"line":84,"column":1},"end":{"line":86,"column":1}}},"20":{"name":"logBytes12","line":88,"loc":{"start":{"line":88,"column":1},"end":{"line":90,"column":1}}},"21":{"name":"logBytes13","line":92,"loc":{"start":{"line":92,"column":1},"end":{"line":94,"column":1}}},"22":{"name":"logBytes14","line":96,"loc":{"start":{"line":96,"column":1},"end":{"line":98,"column":1}}},"23":{"name":"logBytes15","line":100,"loc":{"start":{"line":100,"column":1},"end":{"line":102,"column":1}}},"24":{"name":"logBytes16","line":104,"loc":{"start":{"line":104,"column":1},"end":{"line":106,"column":1}}},"25":{"name":"logBytes17","line":108,"loc":{"start":{"line":108,"column":1},"end":{"line":110,"column":1}}},"26":{"name":"logBytes18","line":112,"loc":{"start":{"line":112,"column":1},"end":{"line":114,"column":1}}},"27":{"name":"logBytes19","line":116,"loc":{"start":{"line":116,"column":1},"end":{"line":118,"column":1}}},"28":{"name":"logBytes20","line":120,"loc":{"start":{"line":120,"column":1},"end":{"line":122,"column":1}}},"29":{"name":"logBytes21","line":124,"loc":{"start":{"line":124,"column":1},"end":{"line":126,"column":1}}},"30":{"name":"logBytes22","line":128,"loc":{"start":{"line":128,"column":1},"end":{"line":130,"column":1}}},"31":{"name":"logBytes23","line":132,"loc":{"start":{"line":132,"column":1},"end":{"line":134,"column":1}}},"32":{"name":"logBytes24","line":136,"loc":{"start":{"line":136,"column":1},"end":{"line":138,"column":1}}},"33":{"name":"logBytes25","line":140,"loc":{"start":{"line":140,"column":1},"end":{"line":142,"column":1}}},"34":{"name":"logBytes26","line":144,"loc":{"start":{"line":144,"column":1},"end":{"line":146,"column":1}}},"35":{"name":"logBytes27","line":148,"loc":{"start":{"line":148,"column":1},"end":{"line":150,"column":1}}},"36":{"name":"logBytes28","line":152,"loc":{"start":{"line":152,"column":1},"end":{"line":154,"column":1}}},"37":{"name":"logBytes29","line":156,"loc":{"start":{"line":156,"column":1},"end":{"line":158,"column":1}}},"38":{"name":"logBytes30","line":160,"loc":{"start":{"line":160,"column":1},"end":{"line":162,"column":1}}},"39":{"name":"logBytes31","line":164,"loc":{"start":{"line":164,"column":1},"end":{"line":166,"column":1}}},"40":{"name":"logBytes32","line":168,"loc":{"start":{"line":168,"column":1},"end":{"line":170,"column":1}}},"41":{"name":"log","line":172,"loc":{"start":{"line":172,"column":1},"end":{"line":174,"column":1}}},"42":{"name":"log","line":176,"loc":{"start":{"line":176,"column":1},"end":{"line":178,"column":1}}},"43":{"name":"log","line":180,"loc":{"start":{"line":180,"column":1},"end":{"line":182,"column":1}}},"44":{"name":"log","line":184,"loc":{"start":{"line":184,"column":1},"end":{"line":186,"column":1}}},"45":{"name":"log","line":188,"loc":{"start":{"line":188,"column":1},"end":{"line":190,"column":1}}},"46":{"name":"log","line":192,"loc":{"start":{"line":192,"column":1},"end":{"line":194,"column":1}}},"47":{"name":"log","line":196,"loc":{"start":{"line":196,"column":1},"end":{"line":198,"column":1}}},"48":{"name":"log","line":200,"loc":{"start":{"line":200,"column":1},"end":{"line":202,"column":1}}},"49":{"name":"log","line":204,"loc":{"start":{"line":204,"column":1},"end":{"line":206,"column":1}}},"50":{"name":"log","line":208,"loc":{"start":{"line":208,"column":1},"end":{"line":210,"column":1}}},"51":{"name":"log","line":212,"loc":{"start":{"line":212,"column":1},"end":{"line":214,"column":1}}},"52":{"name":"log","line":216,"loc":{"start":{"line":216,"column":1},"end":{"line":218,"column":1}}},"53":{"name":"log","line":220,"loc":{"start":{"line":220,"column":1},"end":{"line":222,"column":1}}},"54":{"name":"log","line":224,"loc":{"start":{"line":224,"column":1},"end":{"line":226,"column":1}}},"55":{"name":"log","line":228,"loc":{"start":{"line":228,"column":1},"end":{"line":230,"column":1}}},"56":{"name":"log","line":232,"loc":{"start":{"line":232,"column":1},"end":{"line":234,"column":1}}},"57":{"name":"log","line":236,"loc":{"start":{"line":236,"column":1},"end":{"line":238,"column":1}}},"58":{"name":"log","line":240,"loc":{"start":{"line":240,"column":1},"end":{"line":242,"column":1}}},"59":{"name":"log","line":244,"loc":{"start":{"line":244,"column":1},"end":{"line":246,"column":1}}},"60":{"name":"log","line":248,"loc":{"start":{"line":248,"column":1},"end":{"line":250,"column":1}}},"61":{"name":"log","line":252,"loc":{"start":{"line":252,"column":1},"end":{"line":254,"column":1}}},"62":{"name":"log","line":256,"loc":{"start":{"line":256,"column":1},"end":{"line":258,"column":1}}},"63":{"name":"log","line":260,"loc":{"start":{"line":260,"column":1},"end":{"line":262,"column":1}}},"64":{"name":"log","line":264,"loc":{"start":{"line":264,"column":1},"end":{"line":266,"column":1}}},"65":{"name":"log","line":268,"loc":{"start":{"line":268,"column":1},"end":{"line":270,"column":1}}},"66":{"name":"log","line":272,"loc":{"start":{"line":272,"column":1},"end":{"line":274,"column":1}}},"67":{"name":"log","line":276,"loc":{"start":{"line":276,"column":1},"end":{"line":278,"column":1}}},"68":{"name":"log","line":280,"loc":{"start":{"line":280,"column":1},"end":{"line":282,"column":1}}},"69":{"name":"log","line":284,"loc":{"start":{"line":284,"column":1},"end":{"line":286,"column":1}}},"70":{"name":"log","line":288,"loc":{"start":{"line":288,"column":1},"end":{"line":290,"column":1}}},"71":{"name":"log","line":292,"loc":{"start":{"line":292,"column":1},"end":{"line":294,"column":1}}},"72":{"name":"log","line":296,"loc":{"start":{"line":296,"column":1},"end":{"line":298,"column":1}}},"73":{"name":"log","line":300,"loc":{"start":{"line":300,"column":1},"end":{"line":302,"column":1}}},"74":{"name":"log","line":304,"loc":{"start":{"line":304,"column":1},"end":{"line":306,"column":1}}},"75":{"name":"log","line":308,"loc":{"start":{"line":308,"column":1},"end":{"line":310,"column":1}}},"76":{"name":"log","line":312,"loc":{"start":{"line":312,"column":1},"end":{"line":314,"column":1}}},"77":{"name":"log","line":316,"loc":{"start":{"line":316,"column":1},"end":{"line":318,"column":1}}},"78":{"name":"log","line":320,"loc":{"start":{"line":320,"column":1},"end":{"line":322,"column":1}}},"79":{"name":"log","line":324,"loc":{"start":{"line":324,"column":1},"end":{"line":326,"column":1}}},"80":{"name":"log","line":328,"loc":{"start":{"line":328,"column":1},"end":{"line":330,"column":1}}},"81":{"name":"log","line":332,"loc":{"start":{"line":332,"column":1},"end":{"line":334,"column":1}}},"82":{"name":"log","line":336,"loc":{"start":{"line":336,"column":1},"end":{"line":338,"column":1}}},"83":{"name":"log","line":340,"loc":{"start":{"line":340,"column":1},"end":{"line":342,"column":1}}},"84":{"name":"log","line":344,"loc":{"start":{"line":344,"column":1},"end":{"line":346,"column":1}}},"85":{"name":"log","line":348,"loc":{"start":{"line":348,"column":1},"end":{"line":350,"column":1}}},"86":{"name":"log","line":352,"loc":{"start":{"line":352,"column":1},"end":{"line":354,"column":1}}},"87":{"name":"log","line":356,"loc":{"start":{"line":356,"column":1},"end":{"line":358,"column":1}}},"88":{"name":"log","line":360,"loc":{"start":{"line":360,"column":1},"end":{"line":362,"column":1}}},"89":{"name":"log","line":364,"loc":{"start":{"line":364,"column":1},"end":{"line":366,"column":1}}},"90":{"name":"log","line":368,"loc":{"start":{"line":368,"column":1},"end":{"line":370,"column":1}}},"91":{"name":"log","line":372,"loc":{"start":{"line":372,"column":1},"end":{"line":374,"column":1}}},"92":{"name":"log","line":376,"loc":{"start":{"line":376,"column":1},"end":{"line":378,"column":1}}},"93":{"name":"log","line":380,"loc":{"start":{"line":380,"column":1},"end":{"line":382,"column":1}}},"94":{"name":"log","line":384,"loc":{"start":{"line":384,"column":1},"end":{"line":386,"column":1}}},"95":{"name":"log","line":388,"loc":{"start":{"line":388,"column":1},"end":{"line":390,"column":1}}},"96":{"name":"log","line":392,"loc":{"start":{"line":392,"column":1},"end":{"line":394,"column":1}}},"97":{"name":"log","line":396,"loc":{"start":{"line":396,"column":1},"end":{"line":398,"column":1}}},"98":{"name":"log","line":400,"loc":{"start":{"line":400,"column":1},"end":{"line":402,"column":1}}},"99":{"name":"log","line":404,"loc":{"start":{"line":404,"column":1},"end":{"line":406,"column":1}}},"100":{"name":"log","line":408,"loc":{"start":{"line":408,"column":1},"end":{"line":410,"column":1}}},"101":{"name":"log","line":412,"loc":{"start":{"line":412,"column":1},"end":{"line":414,"column":1}}},"102":{"name":"log","line":416,"loc":{"start":{"line":416,"column":1},"end":{"line":418,"column":1}}},"103":{"name":"log","line":420,"loc":{"start":{"line":420,"column":1},"end":{"line":422,"column":1}}},"104":{"name":"log","line":424,"loc":{"start":{"line":424,"column":1},"end":{"line":426,"column":1}}},"105":{"name":"log","line":428,"loc":{"start":{"line":428,"column":1},"end":{"line":430,"column":1}}},"106":{"name":"log","line":432,"loc":{"start":{"line":432,"column":1},"end":{"line":434,"column":1}}},"107":{"name":"log","line":436,"loc":{"start":{"line":436,"column":1},"end":{"line":438,"column":1}}},"108":{"name":"log","line":440,"loc":{"start":{"line":440,"column":1},"end":{"line":442,"column":1}}},"109":{"name":"log","line":444,"loc":{"start":{"line":444,"column":1},"end":{"line":446,"column":1}}},"110":{"name":"log","line":448,"loc":{"start":{"line":448,"column":1},"end":{"line":450,"column":1}}},"111":{"name":"log","line":452,"loc":{"start":{"line":452,"column":1},"end":{"line":454,"column":1}}},"112":{"name":"log","line":456,"loc":{"start":{"line":456,"column":1},"end":{"line":458,"column":1}}},"113":{"name":"log","line":460,"loc":{"start":{"line":460,"column":1},"end":{"line":462,"column":1}}},"114":{"name":"log","line":464,"loc":{"start":{"line":464,"column":1},"end":{"line":466,"column":1}}},"115":{"name":"log","line":468,"loc":{"start":{"line":468,"column":1},"end":{"line":470,"column":1}}},"116":{"name":"log","line":472,"loc":{"start":{"line":472,"column":1},"end":{"line":474,"column":1}}},"117":{"name":"log","line":476,"loc":{"start":{"line":476,"column":1},"end":{"line":478,"column":1}}},"118":{"name":"log","line":480,"loc":{"start":{"line":480,"column":1},"end":{"line":482,"column":1}}},"119":{"name":"log","line":484,"loc":{"start":{"line":484,"column":1},"end":{"line":486,"column":1}}},"120":{"name":"log","line":488,"loc":{"start":{"line":488,"column":1},"end":{"line":490,"column":1}}},"121":{"name":"log","line":492,"loc":{"start":{"line":492,"column":1},"end":{"line":494,"column":1}}},"122":{"name":"log","line":496,"loc":{"start":{"line":496,"column":1},"end":{"line":498,"column":1}}},"123":{"name":"log","line":500,"loc":{"start":{"line":500,"column":1},"end":{"line":502,"column":1}}},"124":{"name":"log","line":504,"loc":{"start":{"line":504,"column":1},"end":{"line":506,"column":1}}},"125":{"name":"log","line":508,"loc":{"start":{"line":508,"column":1},"end":{"line":510,"column":1}}},"126":{"name":"log","line":512,"loc":{"start":{"line":512,"column":1},"end":{"line":514,"column":1}}},"127":{"name":"log","line":516,"loc":{"start":{"line":516,"column":1},"end":{"line":518,"column":1}}},"128":{"name":"log","line":520,"loc":{"start":{"line":520,"column":1},"end":{"line":522,"column":1}}},"129":{"name":"log","line":524,"loc":{"start":{"line":524,"column":1},"end":{"line":526,"column":1}}},"130":{"name":"log","line":528,"loc":{"start":{"line":528,"column":1},"end":{"line":530,"column":1}}},"131":{"name":"log","line":532,"loc":{"start":{"line":532,"column":1},"end":{"line":534,"column":1}}},"132":{"name":"log","line":536,"loc":{"start":{"line":536,"column":1},"end":{"line":538,"column":1}}},"133":{"name":"log","line":540,"loc":{"start":{"line":540,"column":1},"end":{"line":542,"column":1}}},"134":{"name":"log","line":544,"loc":{"start":{"line":544,"column":1},"end":{"line":546,"column":1}}},"135":{"name":"log","line":548,"loc":{"start":{"line":548,"column":1},"end":{"line":550,"column":1}}},"136":{"name":"log","line":552,"loc":{"start":{"line":552,"column":1},"end":{"line":554,"column":1}}},"137":{"name":"log","line":556,"loc":{"start":{"line":556,"column":1},"end":{"line":558,"column":1}}},"138":{"name":"log","line":560,"loc":{"start":{"line":560,"column":1},"end":{"line":562,"column":1}}},"139":{"name":"log","line":564,"loc":{"start":{"line":564,"column":1},"end":{"line":566,"column":1}}},"140":{"name":"log","line":568,"loc":{"start":{"line":568,"column":1},"end":{"line":570,"column":1}}},"141":{"name":"log","line":572,"loc":{"start":{"line":572,"column":1},"end":{"line":574,"column":1}}},"142":{"name":"log","line":576,"loc":{"start":{"line":576,"column":1},"end":{"line":578,"column":1}}},"143":{"name":"log","line":580,"loc":{"start":{"line":580,"column":1},"end":{"line":582,"column":1}}},"144":{"name":"log","line":584,"loc":{"start":{"line":584,"column":1},"end":{"line":586,"column":1}}},"145":{"name":"log","line":588,"loc":{"start":{"line":588,"column":1},"end":{"line":590,"column":1}}},"146":{"name":"log","line":592,"loc":{"start":{"line":592,"column":1},"end":{"line":594,"column":1}}},"147":{"name":"log","line":596,"loc":{"start":{"line":596,"column":1},"end":{"line":598,"column":1}}},"148":{"name":"log","line":600,"loc":{"start":{"line":600,"column":1},"end":{"line":602,"column":1}}},"149":{"name":"log","line":604,"loc":{"start":{"line":604,"column":1},"end":{"line":606,"column":1}}},"150":{"name":"log","line":608,"loc":{"start":{"line":608,"column":1},"end":{"line":610,"column":1}}},"151":{"name":"log","line":612,"loc":{"start":{"line":612,"column":1},"end":{"line":614,"column":1}}},"152":{"name":"log","line":616,"loc":{"start":{"line":616,"column":1},"end":{"line":618,"column":1}}},"153":{"name":"log","line":620,"loc":{"start":{"line":620,"column":1},"end":{"line":622,"column":1}}},"154":{"name":"log","line":624,"loc":{"start":{"line":624,"column":1},"end":{"line":626,"column":1}}},"155":{"name":"log","line":628,"loc":{"start":{"line":628,"column":1},"end":{"line":630,"column":1}}},"156":{"name":"log","line":632,"loc":{"start":{"line":632,"column":1},"end":{"line":634,"column":1}}},"157":{"name":"log","line":636,"loc":{"start":{"line":636,"column":1},"end":{"line":638,"column":1}}},"158":{"name":"log","line":640,"loc":{"start":{"line":640,"column":1},"end":{"line":642,"column":1}}},"159":{"name":"log","line":644,"loc":{"start":{"line":644,"column":1},"end":{"line":646,"column":1}}},"160":{"name":"log","line":648,"loc":{"start":{"line":648,"column":1},"end":{"line":650,"column":1}}},"161":{"name":"log","line":652,"loc":{"start":{"line":652,"column":1},"end":{"line":654,"column":1}}},"162":{"name":"log","line":656,"loc":{"start":{"line":656,"column":1},"end":{"line":658,"column":1}}},"163":{"name":"log","line":660,"loc":{"start":{"line":660,"column":1},"end":{"line":662,"column":1}}},"164":{"name":"log","line":664,"loc":{"start":{"line":664,"column":1},"end":{"line":666,"column":1}}},"165":{"name":"log","line":668,"loc":{"start":{"line":668,"column":1},"end":{"line":670,"column":1}}},"166":{"name":"log","line":672,"loc":{"start":{"line":672,"column":1},"end":{"line":674,"column":1}}},"167":{"name":"log","line":676,"loc":{"start":{"line":676,"column":1},"end":{"line":678,"column":1}}},"168":{"name":"log","line":680,"loc":{"start":{"line":680,"column":1},"end":{"line":682,"column":1}}},"169":{"name":"log","line":684,"loc":{"start":{"line":684,"column":1},"end":{"line":686,"column":1}}},"170":{"name":"log","line":688,"loc":{"start":{"line":688,"column":1},"end":{"line":690,"column":1}}},"171":{"name":"log","line":692,"loc":{"start":{"line":692,"column":1},"end":{"line":694,"column":1}}},"172":{"name":"log","line":696,"loc":{"start":{"line":696,"column":1},"end":{"line":698,"column":1}}},"173":{"name":"log","line":700,"loc":{"start":{"line":700,"column":1},"end":{"line":702,"column":1}}},"174":{"name":"log","line":704,"loc":{"start":{"line":704,"column":1},"end":{"line":706,"column":1}}},"175":{"name":"log","line":708,"loc":{"start":{"line":708,"column":1},"end":{"line":710,"column":1}}},"176":{"name":"log","line":712,"loc":{"start":{"line":712,"column":1},"end":{"line":714,"column":1}}},"177":{"name":"log","line":716,"loc":{"start":{"line":716,"column":1},"end":{"line":718,"column":1}}},"178":{"name":"log","line":720,"loc":{"start":{"line":720,"column":1},"end":{"line":722,"column":1}}},"179":{"name":"log","line":724,"loc":{"start":{"line":724,"column":1},"end":{"line":726,"column":1}}},"180":{"name":"log","line":728,"loc":{"start":{"line":728,"column":1},"end":{"line":730,"column":1}}},"181":{"name":"log","line":732,"loc":{"start":{"line":732,"column":1},"end":{"line":734,"column":1}}},"182":{"name":"log","line":736,"loc":{"start":{"line":736,"column":1},"end":{"line":738,"column":1}}},"183":{"name":"log","line":740,"loc":{"start":{"line":740,"column":1},"end":{"line":742,"column":1}}},"184":{"name":"log","line":744,"loc":{"start":{"line":744,"column":1},"end":{"line":746,"column":1}}},"185":{"name":"log","line":748,"loc":{"start":{"line":748,"column":1},"end":{"line":750,"column":1}}},"186":{"name":"log","line":752,"loc":{"start":{"line":752,"column":1},"end":{"line":754,"column":1}}},"187":{"name":"log","line":756,"loc":{"start":{"line":756,"column":1},"end":{"line":758,"column":1}}},"188":{"name":"log","line":760,"loc":{"start":{"line":760,"column":1},"end":{"line":762,"column":1}}},"189":{"name":"log","line":764,"loc":{"start":{"line":764,"column":1},"end":{"line":766,"column":1}}},"190":{"name":"log","line":768,"loc":{"start":{"line":768,"column":1},"end":{"line":770,"column":1}}},"191":{"name":"log","line":772,"loc":{"start":{"line":772,"column":1},"end":{"line":774,"column":1}}},"192":{"name":"log","line":776,"loc":{"start":{"line":776,"column":1},"end":{"line":778,"column":1}}},"193":{"name":"log","line":780,"loc":{"start":{"line":780,"column":1},"end":{"line":782,"column":1}}},"194":{"name":"log","line":784,"loc":{"start":{"line":784,"column":1},"end":{"line":786,"column":1}}},"195":{"name":"log","line":788,"loc":{"start":{"line":788,"column":1},"end":{"line":790,"column":1}}},"196":{"name":"log","line":792,"loc":{"start":{"line":792,"column":1},"end":{"line":794,"column":1}}},"197":{"name":"log","line":796,"loc":{"start":{"line":796,"column":1},"end":{"line":798,"column":1}}},"198":{"name":"log","line":800,"loc":{"start":{"line":800,"column":1},"end":{"line":802,"column":1}}},"199":{"name":"log","line":804,"loc":{"start":{"line":804,"column":1},"end":{"line":806,"column":1}}},"200":{"name":"log","line":808,"loc":{"start":{"line":808,"column":1},"end":{"line":810,"column":1}}},"201":{"name":"log","line":812,"loc":{"start":{"line":812,"column":1},"end":{"line":814,"column":1}}},"202":{"name":"log","line":816,"loc":{"start":{"line":816,"column":1},"end":{"line":818,"column":1}}},"203":{"name":"log","line":820,"loc":{"start":{"line":820,"column":1},"end":{"line":822,"column":1}}},"204":{"name":"log","line":824,"loc":{"start":{"line":824,"column":1},"end":{"line":826,"column":1}}},"205":{"name":"log","line":828,"loc":{"start":{"line":828,"column":1},"end":{"line":830,"column":1}}},"206":{"name":"log","line":832,"loc":{"start":{"line":832,"column":1},"end":{"line":834,"column":1}}},"207":{"name":"log","line":836,"loc":{"start":{"line":836,"column":1},"end":{"line":838,"column":1}}},"208":{"name":"log","line":840,"loc":{"start":{"line":840,"column":1},"end":{"line":842,"column":1}}},"209":{"name":"log","line":844,"loc":{"start":{"line":844,"column":1},"end":{"line":846,"column":1}}},"210":{"name":"log","line":848,"loc":{"start":{"line":848,"column":1},"end":{"line":850,"column":1}}},"211":{"name":"log","line":852,"loc":{"start":{"line":852,"column":1},"end":{"line":854,"column":1}}},"212":{"name":"log","line":856,"loc":{"start":{"line":856,"column":1},"end":{"line":858,"column":1}}},"213":{"name":"log","line":860,"loc":{"start":{"line":860,"column":1},"end":{"line":862,"column":1}}},"214":{"name":"log","line":864,"loc":{"start":{"line":864,"column":1},"end":{"line":866,"column":1}}},"215":{"name":"log","line":868,"loc":{"start":{"line":868,"column":1},"end":{"line":870,"column":1}}},"216":{"name":"log","line":872,"loc":{"start":{"line":872,"column":1},"end":{"line":874,"column":1}}},"217":{"name":"log","line":876,"loc":{"start":{"line":876,"column":1},"end":{"line":878,"column":1}}},"218":{"name":"log","line":880,"loc":{"start":{"line":880,"column":1},"end":{"line":882,"column":1}}},"219":{"name":"log","line":884,"loc":{"start":{"line":884,"column":1},"end":{"line":886,"column":1}}},"220":{"name":"log","line":888,"loc":{"start":{"line":888,"column":1},"end":{"line":890,"column":1}}},"221":{"name":"log","line":892,"loc":{"start":{"line":892,"column":1},"end":{"line":894,"column":1}}},"222":{"name":"log","line":896,"loc":{"start":{"line":896,"column":1},"end":{"line":898,"column":1}}},"223":{"name":"log","line":900,"loc":{"start":{"line":900,"column":1},"end":{"line":902,"column":1}}},"224":{"name":"log","line":904,"loc":{"start":{"line":904,"column":1},"end":{"line":906,"column":1}}},"225":{"name":"log","line":908,"loc":{"start":{"line":908,"column":1},"end":{"line":910,"column":1}}},"226":{"name":"log","line":912,"loc":{"start":{"line":912,"column":1},"end":{"line":914,"column":1}}},"227":{"name":"log","line":916,"loc":{"start":{"line":916,"column":1},"end":{"line":918,"column":1}}},"228":{"name":"log","line":920,"loc":{"start":{"line":920,"column":1},"end":{"line":922,"column":1}}},"229":{"name":"log","line":924,"loc":{"start":{"line":924,"column":1},"end":{"line":926,"column":1}}},"230":{"name":"log","line":928,"loc":{"start":{"line":928,"column":1},"end":{"line":930,"column":1}}},"231":{"name":"log","line":932,"loc":{"start":{"line":932,"column":1},"end":{"line":934,"column":1}}},"232":{"name":"log","line":936,"loc":{"start":{"line":936,"column":1},"end":{"line":938,"column":1}}},"233":{"name":"log","line":940,"loc":{"start":{"line":940,"column":1},"end":{"line":942,"column":1}}},"234":{"name":"log","line":944,"loc":{"start":{"line":944,"column":1},"end":{"line":946,"column":1}}},"235":{"name":"log","line":948,"loc":{"start":{"line":948,"column":1},"end":{"line":950,"column":1}}},"236":{"name":"log","line":952,"loc":{"start":{"line":952,"column":1},"end":{"line":954,"column":1}}},"237":{"name":"log","line":956,"loc":{"start":{"line":956,"column":1},"end":{"line":958,"column":1}}},"238":{"name":"log","line":960,"loc":{"start":{"line":960,"column":1},"end":{"line":962,"column":1}}},"239":{"name":"log","line":964,"loc":{"start":{"line":964,"column":1},"end":{"line":966,"column":1}}},"240":{"name":"log","line":968,"loc":{"start":{"line":968,"column":1},"end":{"line":970,"column":1}}},"241":{"name":"log","line":972,"loc":{"start":{"line":972,"column":1},"end":{"line":974,"column":1}}},"242":{"name":"log","line":976,"loc":{"start":{"line":976,"column":1},"end":{"line":978,"column":1}}},"243":{"name":"log","line":980,"loc":{"start":{"line":980,"column":1},"end":{"line":982,"column":1}}},"244":{"name":"log","line":984,"loc":{"start":{"line":984,"column":1},"end":{"line":986,"column":1}}},"245":{"name":"log","line":988,"loc":{"start":{"line":988,"column":1},"end":{"line":990,"column":1}}},"246":{"name":"log","line":992,"loc":{"start":{"line":992,"column":1},"end":{"line":994,"column":1}}},"247":{"name":"log","line":996,"loc":{"start":{"line":996,"column":1},"end":{"line":998,"column":1}}},"248":{"name":"log","line":1000,"loc":{"start":{"line":1000,"column":1},"end":{"line":1002,"column":1}}},"249":{"name":"log","line":1004,"loc":{"start":{"line":1004,"column":1},"end":{"line":1006,"column":1}}},"250":{"name":"log","line":1008,"loc":{"start":{"line":1008,"column":1},"end":{"line":1010,"column":1}}},"251":{"name":"log","line":1012,"loc":{"start":{"line":1012,"column":1},"end":{"line":1014,"column":1}}},"252":{"name":"log","line":1016,"loc":{"start":{"line":1016,"column":1},"end":{"line":1018,"column":1}}},"253":{"name":"log","line":1020,"loc":{"start":{"line":1020,"column":1},"end":{"line":1022,"column":1}}},"254":{"name":"log","line":1024,"loc":{"start":{"line":1024,"column":1},"end":{"line":1026,"column":1}}},"255":{"name":"log","line":1028,"loc":{"start":{"line":1028,"column":1},"end":{"line":1030,"column":1}}},"256":{"name":"log","line":1032,"loc":{"start":{"line":1032,"column":1},"end":{"line":1034,"column":1}}},"257":{"name":"log","line":1036,"loc":{"start":{"line":1036,"column":1},"end":{"line":1038,"column":1}}},"258":{"name":"log","line":1040,"loc":{"start":{"line":1040,"column":1},"end":{"line":1042,"column":1}}},"259":{"name":"log","line":1044,"loc":{"start":{"line":1044,"column":1},"end":{"line":1046,"column":1}}},"260":{"name":"log","line":1048,"loc":{"start":{"line":1048,"column":1},"end":{"line":1050,"column":1}}},"261":{"name":"log","line":1052,"loc":{"start":{"line":1052,"column":1},"end":{"line":1054,"column":1}}},"262":{"name":"log","line":1056,"loc":{"start":{"line":1056,"column":1},"end":{"line":1058,"column":1}}},"263":{"name":"log","line":1060,"loc":{"start":{"line":1060,"column":1},"end":{"line":1062,"column":1}}},"264":{"name":"log","line":1064,"loc":{"start":{"line":1064,"column":1},"end":{"line":1066,"column":1}}},"265":{"name":"log","line":1068,"loc":{"start":{"line":1068,"column":1},"end":{"line":1070,"column":1}}},"266":{"name":"log","line":1072,"loc":{"start":{"line":1072,"column":1},"end":{"line":1074,"column":1}}},"267":{"name":"log","line":1076,"loc":{"start":{"line":1076,"column":1},"end":{"line":1078,"column":1}}},"268":{"name":"log","line":1080,"loc":{"start":{"line":1080,"column":1},"end":{"line":1082,"column":1}}},"269":{"name":"log","line":1084,"loc":{"start":{"line":1084,"column":1},"end":{"line":1086,"column":1}}},"270":{"name":"log","line":1088,"loc":{"start":{"line":1088,"column":1},"end":{"line":1090,"column":1}}},"271":{"name":"log","line":1092,"loc":{"start":{"line":1092,"column":1},"end":{"line":1094,"column":1}}},"272":{"name":"log","line":1096,"loc":{"start":{"line":1096,"column":1},"end":{"line":1098,"column":1}}},"273":{"name":"log","line":1100,"loc":{"start":{"line":1100,"column":1},"end":{"line":1102,"column":1}}},"274":{"name":"log","line":1104,"loc":{"start":{"line":1104,"column":1},"end":{"line":1106,"column":1}}},"275":{"name":"log","line":1108,"loc":{"start":{"line":1108,"column":1},"end":{"line":1110,"column":1}}},"276":{"name":"log","line":1112,"loc":{"start":{"line":1112,"column":1},"end":{"line":1114,"column":1}}},"277":{"name":"log","line":1116,"loc":{"start":{"line":1116,"column":1},"end":{"line":1118,"column":1}}},"278":{"name":"log","line":1120,"loc":{"start":{"line":1120,"column":1},"end":{"line":1122,"column":1}}},"279":{"name":"log","line":1124,"loc":{"start":{"line":1124,"column":1},"end":{"line":1126,"column":1}}},"280":{"name":"log","line":1128,"loc":{"start":{"line":1128,"column":1},"end":{"line":1130,"column":1}}},"281":{"name":"log","line":1132,"loc":{"start":{"line":1132,"column":1},"end":{"line":1134,"column":1}}},"282":{"name":"log","line":1136,"loc":{"start":{"line":1136,"column":1},"end":{"line":1138,"column":1}}},"283":{"name":"log","line":1140,"loc":{"start":{"line":1140,"column":1},"end":{"line":1142,"column":1}}},"284":{"name":"log","line":1144,"loc":{"start":{"line":1144,"column":1},"end":{"line":1146,"column":1}}},"285":{"name":"log","line":1148,"loc":{"start":{"line":1148,"column":1},"end":{"line":1150,"column":1}}},"286":{"name":"log","line":1152,"loc":{"start":{"line":1152,"column":1},"end":{"line":1154,"column":1}}},"287":{"name":"log","line":1156,"loc":{"start":{"line":1156,"column":1},"end":{"line":1158,"column":1}}},"288":{"name":"log","line":1160,"loc":{"start":{"line":1160,"column":1},"end":{"line":1162,"column":1}}},"289":{"name":"log","line":1164,"loc":{"start":{"line":1164,"column":1},"end":{"line":1166,"column":1}}},"290":{"name":"log","line":1168,"loc":{"start":{"line":1168,"column":1},"end":{"line":1170,"column":1}}},"291":{"name":"log","line":1172,"loc":{"start":{"line":1172,"column":1},"end":{"line":1174,"column":1}}},"292":{"name":"log","line":1176,"loc":{"start":{"line":1176,"column":1},"end":{"line":1178,"column":1}}},"293":{"name":"log","line":1180,"loc":{"start":{"line":1180,"column":1},"end":{"line":1182,"column":1}}},"294":{"name":"log","line":1184,"loc":{"start":{"line":1184,"column":1},"end":{"line":1186,"column":1}}},"295":{"name":"log","line":1188,"loc":{"start":{"line":1188,"column":1},"end":{"line":1190,"column":1}}},"296":{"name":"log","line":1192,"loc":{"start":{"line":1192,"column":1},"end":{"line":1194,"column":1}}},"297":{"name":"log","line":1196,"loc":{"start":{"line":1196,"column":1},"end":{"line":1198,"column":1}}},"298":{"name":"log","line":1200,"loc":{"start":{"line":1200,"column":1},"end":{"line":1202,"column":1}}},"299":{"name":"log","line":1204,"loc":{"start":{"line":1204,"column":1},"end":{"line":1206,"column":1}}},"300":{"name":"log","line":1208,"loc":{"start":{"line":1208,"column":1},"end":{"line":1210,"column":1}}},"301":{"name":"log","line":1212,"loc":{"start":{"line":1212,"column":1},"end":{"line":1214,"column":1}}},"302":{"name":"log","line":1216,"loc":{"start":{"line":1216,"column":1},"end":{"line":1218,"column":1}}},"303":{"name":"log","line":1220,"loc":{"start":{"line":1220,"column":1},"end":{"line":1222,"column":1}}},"304":{"name":"log","line":1224,"loc":{"start":{"line":1224,"column":1},"end":{"line":1226,"column":1}}},"305":{"name":"log","line":1228,"loc":{"start":{"line":1228,"column":1},"end":{"line":1230,"column":1}}},"306":{"name":"log","line":1232,"loc":{"start":{"line":1232,"column":1},"end":{"line":1234,"column":1}}},"307":{"name":"log","line":1236,"loc":{"start":{"line":1236,"column":1},"end":{"line":1238,"column":1}}},"308":{"name":"log","line":1240,"loc":{"start":{"line":1240,"column":1},"end":{"line":1242,"column":1}}},"309":{"name":"log","line":1244,"loc":{"start":{"line":1244,"column":1},"end":{"line":1246,"column":1}}},"310":{"name":"log","line":1248,"loc":{"start":{"line":1248,"column":1},"end":{"line":1250,"column":1}}},"311":{"name":"log","line":1252,"loc":{"start":{"line":1252,"column":1},"end":{"line":1254,"column":1}}},"312":{"name":"log","line":1256,"loc":{"start":{"line":1256,"column":1},"end":{"line":1258,"column":1}}},"313":{"name":"log","line":1260,"loc":{"start":{"line":1260,"column":1},"end":{"line":1262,"column":1}}},"314":{"name":"log","line":1264,"loc":{"start":{"line":1264,"column":1},"end":{"line":1266,"column":1}}},"315":{"name":"log","line":1268,"loc":{"start":{"line":1268,"column":1},"end":{"line":1270,"column":1}}},"316":{"name":"log","line":1272,"loc":{"start":{"line":1272,"column":1},"end":{"line":1274,"column":1}}},"317":{"name":"log","line":1276,"loc":{"start":{"line":1276,"column":1},"end":{"line":1278,"column":1}}},"318":{"name":"log","line":1280,"loc":{"start":{"line":1280,"column":1},"end":{"line":1282,"column":1}}},"319":{"name":"log","line":1284,"loc":{"start":{"line":1284,"column":1},"end":{"line":1286,"column":1}}},"320":{"name":"log","line":1288,"loc":{"start":{"line":1288,"column":1},"end":{"line":1290,"column":1}}},"321":{"name":"log","line":1292,"loc":{"start":{"line":1292,"column":1},"end":{"line":1294,"column":1}}},"322":{"name":"log","line":1296,"loc":{"start":{"line":1296,"column":1},"end":{"line":1298,"column":1}}},"323":{"name":"log","line":1300,"loc":{"start":{"line":1300,"column":1},"end":{"line":1302,"column":1}}},"324":{"name":"log","line":1304,"loc":{"start":{"line":1304,"column":1},"end":{"line":1306,"column":1}}},"325":{"name":"log","line":1308,"loc":{"start":{"line":1308,"column":1},"end":{"line":1310,"column":1}}},"326":{"name":"log","line":1312,"loc":{"start":{"line":1312,"column":1},"end":{"line":1314,"column":1}}},"327":{"name":"log","line":1316,"loc":{"start":{"line":1316,"column":1},"end":{"line":1318,"column":1}}},"328":{"name":"log","line":1320,"loc":{"start":{"line":1320,"column":1},"end":{"line":1322,"column":1}}},"329":{"name":"log","line":1324,"loc":{"start":{"line":1324,"column":1},"end":{"line":1326,"column":1}}},"330":{"name":"log","line":1328,"loc":{"start":{"line":1328,"column":1},"end":{"line":1330,"column":1}}},"331":{"name":"log","line":1332,"loc":{"start":{"line":1332,"column":1},"end":{"line":1334,"column":1}}},"332":{"name":"log","line":1336,"loc":{"start":{"line":1336,"column":1},"end":{"line":1338,"column":1}}},"333":{"name":"log","line":1340,"loc":{"start":{"line":1340,"column":1},"end":{"line":1342,"column":1}}},"334":{"name":"log","line":1344,"loc":{"start":{"line":1344,"column":1},"end":{"line":1346,"column":1}}},"335":{"name":"log","line":1348,"loc":{"start":{"line":1348,"column":1},"end":{"line":1350,"column":1}}},"336":{"name":"log","line":1352,"loc":{"start":{"line":1352,"column":1},"end":{"line":1354,"column":1}}},"337":{"name":"log","line":1356,"loc":{"start":{"line":1356,"column":1},"end":{"line":1358,"column":1}}},"338":{"name":"log","line":1360,"loc":{"start":{"line":1360,"column":1},"end":{"line":1362,"column":1}}},"339":{"name":"log","line":1364,"loc":{"start":{"line":1364,"column":1},"end":{"line":1366,"column":1}}},"340":{"name":"log","line":1368,"loc":{"start":{"line":1368,"column":1},"end":{"line":1370,"column":1}}},"341":{"name":"log","line":1372,"loc":{"start":{"line":1372,"column":1},"end":{"line":1374,"column":1}}},"342":{"name":"log","line":1376,"loc":{"start":{"line":1376,"column":1},"end":{"line":1378,"column":1}}},"343":{"name":"log","line":1380,"loc":{"start":{"line":1380,"column":1},"end":{"line":1382,"column":1}}},"344":{"name":"log","line":1384,"loc":{"start":{"line":1384,"column":1},"end":{"line":1386,"column":1}}},"345":{"name":"log","line":1388,"loc":{"start":{"line":1388,"column":1},"end":{"line":1390,"column":1}}},"346":{"name":"log","line":1392,"loc":{"start":{"line":1392,"column":1},"end":{"line":1394,"column":1}}},"347":{"name":"log","line":1396,"loc":{"start":{"line":1396,"column":1},"end":{"line":1398,"column":1}}},"348":{"name":"log","line":1400,"loc":{"start":{"line":1400,"column":1},"end":{"line":1402,"column":1}}},"349":{"name":"log","line":1404,"loc":{"start":{"line":1404,"column":1},"end":{"line":1406,"column":1}}},"350":{"name":"log","line":1408,"loc":{"start":{"line":1408,"column":1},"end":{"line":1410,"column":1}}},"351":{"name":"log","line":1412,"loc":{"start":{"line":1412,"column":1},"end":{"line":1414,"column":1}}},"352":{"name":"log","line":1416,"loc":{"start":{"line":1416,"column":1},"end":{"line":1418,"column":1}}},"353":{"name":"log","line":1420,"loc":{"start":{"line":1420,"column":1},"end":{"line":1422,"column":1}}},"354":{"name":"log","line":1424,"loc":{"start":{"line":1424,"column":1},"end":{"line":1426,"column":1}}},"355":{"name":"log","line":1428,"loc":{"start":{"line":1428,"column":1},"end":{"line":1430,"column":1}}},"356":{"name":"log","line":1432,"loc":{"start":{"line":1432,"column":1},"end":{"line":1434,"column":1}}},"357":{"name":"log","line":1436,"loc":{"start":{"line":1436,"column":1},"end":{"line":1438,"column":1}}},"358":{"name":"log","line":1440,"loc":{"start":{"line":1440,"column":1},"end":{"line":1442,"column":1}}},"359":{"name":"log","line":1444,"loc":{"start":{"line":1444,"column":1},"end":{"line":1446,"column":1}}},"360":{"name":"log","line":1448,"loc":{"start":{"line":1448,"column":1},"end":{"line":1450,"column":1}}},"361":{"name":"log","line":1452,"loc":{"start":{"line":1452,"column":1},"end":{"line":1454,"column":1}}},"362":{"name":"log","line":1456,"loc":{"start":{"line":1456,"column":1},"end":{"line":1458,"column":1}}},"363":{"name":"log","line":1460,"loc":{"start":{"line":1460,"column":1},"end":{"line":1462,"column":1}}},"364":{"name":"log","line":1464,"loc":{"start":{"line":1464,"column":1},"end":{"line":1466,"column":1}}},"365":{"name":"log","line":1468,"loc":{"start":{"line":1468,"column":1},"end":{"line":1470,"column":1}}},"366":{"name":"log","line":1472,"loc":{"start":{"line":1472,"column":1},"end":{"line":1474,"column":1}}},"367":{"name":"log","line":1476,"loc":{"start":{"line":1476,"column":1},"end":{"line":1478,"column":1}}},"368":{"name":"log","line":1480,"loc":{"start":{"line":1480,"column":1},"end":{"line":1482,"column":1}}},"369":{"name":"log","line":1484,"loc":{"start":{"line":1484,"column":1},"end":{"line":1486,"column":1}}},"370":{"name":"log","line":1488,"loc":{"start":{"line":1488,"column":1},"end":{"line":1490,"column":1}}},"371":{"name":"log","line":1492,"loc":{"start":{"line":1492,"column":1},"end":{"line":1494,"column":1}}},"372":{"name":"log","line":1496,"loc":{"start":{"line":1496,"column":1},"end":{"line":1498,"column":1}}},"373":{"name":"log","line":1500,"loc":{"start":{"line":1500,"column":1},"end":{"line":1502,"column":1}}},"374":{"name":"log","line":1504,"loc":{"start":{"line":1504,"column":1},"end":{"line":1506,"column":1}}},"375":{"name":"log","line":1508,"loc":{"start":{"line":1508,"column":1},"end":{"line":1510,"column":1}}},"376":{"name":"log","line":1512,"loc":{"start":{"line":1512,"column":1},"end":{"line":1514,"column":1}}},"377":{"name":"log","line":1516,"loc":{"start":{"line":1516,"column":1},"end":{"line":1518,"column":1}}},"378":{"name":"log","line":1520,"loc":{"start":{"line":1520,"column":1},"end":{"line":1522,"column":1}}},"379":{"name":"log","line":1524,"loc":{"start":{"line":1524,"column":1},"end":{"line":1526,"column":1}}},"380":{"name":"log","line":1528,"loc":{"start":{"line":1528,"column":1},"end":{"line":1530,"column":1}}}},"statementMap":{"1":{"start":{"line":8,"column":2},"end":{"line":8,"column":40}},"2":{"start":{"line":9,"column":2},"end":{"line":9,"column":42}},"3":{"start":{"line":17,"column":2},"end":{"line":17,"column":50}},"4":{"start":{"line":21,"column":2},"end":{"line":21,"column":57}},"5":{"start":{"line":25,"column":2},"end":{"line":25,"column":58}},"6":{"start":{"line":29,"column":2},"end":{"line":29,"column":60}},"7":{"start":{"line":33,"column":2},"end":{"line":33,"column":58}},"8":{"start":{"line":37,"column":2},"end":{"line":37,"column":61}},"9":{"start":{"line":41,"column":2},"end":{"line":41,"column":59}},"10":{"start":{"line":45,"column":2},"end":{"line":45,"column":60}},"11":{"start":{"line":49,"column":2},"end":{"line":49,"column":60}},"12":{"start":{"line":53,"column":2},"end":{"line":53,"column":60}},"13":{"start":{"line":57,"column":2},"end":{"line":57,"column":60}},"14":{"start":{"line":61,"column":2},"end":{"line":61,"column":60}},"15":{"start":{"line":65,"column":2},"end":{"line":65,"column":60}},"16":{"start":{"line":69,"column":2},"end":{"line":69,"column":60}},"17":{"start":{"line":73,"column":2},"end":{"line":73,"column":60}},"18":{"start":{"line":77,"column":2},"end":{"line":77,"column":60}},"19":{"start":{"line":81,"column":2},"end":{"line":81,"column":61}},"20":{"start":{"line":85,"column":2},"end":{"line":85,"column":61}},"21":{"start":{"line":89,"column":2},"end":{"line":89,"column":61}},"22":{"start":{"line":93,"column":2},"end":{"line":93,"column":61}},"23":{"start":{"line":97,"column":2},"end":{"line":97,"column":61}},"24":{"start":{"line":101,"column":2},"end":{"line":101,"column":61}},"25":{"start":{"line":105,"column":2},"end":{"line":105,"column":61}},"26":{"start":{"line":109,"column":2},"end":{"line":109,"column":61}},"27":{"start":{"line":113,"column":2},"end":{"line":113,"column":61}},"28":{"start":{"line":117,"column":2},"end":{"line":117,"column":61}},"29":{"start":{"line":121,"column":2},"end":{"line":121,"column":61}},"30":{"start":{"line":125,"column":2},"end":{"line":125,"column":61}},"31":{"start":{"line":129,"column":2},"end":{"line":129,"column":61}},"32":{"start":{"line":133,"column":2},"end":{"line":133,"column":61}},"33":{"start":{"line":137,"column":2},"end":{"line":137,"column":61}},"34":{"start":{"line":141,"column":2},"end":{"line":141,"column":61}},"35":{"start":{"line":145,"column":2},"end":{"line":145,"column":61}},"36":{"start":{"line":149,"column":2},"end":{"line":149,"column":61}},"37":{"start":{"line":153,"column":2},"end":{"line":153,"column":61}},"38":{"start":{"line":157,"column":2},"end":{"line":157,"column":61}},"39":{"start":{"line":161,"column":2},"end":{"line":161,"column":61}},"40":{"start":{"line":165,"column":2},"end":{"line":165,"column":61}},"41":{"start":{"line":169,"column":2},"end":{"line":169,"column":61}},"42":{"start":{"line":173,"column":2},"end":{"line":173,"column":58}},"43":{"start":{"line":177,"column":2},"end":{"line":177,"column":60}},"44":{"start":{"line":181,"column":2},"end":{"line":181,"column":58}},"45":{"start":{"line":185,"column":2},"end":{"line":185,"column":61}},"46":{"start":{"line":189,"column":2},"end":{"line":189,"column":67}},"47":{"start":{"line":193,"column":2},"end":{"line":193,"column":69}},"48":{"start":{"line":197,"column":2},"end":{"line":197,"column":67}},"49":{"start":{"line":201,"column":2},"end":{"line":201,"column":70}},"50":{"start":{"line":205,"column":2},"end":{"line":205,"column":69}},"51":{"start":{"line":209,"column":2},"end":{"line":209,"column":71}},"52":{"start":{"line":213,"column":2},"end":{"line":213,"column":69}},"53":{"start":{"line":217,"column":2},"end":{"line":217,"column":72}},"54":{"start":{"line":221,"column":2},"end":{"line":221,"column":67}},"55":{"start":{"line":225,"column":2},"end":{"line":225,"column":69}},"56":{"start":{"line":229,"column":2},"end":{"line":229,"column":67}},"57":{"start":{"line":233,"column":2},"end":{"line":233,"column":70}},"58":{"start":{"line":237,"column":2},"end":{"line":237,"column":70}},"59":{"start":{"line":241,"column":2},"end":{"line":241,"column":72}},"60":{"start":{"line":245,"column":2},"end":{"line":245,"column":70}},"61":{"start":{"line":249,"column":2},"end":{"line":249,"column":73}},"62":{"start":{"line":253,"column":2},"end":{"line":253,"column":76}},"63":{"start":{"line":257,"column":2},"end":{"line":257,"column":78}},"64":{"start":{"line":261,"column":2},"end":{"line":261,"column":76}},"65":{"start":{"line":265,"column":2},"end":{"line":265,"column":79}},"66":{"start":{"line":269,"column":2},"end":{"line":269,"column":78}},"67":{"start":{"line":273,"column":2},"end":{"line":273,"column":80}},"68":{"start":{"line":277,"column":2},"end":{"line":277,"column":78}},"69":{"start":{"line":281,"column":2},"end":{"line":281,"column":81}},"70":{"start":{"line":285,"column":2},"end":{"line":285,"column":76}},"71":{"start":{"line":289,"column":2},"end":{"line":289,"column":78}},"72":{"start":{"line":293,"column":2},"end":{"line":293,"column":76}},"73":{"start":{"line":297,"column":2},"end":{"line":297,"column":79}},"74":{"start":{"line":301,"column":2},"end":{"line":301,"column":79}},"75":{"start":{"line":305,"column":2},"end":{"line":305,"column":81}},"76":{"start":{"line":309,"column":2},"end":{"line":309,"column":79}},"77":{"start":{"line":313,"column":2},"end":{"line":313,"column":82}},"78":{"start":{"line":317,"column":2},"end":{"line":317,"column":78}},"79":{"start":{"line":321,"column":2},"end":{"line":321,"column":80}},"80":{"start":{"line":325,"column":2},"end":{"line":325,"column":78}},"81":{"start":{"line":329,"column":2},"end":{"line":329,"column":81}},"82":{"start":{"line":333,"column":2},"end":{"line":333,"column":80}},"83":{"start":{"line":337,"column":2},"end":{"line":337,"column":82}},"84":{"start":{"line":341,"column":2},"end":{"line":341,"column":80}},"85":{"start":{"line":345,"column":2},"end":{"line":345,"column":83}},"86":{"start":{"line":349,"column":2},"end":{"line":349,"column":78}},"87":{"start":{"line":353,"column":2},"end":{"line":353,"column":80}},"88":{"start":{"line":357,"column":2},"end":{"line":357,"column":78}},"89":{"start":{"line":361,"column":2},"end":{"line":361,"column":81}},"90":{"start":{"line":365,"column":2},"end":{"line":365,"column":81}},"91":{"start":{"line":369,"column":2},"end":{"line":369,"column":83}},"92":{"start":{"line":373,"column":2},"end":{"line":373,"column":81}},"93":{"start":{"line":377,"column":2},"end":{"line":377,"column":84}},"94":{"start":{"line":381,"column":2},"end":{"line":381,"column":76}},"95":{"start":{"line":385,"column":2},"end":{"line":385,"column":78}},"96":{"start":{"line":389,"column":2},"end":{"line":389,"column":76}},"97":{"start":{"line":393,"column":2},"end":{"line":393,"column":79}},"98":{"start":{"line":397,"column":2},"end":{"line":397,"column":78}},"99":{"start":{"line":401,"column":2},"end":{"line":401,"column":80}},"100":{"start":{"line":405,"column":2},"end":{"line":405,"column":78}},"101":{"start":{"line":409,"column":2},"end":{"line":409,"column":81}},"102":{"start":{"line":413,"column":2},"end":{"line":413,"column":76}},"103":{"start":{"line":417,"column":2},"end":{"line":417,"column":78}},"104":{"start":{"line":421,"column":2},"end":{"line":421,"column":76}},"105":{"start":{"line":425,"column":2},"end":{"line":425,"column":79}},"106":{"start":{"line":429,"column":2},"end":{"line":429,"column":79}},"107":{"start":{"line":433,"column":2},"end":{"line":433,"column":81}},"108":{"start":{"line":437,"column":2},"end":{"line":437,"column":79}},"109":{"start":{"line":441,"column":2},"end":{"line":441,"column":82}},"110":{"start":{"line":445,"column":2},"end":{"line":445,"column":79}},"111":{"start":{"line":449,"column":2},"end":{"line":449,"column":81}},"112":{"start":{"line":453,"column":2},"end":{"line":453,"column":79}},"113":{"start":{"line":457,"column":2},"end":{"line":457,"column":82}},"114":{"start":{"line":461,"column":2},"end":{"line":461,"column":81}},"115":{"start":{"line":465,"column":2},"end":{"line":465,"column":83}},"116":{"start":{"line":469,"column":2},"end":{"line":469,"column":81}},"117":{"start":{"line":473,"column":2},"end":{"line":473,"column":84}},"118":{"start":{"line":477,"column":2},"end":{"line":477,"column":79}},"119":{"start":{"line":481,"column":2},"end":{"line":481,"column":81}},"120":{"start":{"line":485,"column":2},"end":{"line":485,"column":79}},"121":{"start":{"line":489,"column":2},"end":{"line":489,"column":82}},"122":{"start":{"line":493,"column":2},"end":{"line":493,"column":82}},"123":{"start":{"line":497,"column":2},"end":{"line":497,"column":84}},"124":{"start":{"line":501,"column":2},"end":{"line":501,"column":82}},"125":{"start":{"line":505,"column":2},"end":{"line":505,"column":85}},"126":{"start":{"line":509,"column":2},"end":{"line":509,"column":85}},"127":{"start":{"line":513,"column":2},"end":{"line":513,"column":87}},"128":{"start":{"line":517,"column":2},"end":{"line":517,"column":85}},"129":{"start":{"line":521,"column":2},"end":{"line":521,"column":88}},"130":{"start":{"line":525,"column":2},"end":{"line":525,"column":87}},"131":{"start":{"line":529,"column":2},"end":{"line":529,"column":89}},"132":{"start":{"line":533,"column":2},"end":{"line":533,"column":87}},"133":{"start":{"line":537,"column":2},"end":{"line":537,"column":90}},"134":{"start":{"line":541,"column":2},"end":{"line":541,"column":85}},"135":{"start":{"line":545,"column":2},"end":{"line":545,"column":87}},"136":{"start":{"line":549,"column":2},"end":{"line":549,"column":85}},"137":{"start":{"line":553,"column":2},"end":{"line":553,"column":88}},"138":{"start":{"line":557,"column":2},"end":{"line":557,"column":88}},"139":{"start":{"line":561,"column":2},"end":{"line":561,"column":90}},"140":{"start":{"line":565,"column":2},"end":{"line":565,"column":88}},"141":{"start":{"line":569,"column":2},"end":{"line":569,"column":91}},"142":{"start":{"line":573,"column":2},"end":{"line":573,"column":87}},"143":{"start":{"line":577,"column":2},"end":{"line":577,"column":89}},"144":{"start":{"line":581,"column":2},"end":{"line":581,"column":87}},"145":{"start":{"line":585,"column":2},"end":{"line":585,"column":90}},"146":{"start":{"line":589,"column":2},"end":{"line":589,"column":89}},"147":{"start":{"line":593,"column":2},"end":{"line":593,"column":91}},"148":{"start":{"line":597,"column":2},"end":{"line":597,"column":89}},"149":{"start":{"line":601,"column":2},"end":{"line":601,"column":92}},"150":{"start":{"line":605,"column":2},"end":{"line":605,"column":87}},"151":{"start":{"line":609,"column":2},"end":{"line":609,"column":89}},"152":{"start":{"line":613,"column":2},"end":{"line":613,"column":87}},"153":{"start":{"line":617,"column":2},"end":{"line":617,"column":90}},"154":{"start":{"line":621,"column":2},"end":{"line":621,"column":90}},"155":{"start":{"line":625,"column":2},"end":{"line":625,"column":92}},"156":{"start":{"line":629,"column":2},"end":{"line":629,"column":90}},"157":{"start":{"line":633,"column":2},"end":{"line":633,"column":93}},"158":{"start":{"line":637,"column":2},"end":{"line":637,"column":85}},"159":{"start":{"line":641,"column":2},"end":{"line":641,"column":87}},"160":{"start":{"line":645,"column":2},"end":{"line":645,"column":85}},"161":{"start":{"line":649,"column":2},"end":{"line":649,"column":88}},"162":{"start":{"line":653,"column":2},"end":{"line":653,"column":87}},"163":{"start":{"line":657,"column":2},"end":{"line":657,"column":89}},"164":{"start":{"line":661,"column":2},"end":{"line":661,"column":87}},"165":{"start":{"line":665,"column":2},"end":{"line":665,"column":90}},"166":{"start":{"line":669,"column":2},"end":{"line":669,"column":85}},"167":{"start":{"line":673,"column":2},"end":{"line":673,"column":87}},"168":{"start":{"line":677,"column":2},"end":{"line":677,"column":85}},"169":{"start":{"line":681,"column":2},"end":{"line":681,"column":88}},"170":{"start":{"line":685,"column":2},"end":{"line":685,"column":88}},"171":{"start":{"line":689,"column":2},"end":{"line":689,"column":90}},"172":{"start":{"line":693,"column":2},"end":{"line":693,"column":88}},"173":{"start":{"line":697,"column":2},"end":{"line":697,"column":91}},"174":{"start":{"line":701,"column":2},"end":{"line":701,"column":88}},"175":{"start":{"line":705,"column":2},"end":{"line":705,"column":90}},"176":{"start":{"line":709,"column":2},"end":{"line":709,"column":88}},"177":{"start":{"line":713,"column":2},"end":{"line":713,"column":91}},"178":{"start":{"line":717,"column":2},"end":{"line":717,"column":90}},"179":{"start":{"line":721,"column":2},"end":{"line":721,"column":92}},"180":{"start":{"line":725,"column":2},"end":{"line":725,"column":90}},"181":{"start":{"line":729,"column":2},"end":{"line":729,"column":93}},"182":{"start":{"line":733,"column":2},"end":{"line":733,"column":88}},"183":{"start":{"line":737,"column":2},"end":{"line":737,"column":90}},"184":{"start":{"line":741,"column":2},"end":{"line":741,"column":88}},"185":{"start":{"line":745,"column":2},"end":{"line":745,"column":91}},"186":{"start":{"line":749,"column":2},"end":{"line":749,"column":91}},"187":{"start":{"line":753,"column":2},"end":{"line":753,"column":93}},"188":{"start":{"line":757,"column":2},"end":{"line":757,"column":91}},"189":{"start":{"line":761,"column":2},"end":{"line":761,"column":94}},"190":{"start":{"line":765,"column":2},"end":{"line":765,"column":87}},"191":{"start":{"line":769,"column":2},"end":{"line":769,"column":89}},"192":{"start":{"line":773,"column":2},"end":{"line":773,"column":87}},"193":{"start":{"line":777,"column":2},"end":{"line":777,"column":90}},"194":{"start":{"line":781,"column":2},"end":{"line":781,"column":89}},"195":{"start":{"line":785,"column":2},"end":{"line":785,"column":91}},"196":{"start":{"line":789,"column":2},"end":{"line":789,"column":89}},"197":{"start":{"line":793,"column":2},"end":{"line":793,"column":92}},"198":{"start":{"line":797,"column":2},"end":{"line":797,"column":87}},"199":{"start":{"line":801,"column":2},"end":{"line":801,"column":89}},"200":{"start":{"line":805,"column":2},"end":{"line":805,"column":87}},"201":{"start":{"line":809,"column":2},"end":{"line":809,"column":90}},"202":{"start":{"line":813,"column":2},"end":{"line":813,"column":90}},"203":{"start":{"line":817,"column":2},"end":{"line":817,"column":92}},"204":{"start":{"line":821,"column":2},"end":{"line":821,"column":90}},"205":{"start":{"line":825,"column":2},"end":{"line":825,"column":93}},"206":{"start":{"line":829,"column":2},"end":{"line":829,"column":89}},"207":{"start":{"line":833,"column":2},"end":{"line":833,"column":91}},"208":{"start":{"line":837,"column":2},"end":{"line":837,"column":89}},"209":{"start":{"line":841,"column":2},"end":{"line":841,"column":92}},"210":{"start":{"line":845,"column":2},"end":{"line":845,"column":91}},"211":{"start":{"line":849,"column":2},"end":{"line":849,"column":93}},"212":{"start":{"line":853,"column":2},"end":{"line":853,"column":91}},"213":{"start":{"line":857,"column":2},"end":{"line":857,"column":94}},"214":{"start":{"line":861,"column":2},"end":{"line":861,"column":89}},"215":{"start":{"line":865,"column":2},"end":{"line":865,"column":91}},"216":{"start":{"line":869,"column":2},"end":{"line":869,"column":89}},"217":{"start":{"line":873,"column":2},"end":{"line":873,"column":92}},"218":{"start":{"line":877,"column":2},"end":{"line":877,"column":92}},"219":{"start":{"line":881,"column":2},"end":{"line":881,"column":94}},"220":{"start":{"line":885,"column":2},"end":{"line":885,"column":92}},"221":{"start":{"line":889,"column":2},"end":{"line":889,"column":95}},"222":{"start":{"line":893,"column":2},"end":{"line":893,"column":87}},"223":{"start":{"line":897,"column":2},"end":{"line":897,"column":89}},"224":{"start":{"line":901,"column":2},"end":{"line":901,"column":87}},"225":{"start":{"line":905,"column":2},"end":{"line":905,"column":90}},"226":{"start":{"line":909,"column":2},"end":{"line":909,"column":89}},"227":{"start":{"line":913,"column":2},"end":{"line":913,"column":91}},"228":{"start":{"line":917,"column":2},"end":{"line":917,"column":89}},"229":{"start":{"line":921,"column":2},"end":{"line":921,"column":92}},"230":{"start":{"line":925,"column":2},"end":{"line":925,"column":87}},"231":{"start":{"line":929,"column":2},"end":{"line":929,"column":89}},"232":{"start":{"line":933,"column":2},"end":{"line":933,"column":87}},"233":{"start":{"line":937,"column":2},"end":{"line":937,"column":90}},"234":{"start":{"line":941,"column":2},"end":{"line":941,"column":90}},"235":{"start":{"line":945,"column":2},"end":{"line":945,"column":92}},"236":{"start":{"line":949,"column":2},"end":{"line":949,"column":90}},"237":{"start":{"line":953,"column":2},"end":{"line":953,"column":93}},"238":{"start":{"line":957,"column":2},"end":{"line":957,"column":90}},"239":{"start":{"line":961,"column":2},"end":{"line":961,"column":92}},"240":{"start":{"line":965,"column":2},"end":{"line":965,"column":90}},"241":{"start":{"line":969,"column":2},"end":{"line":969,"column":93}},"242":{"start":{"line":973,"column":2},"end":{"line":973,"column":92}},"243":{"start":{"line":977,"column":2},"end":{"line":977,"column":94}},"244":{"start":{"line":981,"column":2},"end":{"line":981,"column":92}},"245":{"start":{"line":985,"column":2},"end":{"line":985,"column":95}},"246":{"start":{"line":989,"column":2},"end":{"line":989,"column":90}},"247":{"start":{"line":993,"column":2},"end":{"line":993,"column":92}},"248":{"start":{"line":997,"column":2},"end":{"line":997,"column":90}},"249":{"start":{"line":1001,"column":2},"end":{"line":1001,"column":93}},"250":{"start":{"line":1005,"column":2},"end":{"line":1005,"column":93}},"251":{"start":{"line":1009,"column":2},"end":{"line":1009,"column":95}},"252":{"start":{"line":1013,"column":2},"end":{"line":1013,"column":93}},"253":{"start":{"line":1017,"column":2},"end":{"line":1017,"column":96}},"254":{"start":{"line":1021,"column":2},"end":{"line":1021,"column":85}},"255":{"start":{"line":1025,"column":2},"end":{"line":1025,"column":87}},"256":{"start":{"line":1029,"column":2},"end":{"line":1029,"column":85}},"257":{"start":{"line":1033,"column":2},"end":{"line":1033,"column":88}},"258":{"start":{"line":1037,"column":2},"end":{"line":1037,"column":87}},"259":{"start":{"line":1041,"column":2},"end":{"line":1041,"column":89}},"260":{"start":{"line":1045,"column":2},"end":{"line":1045,"column":87}},"261":{"start":{"line":1049,"column":2},"end":{"line":1049,"column":90}},"262":{"start":{"line":1053,"column":2},"end":{"line":1053,"column":85}},"263":{"start":{"line":1057,"column":2},"end":{"line":1057,"column":87}},"264":{"start":{"line":1061,"column":2},"end":{"line":1061,"column":85}},"265":{"start":{"line":1065,"column":2},"end":{"line":1065,"column":88}},"266":{"start":{"line":1069,"column":2},"end":{"line":1069,"column":88}},"267":{"start":{"line":1073,"column":2},"end":{"line":1073,"column":90}},"268":{"start":{"line":1077,"column":2},"end":{"line":1077,"column":88}},"269":{"start":{"line":1081,"column":2},"end":{"line":1081,"column":91}},"270":{"start":{"line":1085,"column":2},"end":{"line":1085,"column":87}},"271":{"start":{"line":1089,"column":2},"end":{"line":1089,"column":89}},"272":{"start":{"line":1093,"column":2},"end":{"line":1093,"column":87}},"273":{"start":{"line":1097,"column":2},"end":{"line":1097,"column":90}},"274":{"start":{"line":1101,"column":2},"end":{"line":1101,"column":89}},"275":{"start":{"line":1105,"column":2},"end":{"line":1105,"column":91}},"276":{"start":{"line":1109,"column":2},"end":{"line":1109,"column":89}},"277":{"start":{"line":1113,"column":2},"end":{"line":1113,"column":92}},"278":{"start":{"line":1117,"column":2},"end":{"line":1117,"column":87}},"279":{"start":{"line":1121,"column":2},"end":{"line":1121,"column":89}},"280":{"start":{"line":1125,"column":2},"end":{"line":1125,"column":87}},"281":{"start":{"line":1129,"column":2},"end":{"line":1129,"column":90}},"282":{"start":{"line":1133,"column":2},"end":{"line":1133,"column":90}},"283":{"start":{"line":1137,"column":2},"end":{"line":1137,"column":92}},"284":{"start":{"line":1141,"column":2},"end":{"line":1141,"column":90}},"285":{"start":{"line":1145,"column":2},"end":{"line":1145,"column":93}},"286":{"start":{"line":1149,"column":2},"end":{"line":1149,"column":85}},"287":{"start":{"line":1153,"column":2},"end":{"line":1153,"column":87}},"288":{"start":{"line":1157,"column":2},"end":{"line":1157,"column":85}},"289":{"start":{"line":1161,"column":2},"end":{"line":1161,"column":88}},"290":{"start":{"line":1165,"column":2},"end":{"line":1165,"column":87}},"291":{"start":{"line":1169,"column":2},"end":{"line":1169,"column":89}},"292":{"start":{"line":1173,"column":2},"end":{"line":1173,"column":87}},"293":{"start":{"line":1177,"column":2},"end":{"line":1177,"column":90}},"294":{"start":{"line":1181,"column":2},"end":{"line":1181,"column":85}},"295":{"start":{"line":1185,"column":2},"end":{"line":1185,"column":87}},"296":{"start":{"line":1189,"column":2},"end":{"line":1189,"column":85}},"297":{"start":{"line":1193,"column":2},"end":{"line":1193,"column":88}},"298":{"start":{"line":1197,"column":2},"end":{"line":1197,"column":88}},"299":{"start":{"line":1201,"column":2},"end":{"line":1201,"column":90}},"300":{"start":{"line":1205,"column":2},"end":{"line":1205,"column":88}},"301":{"start":{"line":1209,"column":2},"end":{"line":1209,"column":91}},"302":{"start":{"line":1213,"column":2},"end":{"line":1213,"column":88}},"303":{"start":{"line":1217,"column":2},"end":{"line":1217,"column":90}},"304":{"start":{"line":1221,"column":2},"end":{"line":1221,"column":88}},"305":{"start":{"line":1225,"column":2},"end":{"line":1225,"column":91}},"306":{"start":{"line":1229,"column":2},"end":{"line":1229,"column":90}},"307":{"start":{"line":1233,"column":2},"end":{"line":1233,"column":92}},"308":{"start":{"line":1237,"column":2},"end":{"line":1237,"column":90}},"309":{"start":{"line":1241,"column":2},"end":{"line":1241,"column":93}},"310":{"start":{"line":1245,"column":2},"end":{"line":1245,"column":88}},"311":{"start":{"line":1249,"column":2},"end":{"line":1249,"column":90}},"312":{"start":{"line":1253,"column":2},"end":{"line":1253,"column":88}},"313":{"start":{"line":1257,"column":2},"end":{"line":1257,"column":91}},"314":{"start":{"line":1261,"column":2},"end":{"line":1261,"column":91}},"315":{"start":{"line":1265,"column":2},"end":{"line":1265,"column":93}},"316":{"start":{"line":1269,"column":2},"end":{"line":1269,"column":91}},"317":{"start":{"line":1273,"column":2},"end":{"line":1273,"column":94}},"318":{"start":{"line":1277,"column":2},"end":{"line":1277,"column":88}},"319":{"start":{"line":1281,"column":2},"end":{"line":1281,"column":90}},"320":{"start":{"line":1285,"column":2},"end":{"line":1285,"column":88}},"321":{"start":{"line":1289,"column":2},"end":{"line":1289,"column":91}},"322":{"start":{"line":1293,"column":2},"end":{"line":1293,"column":90}},"323":{"start":{"line":1297,"column":2},"end":{"line":1297,"column":92}},"324":{"start":{"line":1301,"column":2},"end":{"line":1301,"column":90}},"325":{"start":{"line":1305,"column":2},"end":{"line":1305,"column":93}},"326":{"start":{"line":1309,"column":2},"end":{"line":1309,"column":88}},"327":{"start":{"line":1313,"column":2},"end":{"line":1313,"column":90}},"328":{"start":{"line":1317,"column":2},"end":{"line":1317,"column":88}},"329":{"start":{"line":1321,"column":2},"end":{"line":1321,"column":91}},"330":{"start":{"line":1325,"column":2},"end":{"line":1325,"column":91}},"331":{"start":{"line":1329,"column":2},"end":{"line":1329,"column":93}},"332":{"start":{"line":1333,"column":2},"end":{"line":1333,"column":91}},"333":{"start":{"line":1337,"column":2},"end":{"line":1337,"column":94}},"334":{"start":{"line":1341,"column":2},"end":{"line":1341,"column":90}},"335":{"start":{"line":1345,"column":2},"end":{"line":1345,"column":92}},"336":{"start":{"line":1349,"column":2},"end":{"line":1349,"column":90}},"337":{"start":{"line":1353,"column":2},"end":{"line":1353,"column":93}},"338":{"start":{"line":1357,"column":2},"end":{"line":1357,"column":92}},"339":{"start":{"line":1361,"column":2},"end":{"line":1361,"column":94}},"340":{"start":{"line":1365,"column":2},"end":{"line":1365,"column":92}},"341":{"start":{"line":1369,"column":2},"end":{"line":1369,"column":95}},"342":{"start":{"line":1373,"column":2},"end":{"line":1373,"column":90}},"343":{"start":{"line":1377,"column":2},"end":{"line":1377,"column":92}},"344":{"start":{"line":1381,"column":2},"end":{"line":1381,"column":90}},"345":{"start":{"line":1385,"column":2},"end":{"line":1385,"column":93}},"346":{"start":{"line":1389,"column":2},"end":{"line":1389,"column":93}},"347":{"start":{"line":1393,"column":2},"end":{"line":1393,"column":95}},"348":{"start":{"line":1397,"column":2},"end":{"line":1397,"column":93}},"349":{"start":{"line":1401,"column":2},"end":{"line":1401,"column":96}},"350":{"start":{"line":1405,"column":2},"end":{"line":1405,"column":88}},"351":{"start":{"line":1409,"column":2},"end":{"line":1409,"column":90}},"352":{"start":{"line":1413,"column":2},"end":{"line":1413,"column":88}},"353":{"start":{"line":1417,"column":2},"end":{"line":1417,"column":91}},"354":{"start":{"line":1421,"column":2},"end":{"line":1421,"column":90}},"355":{"start":{"line":1425,"column":2},"end":{"line":1425,"column":92}},"356":{"start":{"line":1429,"column":2},"end":{"line":1429,"column":90}},"357":{"start":{"line":1433,"column":2},"end":{"line":1433,"column":93}},"358":{"start":{"line":1437,"column":2},"end":{"line":1437,"column":88}},"359":{"start":{"line":1441,"column":2},"end":{"line":1441,"column":90}},"360":{"start":{"line":1445,"column":2},"end":{"line":1445,"column":88}},"361":{"start":{"line":1449,"column":2},"end":{"line":1449,"column":91}},"362":{"start":{"line":1453,"column":2},"end":{"line":1453,"column":91}},"363":{"start":{"line":1457,"column":2},"end":{"line":1457,"column":93}},"364":{"start":{"line":1461,"column":2},"end":{"line":1461,"column":91}},"365":{"start":{"line":1465,"column":2},"end":{"line":1465,"column":94}},"366":{"start":{"line":1469,"column":2},"end":{"line":1469,"column":91}},"367":{"start":{"line":1473,"column":2},"end":{"line":1473,"column":93}},"368":{"start":{"line":1477,"column":2},"end":{"line":1477,"column":91}},"369":{"start":{"line":1481,"column":2},"end":{"line":1481,"column":94}},"370":{"start":{"line":1485,"column":2},"end":{"line":1485,"column":93}},"371":{"start":{"line":1489,"column":2},"end":{"line":1489,"column":95}},"372":{"start":{"line":1493,"column":2},"end":{"line":1493,"column":93}},"373":{"start":{"line":1497,"column":2},"end":{"line":1497,"column":96}},"374":{"start":{"line":1501,"column":2},"end":{"line":1501,"column":91}},"375":{"start":{"line":1505,"column":2},"end":{"line":1505,"column":93}},"376":{"start":{"line":1509,"column":2},"end":{"line":1509,"column":91}},"377":{"start":{"line":1513,"column":2},"end":{"line":1513,"column":94}},"378":{"start":{"line":1517,"column":2},"end":{"line":1517,"column":94}},"379":{"start":{"line":1521,"column":2},"end":{"line":1521,"column":96}},"380":{"start":{"line":1525,"column":2},"end":{"line":1525,"column":94}},"381":{"start":{"line":1529,"column":2},"end":{"line":1529,"column":97}}},"branchMap":{}},"contracts/abstracts/Convertible.sol":{"l":{"35":2,"36":2,"37":2,"38":2,"39":2,"47":0,"55":0,"62":0,"63":0,"64":0,"72":0,"76":0,"77":0,"79":0,"81":0,"82":0,"84":0,"88":0,"96":0,"97":0,"100":0,"102":0,"104":0,"112":0,"113":0,"117":0,"122":0,"126":0,"127":0,"129":0,"131":0,"138":0,"139":0,"147":0,"155":0},"path":"/home/osboxes/KRWC-G-1/contracts/abstracts/Convertible.sol","s":{"1":2,"2":2,"3":2,"4":2,"5":2,"6":0,"7":0,"8":0,"9":0,"10":0,"11":0,"12":0,"13":0,"14":0,"15":0,"16":0,"17":0,"18":0,"19":0,"20":0,"21":0,"22":0,"23":0,"24":0,"25":0,"26":0,"27":0,"28":0,"29":0,"30":0,"31":0,"32":0,"33":0,"34":0,"35":0},"b":{"1":[0,0],"2":[0,0],"3":[0,0],"4":[0,0]},"f":{"1":2,"2":0,"3":0,"4":0,"5":0,"6":0,"7":0,"8":0,"9":0},"fnMap":{"1":{"name":"__Convertible_init_unchained","line":34,"loc":{"start":{"line":31,"column":4},"end":{"line":40,"column":4}}},"2":{"name":"getTokenExchangeDetails","line":42,"loc":{"start":{"line":42,"column":4},"end":{"line":48,"column":4}}},"3":{"name":"getLocker","line":50,"loc":{"start":{"line":50,"column":4},"end":{"line":56,"column":4}}},"4":{"name":"_setTokenExchange","line":58,"loc":{"start":{"line":58,"column":4},"end":{"line":65,"column":4}}},"5":{"name":"_lockFrom","line":67,"loc":{"start":{"line":67,"column":4},"end":{"line":105,"column":4}}},"6":{"name":"_withdraw","line":107,"loc":{"start":{"line":107,"column":4},"end":{"line":132,"column":4}}},"7":{"name":"_withdrawBaseToken","line":134,"loc":{"start":{"line":134,"column":4},"end":{"line":140,"column":4}}},"8":{"name":"_calculateConversion","line":142,"loc":{"start":{"line":142,"column":4},"end":{"line":148,"column":4}}},"9":{"name":"_calculateWithdrawal","line":150,"loc":{"start":{"line":150,"column":4},"end":{"line":156,"column":4}}}},"statementMap":{"1":{"start":{"line":35,"column":8},"end":{"line":35,"column":25}},"2":{"start":{"line":36,"column":8},"end":{"line":36,"column":53}},"3":{"start":{"line":37,"column":8},"end":{"line":37,"column":32}},"4":{"start":{"line":38,"column":8},"end":{"line":38,"column":31}},"5":{"start":{"line":39,"column":8},"end":{"line":39,"column":29}},"6":{"start":{"line":47,"column":8},"end":{"line":47,"column":28}},"7":{"start":{"line":55,"column":8},"end":{"line":55,"column":34}},"8":{"start":{"line":62,"column":8},"end":{"line":62,"column":43}},"9":{"start":{"line":63,"column":8},"end":{"line":63,"column":71}},"10":{"start":{"line":64,"column":8},"end":{"line":64,"column":19}},"11":{"start":{"line":72,"column":8},"end":{"line":72,"column":2096}},"12":{"start":{"line":76,"column":8},"end":{"line":76,"column":26}},"13":{"start":{"line":77,"column":8},"end":{"line":77,"column":43}},"14":{"start":{"line":79,"column":8},"end":{"line":79,"column":58}},"15":{"start":{"line":81,"column":8},"end":{"line":81,"column":2383}},"16":{"start":{"line":82,"column":12},"end":{"line":82,"column":61}},"17":{"start":{"line":84,"column":12},"end":{"line":84,"column":2523}},"18":{"start":{"line":88,"column":12},"end":{"line":88,"column":2655}},"19":{"start":{"line":96,"column":12},"end":{"line":96,"column":39}},"20":{"start":{"line":97,"column":12},"end":{"line":97,"column":45}},"21":{"start":{"line":100,"column":8},"end":{"line":100,"column":34}},"22":{"start":{"line":102,"column":8},"end":{"line":102,"column":54}},"23":{"start":{"line":104,"column":8},"end":{"line":104,"column":19}},"24":{"start":{"line":112,"column":8},"end":{"line":112,"column":50}},"25":{"start":{"line":113,"column":8},"end":{"line":113,"column":3338}},"26":{"start":{"line":117,"column":8},"end":{"line":117,"column":3481}},"27":{"start":{"line":122,"column":8},"end":{"line":122,"column":3680}},"28":{"start":{"line":126,"column":8},"end":{"line":126,"column":52}},"29":{"start":{"line":127,"column":8},"end":{"line":127,"column":58}},"30":{"start":{"line":129,"column":8},"end":{"line":129,"column":35}},"31":{"start":{"line":131,"column":8},"end":{"line":131,"column":19}},"32":{"start":{"line":138,"column":8},"end":{"line":138,"column":45}},"33":{"start":{"line":139,"column":8},"end":{"line":139,"column":19}},"34":{"start":{"line":147,"column":8},"end":{"line":147,"column":77}},"35":{"start":{"line":155,"column":8},"end":{"line":155,"column":49}}},"branchMap":{"1":{"line":72,"type":"if","locations":[{"start":{"line":72,"column":8},"end":{"line":72,"column":8}},{"start":{"line":72,"column":8},"end":{"line":72,"column":8}}]},"2":{"line":81,"type":"if","locations":[
[...]
d":{"line":76,"column":42}},"12":{"start":{"line":91,"column":8},"end":{"line":91,"column":115}},"13":{"start":{"line":93,"column":8},"end":{"line":93,"column":93}},"14":{"start":{"line":94,"column":8},"end":{"line":94,"column":91}},"15":{"start":{"line":96,"column":8},"end":{"line":96,"column":36}},"16":{"start":{"line":97,"column":8},"end":{"line":97,"column":103}},"17":{"start":{"line":99,"column":8},"end":{"line":99,"column":180}},"18":{"start":{"line":100,"column":8},"end":{"line":100,"column":53}},"19":{"start":{"line":102,"column":8},"end":{"line":102,"column":3593}},"20":{"start":{"line":104,"column":8},"end":{"line":104,"column":62}},"21":{"start":{"line":106,"column":8},"end":{"line":106,"column":19}},"22":{"start":{"line":110,"column":8},"end":{"line":110,"column":66}},"23":{"start":{"line":112,"column":8},"end":{"line":112,"column":95}},"24":{"start":{"line":113,"column":8},"end":{"line":113,"column":4129}},"25":{"start":{"line":115,"column":8},"end":{"line":115,"column":4290}},"26":{"start":{"line":117,"column":8},"end":{"line":117,"column":4421}},"27":{"start":{"line":120,"column":8},"end":{"line":120,"column":48}},"28":{"start":{"line":121,"column":8},"end":{"line":121,"column":50}},"29":{"start":{"line":122,"column":8},"end":{"line":122,"column":38}},"30":{"start":{"line":123,"column":8},"end":{"line":123,"column":44}},"31":{"start":{"line":124,"column":8},"end":{"line":124,"column":36}},"32":{"start":{"line":126,"column":8},"end":{"line":126,"column":69}},"33":{"start":{"line":127,"column":8},"end":{"line":127,"column":62}},"34":{"start":{"line":129,"column":8},"end":{"line":129,"column":39}},"35":{"start":{"line":130,"column":8},"end":{"line":130,"column":43}},"36":{"start":{"line":132,"column":8},"end":{"line":132,"column":19}},"37":{"start":{"line":136,"column":8},"end":{"line":136,"column":66}},"38":{"start":{"line":138,"column":8},"end":{"line":138,"column":95}},"39":{"start":{"line":139,"column":8},"end":{"line":139,"column":5334}},"40":{"start":{"line":141,"column":8},"end":{"line":141,"column":5528}},"41":{"start":{"line":143,"column":8},"end":{"line":143,"column":5701}},"42":{"start":{"line":146,"column":8},"end":{"line":146,"column":69}},"43":{"start":{"line":147,"column":8},"end":{"line":147,"column":95}},"44":{"start":{"line":149,"column":8},"end":{"line":149,"column":19}},"45":{"start":{"line":153,"column":8},"end":{"line":153,"column":57}},"46":{"start":{"line":157,"column":8},"end":{"line":157,"column":6255}},"47":{"start":{"line":158,"column":12},"end":{"line":158,"column":117}},"48":{"start":{"line":161,"column":8},"end":{"line":161,"column":51}}},"branchMap":{"1":{"line":91,"type":"if","locations":[{"start":{"line":91,"column":8},"end":{"line":91,"column":8}},{"start":{"line":91,"column":8},"end":{"line":91,"column":8}}]},"2":{"line":93,"type":"if","locations":[{"start":{"line":93,"column":8},"end":{"line":93,"column":8}},{"start":{"line":93,"column":8},"end":{"line":93,"column":8}}]},"3":{"line":94,"type":"if","locations":[{"start":{"line":94,"column":8},"end":{"line":94,"column":8}},{"start":{"line":94,"column":8},"end":{"line":94,"column":8}}]},"4":{"line":97,"type":"if","locations":[{"start":{"line":97,"column":8},"end":{"line":97,"column":8}},{"start":{"line":97,"column":8},"end":{"line":97,"column":8}}]},"5":{"line":112,"type":"if","locations":[{"start":{"line":112,"column":8},"end":{"line":112,"column":8}},{"start":{"line":112,"column":8},"end":{"line":112,"column":8}}]},"6":{"line":113,"type":"if","locations":[{"start":{"line":113,"column":8},"end":{"line":113,"column":8}},{"start":{"line":113,"column":8},"end":{"line":113,"column":8}}]},"7":{"line":115,"type":"if","locations":[{"start":{"line":115,"column":8},"end":{"line":115,"column":8}},{"start":{"line":115,"column":8},"end":{"line":115,"column":8}}]},"8":{"line":117,"type":"if","locations":[{"start":{"line":117,"column":8},"end":{"line":117,"column":8}},{"start":{"line":117,"column":8},"end":{"line":117,"column":8}}]},"9":{"line":138,"type":"if","locations":[{"start":{"line":138,"column":8},"end":{"line":138,"column":8}},{"start":{"line":138,"column":8},"end":{"line":138,"column":8}}]},"10":{"line":139,"type":"if","locations":[{"start":{"line":139,"column":8},"end":{"line":139,"column":8}},{"start":{"line":139,"column":8},"end":{"line":139,"column":8}}]},"11":{"line":141,"type":"if","locations":[{"start":{"line":141,"column":8},"end":{"line":141,"column":8}},{"start":{"line":141,"column":8},"end":{"line":141,"column":8}}]},"12":{"line":143,"type":"if","locations":[{"start":{"line":143,"column":8},"end":{"line":143,"column":8}},{"start":{"line":143,"column":8},"end":{"line":143,"column":8}}]},"13":{"line":157,"type":"if","locations":[{"start":{"line":157,"column":8},"end":{"line":157,"column":8}},{"start":{"line":157,"column":8},"end":{"line":157,"column":8}}]},"14":{"line":158,"type":"if","locations":[{"start":{"line":158,"column":12},"end":{"line":158,"column":12}},{"start":{"line":158,"column":12},"end":{"line":158,"column":12}}]}}},"contracts/ERC20Contract.sol":{"l":{"55":0,"56":0,"60":0,"61":0,"68":0,"76":0,"93":0,"100":0,"107":0,"119":0,"120":0,"127":0,"138":0,"139":0,"160":0,"162":0,"163":0,"165":0,"181":0,"182":0,"200":0,"201":0,"203":0,"225":0,"227":0,"229":0,"230":0,"231":0,"233":0,"235":0,"248":0,"250":0,"252":0,"253":0,"254":0,"256":0,"279":0,"281":0,"282":0},"path":"/home/osboxes/KRWC-G-1/contracts/ERC20Contract.sol","s":{"1":0,"2":0,"3":0,"4":0,"5":0,"6":0,"7":0,"8":0,"9":0,"10":0,"11":0,"12":0,"13":0,"14":0,"15":0,"16":0,"17":0,"18":0,"19":0,"20":0,"21":0,"22":0,"23":0,"24":0,"25":0,"26":0,"27":0,"28":0,"29":0,"30":0,"31":0,"32":0,"33":0,"34":0,"35":0,"36":0,"37":0,"38":0,"39":0},"b":{"1":[0,0],"2":[0,0],"3":[0,0]},"f":{"1":0,"2":0,"3":0,"4":0,"5":0,"6":0,"7":0,"8":0,"9":0,"10":0,"11":0,"12":0,"13":0,"14":0,"15":0,"16":0,"17":0,"18":0},"fnMap":{"1":{"name":"initialize","line":54,"loc":{"start":{"line":54,"column":4},"end":{"line":57,"column":4}}},"2":{"name":"__ERC20_init_unchained","line":59,"loc":{"start":{"line":59,"column":4},"end":{"line":62,"column":4}}},"3":{"name":"name","line":67,"loc":{"start":{"line":67,"column":4},"end":{"line":69,"column":4}}},"4":{"name":"symbol","line":75,"loc":{"start":{"line":75,"column":4},"end":{"line":77,"column":4}}},"5":{"name":"decimals","line":92,"loc":{"start":{"line":92,"column":4},"end":{"line":94,"column":4}}},"6":{"name":"totalSupply","line":99,"loc":{"start":{"line":99,"column":4},"end":{"line":101,"column":4}}},"7":{"name":"balanceOf","line":106,"loc":{"start":{"line":106,"column":4},"end":{"line":108,"column":4}}},"8":{"name":"transfer","line":118,"loc":{"start":{"line":118,"column":4},"end":{"line":121,"column":4}}},"9":{"name":"allowance","line":126,"loc":{"start":{"line":126,"column":4},"end":{"line":128,"column":4}}},"10":{"name":"approve","line":137,"loc":{"start":{"line":137,"column":4},"end":{"line":140,"column":4}}},"11":{"name":"transferFrom","line":155,"loc":{"start":{"line":155,"column":4},"end":{"line":166,"column":4}}},"12":{"name":"increaseAllowance","line":180,"loc":{"start":{"line":180,"column":4},"end":{"line":183,"column":4}}},"13":{"name":"decreaseAllowance","line":199,"loc":{"start":{"line":199,"column":4},"end":{"line":204,"column":4}}},"14":{"name":"_transfer","line":220,"loc":{"start":{"line":220,"column":4},"end":{"line":236,"column":4}}},"15":{"name":"_mint","line":247,"loc":{"start":{"line":247,"column":4},"end":{"line":257,"column":4}}},"16":{"name":"_approve","line":274,"loc":{"start":{"line":274,"column":4},"end":{"line":283,"column":4}}},"17":{"name":"_beforeTokenTransfer","line":299,"loc":{"start":{"line":299,"column":4},"end":{"line":303,"column":24}}},"18":{"name":"_afterTokenTransfer","line":319,"loc":{"start":{"line":319,"column":4},"end":{"line":323,"column":24}}}},"statementMap":{"1":{"start":{"line":55,"column":8},"end":{"line":55,"column":45}},"2":{"start":{"line":56,"column":8},"end":{"line":56,"column":34}},"3":{"start":{"line":60,"column":8},"end":{"line":60,"column":20}},"4":{"start":{"line":61,"column":8},"end":{"line":61,"column":24}},"5":{"start":{"line":68,"column":8},"end":{"line":68,"column":20}},"6":{"start":{"line":76,"column":8},"end":{"line":76,"column":22}},"7":{"start":{"line":93,"column":8},"end":{"line":93,"column":16}},"8":{"start":{"line":100,"column":8},"end":{"line":100,"column":27}},"9":{"start":{"line":107,"column":8},"end":{"line":107,"column":33}},"10":{"start":{"line":119,"column":8},"end":{"line":119,"column":49}},"11":{"start":{"line":120,"column":8},"end":{"line":120,"column":19}},"12":{"start":{"line":127,"column":8},"end":{"line":127,"column":42}},"13":{"start":{"line":138,"column":8},"end":{"line":138,"column":46}},"14":{"start":{"line":139,"column":8},"end":{"line":139,"column":19}},"15":{"start":{"line":160,"column":8},"end":{"line":160,"column":43}},"16":{"start":{"line":162,"column":8},"end":{"line":162,"column":68}},"17":{"start":{"line":163,"column":8},"end":{"line":163,"column":64}},"18":{"start":{"line":165,"column":8},"end":{"line":165,"column":19}},"19":{"start":{"line":181,"column":8},"end":{"line":181,"column":87}},"20":{"start":{"line":182,"column":8},"end":{"line":182,"column":19}},"21":{"start":{"line":200,"column":8},"end":{"line":200,"column":69}},"22":{"start":{"line":201,"column":8},"end":{"line":201,"column":74}},"23":{"start":{"line":203,"column":8},"end":{"line":203,"column":19}},"24":{"start":{"line":225,"column":8},"end":{"line":225,"column":110}},"25":{"start":{"line":227,"column":8},"end":{"line":227,"column":54}},"26":{"start":{"line":229,"column":8},"end":{"line":229,"column":49}},"27":{"start":{"line":230,"column":8},"end":{"line":230,"column":49}},"28":{"start":{"line":231,"column":8},"end":{"line":231,"column":37}},"29":{"start":{"line":233,"column":8},"end":{"line":233,"column":48}},"30":{"start":{"line":235,"column":8},"end":{"line":235,"column":53}},"31":{"start":{"line":248,"column":8},"end":{"line":248,"column":72}},"32":{"start":{"line":250,"column":8},"end":{"line":250,"column":56}},"33":{"start":{"line":252,"column":8},"end":{"line":252,"column":29}},"34":{"start":{"line":253,"column":8},"end":{"line":253,"column":35}},"35":{"start":{"line":254,"column":8},"end":{"line":254,"column":50}},"36":{"start":{"line":256,"column":8},"end":{"line":256,"column":55}},"37":{"start":{"line":279,"column":8},"end":{"line":279,"column":106}},"38":{"start":{"line":281,"column":8},"end":{"line":281,"column":43}},"39":{"start":{"line":282,"column":8},"end":{"line":282,"column":45}}},"branchMap":{"1":{"line":225,"type":"if","locations":[{"start":{"line":225,"column":8},"end":{"line":225,"column":8}},{"start":{"line":225,"column":8},"end":{"line":225,"column":8}}]},"2":{"line":248,"type":"if","locations":[{"start":{"line":248,"column":8},"end":{"line":248,"column":8}},{"start":{"line":248,"column":8},"end":{"line":248,"column":8}}]},"3":{"line":279,"type":"if","locations":[{"start":{"line":279,"column":8},"end":{"line":279,"column":8}},{"start":{"line":279,"column":8},"end":{"line":279,"column":8}}]}}},"contracts/Gluwacoin.sol":{"l":{"27":2,"28":2,"29":2,"36":0,"45":0,"46":0,"63":0,"64":0,"76":0,"77":0,"94":0,"106":0,"114":0,"116":0,"117":0,"119":0,"129":0,"144":0,"145":0},"path":"/home/osboxes/KRWC-G-1/contracts/Gluwacoin.sol","s":{"1":2,"2":2,"3":2,"4":0,"5":0,"6":0,"7":0,"8":0,"9":0,"10":0,"11":0,"12":0,"13":0,"14":0,"15":0,"16":0,"17":0,"18":0,"19":0},"b":{},"f":{"1":2,"2":0,"3":0,"4":0,"5":0,"6":0,"7":0,"8":0,"9":0,"10":0},"fnMap":{"1":{"name":"initialize","line":26,"loc":{"start":{"line":22,"column":4},"end":{"line":30,"column":4}}},"2":{"name":"setTokenExchange","line":35,"loc":{"start":{"line":32,"column":4},"end":{"line":38,"column":4}}},"3":{"name":"getLockerByAcccount","line":40,"loc":{"start":{"line":40,"column":4},"end":{"line":47,"column":4}}},"4":{"name":"burn","line":62,"loc":{"start":{"line":58,"column":4},"end":{"line":65,"column":4}}},"5":{"name":"burn","line":75,"loc":{"start":{"line":75,"column":4},"end":{"line":78,"column":4}}},"6":{"name":"mint","line":93,"loc":{"start":{"line":89,"column":4},"end":{"line":95,"column":4}}},"7":{"name":"mint","line":105,"loc":{"start":{"line":105,"column":4},"end":{"line":107,"column":4}}},"8":{"name":"_convert","line":109,"loc":{"start":{"line":109,"column":4},"end":{"line":120,"column":4}}},"9":{"name":"collectFee","line":126,"loc":{"start":{"line":124,"column":4},"end":{"line":130,"column":4}}},"10":{"name":"_beforeTokenTransfer","line":139,"loc":{"start":{"line":139,"column":4},"end":{"line":146,"column":4}}}},"statementMap":{"1":{"start":{"line":27,"column":8},"end":{"line":27,"column":52}},"2":{"start":{"line":28,"column":8},"end":{"line":28,"column":54}},"3":{"start":{"line":29,"column":8},"end":{"line":29,"column":51}},"4":{"start":{"line":36,"column":8},"end":{"line":36,"column":1154}},"5":{"start":{"line":45,"column":8},"end":{"line":45,"column":50}},"6":{"start":{"line":46,"column":8},"end":{"line":46,"column":34}},"7":{"start":{"line":63,"column":8},"end":{"line":63,"column":29}},"8":{"start":{"line":64,"column":8},"end":{"line":64,"column":46}},"9":{"start":{"line":76,"column":8},"end":{"line":76,"column":34}},"10":{"start":{"line":77,"column":8},"end":{"line":77,"column":49}},"11":{"start":{"line":94,"column":8},"end":{"line":94,"column":45}},"12":{"start":{"line":106,"column":8},"end":{"line":106,"column":48}},"13":{"start":{"line":114,"column":8},"end":{"line":114,"column":38}},"14":{"start":{"line":116,"column":8},"end":{"line":116,"column":68}},"15":{"start":{"line":117,"column":8},"end":{"line":117,"column":38}},"16":{"start":{"line":119,"column":8},"end":{"line":119,"column":19}},"17":{"start":{"line":129,"column":8},"end":{"line":129,"column":52}},"18":{"start":{"line":144,"column":8},"end":{"line":144,"column":58}},"19":{"start":{"line":145,"column":8},"end":{"line":145,"column":61}}},"branchMap":{}},"contracts/GluwacoinV0.sol":{"l":{"25":0,"26":0,"27":0,"44":0,"56":0,"73":0,"85":0,"93":0,"95":0,"96":0,"98":0,"108":0,"123":0,"124":0,"130":1},"path":"/home/osboxes/KRWC-G-1/contracts/GluwacoinV0.sol","s":{"1":0,"2":0,"3":0,"4":0,"5":0,"6":0,"7":0,"8":0,"9":0,"10":0,"11":0,"12":0,"13":0,"14":0,"15":1},"b":{},"f":{"1":0,"2":0,"3":0,"4":0,"5":0,"6":0,"7":0,"8":0,"9":1},"fnMap":{"1":{"name":"initialize","line":23,"loc":{"start":{"line":21,"column":4},"end":{"line":28,"column":4}}},"2":{"name":"burn","line":43,"loc":{"start":{"line":39,"column":4},"end":{"line":45,"column":4}}},"3":{"name":"burn","line":55,"loc":{"start":{"line":55,"column":4},"end":{"line":57,"column":4}}},"4":{"name":"mint","line":72,"loc":{"start":{"line":68,"column":4},"end":{"line":74,"column":4}}},"5":{"name":"mint","line":84,"loc":{"start":{"line":84,"column":4},"end":{"line":86,"column":4}}},"6":{"name":"_convert","line":88,"loc":{"start":{"line":88,"column":4},"end":{"line":99,"column":4}}},"7":{"name":"collectFee","line":105,"loc":{"start":{"line":103,"column":4},"end":{"line":109,"column":4}}},"8":{"name":"_beforeTokenTransfer","line":118,"loc":{"start":{"line":118,"column":4},"end":{"line":125,"column":4}}},"9":{"name":"decimals","line":129,"loc":{"start":{"line":129,"column":4},"end":{"line":131,"column":4}}}},"statementMap":{"1":{"start":{"line":25,"column":8},"end":{"line":25,"column":52}},"2":{"start":{"line":26,"column":8},"end":{"line":26,"column":54}},"3":{"start":{"line":27,"column":8},"end":{"line":27,"column":51}},"4":{"start":{"line":44,"column":8},"end":{"line":44,"column":46}},"5":{"start":{"line":56,"column":8},"end":{"line":56,"column":49}},"6":{"start":{"line":73,"column":8},"end":{"line":73,"column":45}},"7":{"start":{"line":85,"column":8},"end":{"line":85,"column":48}},"8":{"start":{"line":93,"column":8},"end":{"line":93,"column":38}},"9":{"start":{"line":95,"column":8},"end":{"line":95,"column":68}},"10":{"start":{"line":96,"column":8},"end":{"line":96,"column":38}},"11":{"start":{"line":98,"column":8},"end":{"line":98,"column":19}},"12":{"start":{"line":108,"column":8},"end":{"line":108,"column":52}},"13":{"start":{"line":123,"column":8},"end":{"line":123,"column":58}},"14":{"start":{"line":124,"column":8},"end":{"line":124,"column":61}},"15":{"start":{"line":130,"column":8},"end":{"line":130,"column":16}}},"branchMap":{}},"contracts/libs/GluwacoinModels.sol":{"l":{},"path":"/home/osboxes/KRWC-G-1/contracts/libs/GluwacoinModels.sol","s":{},"b":{},"f":{},"fnMap":{},"statementMap":{},"branchMap":{}},"contracts/libs/HashMapIndex.sol":{"l":{"37":0,"39":0,"41":0,"42":0,"43":0,"53":0,"55":0,"57":0,"60":0,"63":0,"68":0,"71":0,"86":0,"100":0,"114":0,"128":0},"path":"/home/osboxes/KRWC-G-1/contracts/libs/HashMapIndex.sol","s":{"1":0,"2":0,"3":0,"4":0,"5":0,"6":0,"7":0,"8":0,"9":0,"10":0,"11":0},"b":{"1":[0,0],"2":[0,0]},"f":{"1":0,"2":0,"3":0,"4":0,"5":0,"6":0},"fnMap":{"1":{"name":"add","line":35,"loc":{"start":{"line":35,"column":4},"end":{"line":44,"column":4}}},"2":{"name":"archive","line":51,"loc":{"start":{"line":51,"column":4},"end":{"line":73,"column":4}}},"3":{"name":"isActive","line":81,"loc":{"start":{"line":81,"column":4},"end":{"line":87,"column":4}}},"4":{"name":"isArchived","line":95,"loc":{"start":{"line":95,"column":4},"end":{"line":101,"column":4}}},"5":{"name":"isValid","line":109,"loc":{"start":{"line":109,"column":4},"end":{"line":115,"column":4}}},"6":{"name":"get","line":123,"loc":{"start":{"line":123,"column":4},"end":{"line":129,"column":4}}}},"statementMap":{"1":{"start":{"line":37,"column":8},"end":{"line":37,"column":57}},"2":{"start":{"line":39,"column":8},"end":{"line":39,"column":47}},"3":{"start":{"line":41,"column":8},"end":{"line":41,"column":43}},"4":{"start":{"line":53,"column":8},"end":{"line":53,"column":56}},"5":{"start":{"line":55,"column":8},"end":{"line":55,"column":49}},"6":{"start":{"line":60,"column":8},"end":{"line":60,"column":1973}},"7":{"start":{"line":68,"column":8},"end":{"line":68,"column":2292}},"8":{"start":{"line":86,"column":8},"end":{"line":86,"column":56}},"9":{"start":{"line":100,"column":8},"end":{"line":100,"column":58}},"10":{"start":{"line":114,"column":8},"end":{"line":114,"column":57}},"11":{"start":{"line":128,"column":8},"end":{"line":128,"column":35}}},"branchMap":{"1":{"line":60,"type":"if","locations":[{"start":{"line":60,"column":8},"end":{"line":60,"column":8}},{"start":{"line":60,"column":8},"end":{"line":60,"column":8}}]},"2":{"line":68,"type":"if","locations":[{"start":{"line":68,"column":8},"end":{"line":68,"column":8}},{"start":{"line":68,"column":8},"end":{"line":68,"column":8}}]}}},"contracts/libs/Validate.sol":{"l":{"18":0,"20":0,"21":0,"23":0},"path":"/home/osboxes/KRWC-G-1/contracts/libs/Validate.sol","s":{"1":0,"2":0,"3":0,"4":0},"b":{"1":[0,0]},"f":{"1":0},"fnMap":{"1":{"name":"_validateSignature","line":17,"loc":{"start":{"line":17,"column":4},"end":{"line":24,"column":4}}}},"statementMap":{"1":{"start":{"line":18,"column":8},"end":{"line":18,"column":59}},"2":{"start":{"line":20,"column":8},"end":{"line":20,"column":49}},"3":{"start":{"line":21,"column":8},"end":{"line":21,"column":63}},"4":{"start":{"line":23,"column":8},"end":{"line":23,"column":19}}},"branchMap":{"1":{"line":21,"type":"if","locations":[{"start":{"line":21,"column":8},"end":{"line":21,"column":8}},{"start":{"line":21,"column":8},"end":{"line":21,"column":8}}]}}},"contracts/Migration.sol":{"l":{"8":1,"12":1,"16":1},"path":"/home/osboxes/KRWC-G-1/contracts/Migration.sol","s":{"1":1,"2":1},"b":{"1":[1,0]},"f":{"1":1,"2":1},"fnMap":{"1":{"name":"restricted","line":7,"loc":{"start":{"line":7,"column":2},"end":{"line":13,"column":2}}},"2":{"name":"setCompleted","line":15,"loc":{"start":{"line":15,"column":2},"end":{"line":17,"column":2}}}},"statementMap":{"1":{"start":{"line":8,"column":4},"end":{"line":8,"column":169}},"2":{"start":{"line":16,"column":4},"end":{"line":16,"column":39}}},"branchMap":{"1":{"line":8,"type":"if","locations":[{"start":{"line":8,"column":4},"end":{"line":8,"column":4}},{"start":{"line":8,"column":4},"end":{"line":8,"column":4}}]}}}}