TN:
SF:/home/osboxes/KRWC-G-1/contracts/abstracts/Convertible.sol
FN:23,__Convertible_init_unchained
FN:28,getTokenExchangeDetails
FN:36,getLocked
FN:44,_setTokenExchange
FN:56,lock
FN:60,_lockFrom
FN:87,_release
FN:103,withdraw
FN:120,_calculateConversion
FN:141,_decimalConversionFromBaseToken
FN:153,info
FNF:11
FNH:0
FNDA:0,__Convertible_init_unchained
FNDA:0,getTokenExchangeDetails
FNDA:0,getLocked
FNDA:0,_setTokenExchange
FNDA:0,lock
FNDA:0,_lockFrom
FNDA:0,_release
FNDA:0,withdraw
FNDA:0,_calculateConversion
FNDA:0,_decimalConversionFromBaseToken
FNDA:0,info
DA:24,0
DA:25,0
DA:33,0
DA:41,0
DA:50,0
DA:51,0
DA:52,0
DA:53,0
DA:57,0
DA:65,0
DA:67,0
DA:71,0
DA:75,0
DA:80,0
DA:82,0
DA:84,0
DA:92,0
DA:93,0
DA:98,0
DA:100,0
DA:104,0
DA:106,0
DA:111,0
DA:112,0
DA:117,0
DA:125,0
DA:128,0
DA:132,0
DA:146,0
DA:147,0
DA:149,0
DA:154,0
LF:32
LH:0
BRDA:67,1,0,0
BRDA:67,1,1,0
BRDA:71,2,0,0
BRDA:71,2,1,0
BRDA:75,3,0,0
BRDA:75,3,1,0
BRDA:93,4,0,0
BRDA:93,4,1,0
BRDA:106,5,0,0
BRDA:106,5,1,0
BRDA:112,6,0,0
BRDA:112,6,1,0
BRDA:128,7,0,0
BRDA:128,7,1,0
BRDA:146,8,0,0
BRDA:146,8,1,0
BRF:16
BRH:0
end_of_record
TN:
SF:/home/osboxes/KRWC-G-1/contracts/abstracts/ERC20Pausable.sol
FN:32,paused
FN:39,whenNotPaused
FN:47,whenPaused
FN:55,_pause
FN:64,_unpause
FNF:5
FNH:0
FNDA:0,paused
FNDA:0,whenNotPaused
FNDA:0,whenPaused
FNDA:0,_pause
FNDA:0,_unpause
DA:33,0
DA:40,0
DA:41,0
DA:48,0
DA:49,0
DA:56,0
DA:57,0
DA:58,0
DA:65,0
DA:66,0
DA:67,0
LF:11
LH:0
BRDA:40,1,0,0
BRDA:40,1,1,0
BRDA:48,2,0,0
BRDA:48,2,1,0
BRF:4
BRH:0
end_of_record
TN:
SF:/home/osboxes/KRWC-G-1/contracts/abstracts/ERC20Reservable.sol
FN:40,getReservation
FN:61,reservedBalanceOf
FN:65,unreservedBalanceOf
FN:69,reserve
FN:99,execute
FN:125,reclaim
FN:142,_unreservedBalance
FN:146,_beforeTokenTransfer
FNF:8
FNH:0
FNDA:0,getReservation
FNDA:0,reservedBalanceOf
FNDA:0,unreservedBalanceOf
FNDA:0,reserve
FNDA:0,execute
FNDA:0,reclaim
FNDA:0,_unreservedBalance
FNDA:0,_beforeTokenTransfer
DA:51,0
DA:53,0
DA:54,0
DA:55,0
DA:56,0
DA:57,0
DA:58,0
DA:62,0
DA:66,0
DA:81,0
DA:83,0
DA:84,0
DA:86,0
DA:87,0
DA:89,0
DA:90,0
DA:92,0
DA:94,0
DA:96,0
DA:100,0
DA:102,0
DA:103,0
DA:105,0
DA:107,0
DA:110,0
DA:111,0
DA:112,0
DA:113,0
DA:114,0
DA:116,0
DA:117,0
DA:119,0
DA:120,0
DA:122,0
DA:126,0
DA:128,0
DA:129,0
DA:131,0
DA:133,0
DA:136,0
DA:137,0
DA:139,0
DA:143,0
DA:147,0
DA:148,0
DA:151,0
LF:46
LH:0
BRDA:81,1,0,0
BRDA:81,1,1,0
BRDA:83,2,0,0
BRDA:83,2,1,0
BRDA:84,3,0,0
BRDA:84,3,1,0
BRDA:87,4,0,0
BRDA:87,4,1,0
BRDA:102,5,0,0
BRDA:102,5,1,0
BRDA:103,6,0,0
BRDA:103,6,1,0
BRDA:105,7,0,0
BRDA:105,7,1,0
BRDA:107,8,0,0
BRDA:107,8,1,0
BRDA:128,9,0,0
BRDA:128,9,1,0
BRDA:129,10,0,0
BRDA:129,10,1,0
BRDA:131,11,0,0
BRDA:131,11,1,0
BRDA:133,12,0,0
BRDA:133,12,1,0
BRDA:147,13,0,0
BRDA:147,13,1,0
BRDA:148,14,0,0
BRDA:148,14,1,0
BRF:28
BRH:0
end_of_record
TN:
SF:/home/osboxes/KRWC-G-1/contracts/abstracts/ETHlessTransfer.sol
FN:28,__ERC20ETHless_init_unchained
FN:46,_transfer
FN:82,_useNonce
FN:97,_beforeTokenTransfer
FN:110,_collect
FNF:5
FNH:0
FNDA:0,__ERC20ETHless_init_unchained
FNDA:0,_transfer
FNDA:0,_useNonce
FNDA:0,_beforeTokenTransfer
FNDA:0,_collect
DA:29,0
DA:54,0
DA:55,0
DA:60,0
DA:62,0
DA:74,0
DA:76,0
DA:77,0
DA:79,0
DA:83,0
DA:87,0
DA:102,0
DA:103,0
DA:111,0
DA:113,0
LF:15
LH:0
BRDA:55,1,0,0
BRDA:55,1,1,0
BRDA:83,2,0,0
BRDA:83,2,1,0
BRDA:102,3,0,0
BRDA:102,3,1,0
BRF:6
BRH:0
end_of_record
TN:
SF:/home/osboxes/KRWC-G-1/contracts/Gluwacoin.sol
FN:21,initialize
FN:34,setTokenExchange
FN:48,lockFrom
FN:54,convertAllFrom
FN:71,convertFrom
FN:75,convert
FN:79,_convert
FN:114,_beforeTokenTransfer
FNF:8
FNH:0
FNDA:0,initialize
FNDA:0,setTokenExchange
FNDA:0,lockFrom
FNDA:0,convertAllFrom
FNDA:0,convertFrom
FNDA:0,convert
FNDA:0,_convert
FNDA:0,_beforeTokenTransfer
DA:22,0
DA:23,0
DA:24,0
DA:25,0
DA:26,0
DA:35,0
DA:49,0
DA:57,0
DA:58,0
DA:60,0
DA:61,0
DA:63,0
DA:72,0
DA:76,0
DA:80,0
DA:82,0
DA:83,0
DA:85,0
DA:119,0
DA:120,0
LF:20
LH:0
BRF:0
BRH:0
end_of_record
TN:
SF:/home/osboxes/KRWC-G-1/contracts/libs/GluwacoinModel.sol
FNF:0
FNH:0
LF:0
LH:0
BRF:0
BRH:0
end_of_record
TN:
SF:/home/osboxes/KRWC-G-1/contracts/libs/Validate.sol
FN:17,_validateSignature
FNF:1
FNH:0
FNDA:0,_validateSignature
DA:18,0
DA:20,0
DA:21,0
DA:23,0
LF:4
LH:0
BRDA:21,1,0,0
BRDA:21,1,1,0
BRF:2
BRH:0
end_of_record
