TN:
SF:/home/osboxes/KRWC-G-1/contracts/abstracts/AccessControlEnumerableUpgradeable.sol
FN:22,__AccessControlEnumerable_init
FN:33,supportsInterface
FN:49,getRoleMember
FN:57,getRoleMemberCount
FN:64,grantRole
FN:72,revokeRole
FN:80,renounceRole
FN:88,_setupRole
FNF:8
FNH:0
FNDA:0,__AccessControlEnumerable_init
FNDA:0,supportsInterface
FNDA:0,getRoleMember
FNDA:0,getRoleMemberCount
FNDA:0,grantRole
FNDA:0,revokeRole
FNDA:0,renounceRole
FNDA:0,_setupRole
DA:23,0
DA:34,0
DA:50,0
DA:58,0
DA:65,0
DA:66,0
DA:73,0
DA:74,0
DA:81,0
DA:82,0
DA:89,0
DA:90,0
LF:12
LH:0
BRF:0
BRH:0
end_of_record
TN:
SF:/home/osboxes/KRWC-G-1/contracts/abstracts/AccessControlUpgradeable.sol
FN:64,__AccessControl_init
FN:114,onlyRole
FN:122,supportsInterface
FN:129,hasRole
FN:140,_checkRole
FN:161,getRoleAdmin
FN:175,grantRole
FN:188,revokeRole
FN:206,renounceRole
FN:228,_setupRole
FN:237,_setRoleAdmin
FN:242,_grantRole
FN:249,_revokeRole
FNF:13
FNH:0
FNDA:0,__AccessControl_init
FNDA:0,onlyRole
FNDA:0,supportsInterface
FNDA:0,hasRole
FNDA:0,_checkRole
FNDA:0,getRoleAdmin
FNDA:0,grantRole
FNDA:0,revokeRole
FNDA:0,renounceRole
FNDA:0,_setupRole
FNDA:0,_setRoleAdmin
FNDA:0,_grantRole
FNDA:0,_revokeRole
DA:65,0
DA:115,0
DA:116,0
DA:123,0
DA:130,0
DA:141,0
DA:142,0
DA:162,0
DA:176,0
DA:189,0
DA:207,0
DA:209,0
DA:229,0
DA:238,0
DA:239,0
DA:243,0
DA:244,0
DA:245,0
DA:250,0
DA:251,0
DA:252,0
LF:21
LH:0
BRDA:141,1,0,0
BRDA:141,1,1,0
BRDA:207,2,0,0
BRDA:207,2,1,0
BRDA:243,3,0,0
BRDA:243,3,1,0
BRDA:250,4,0,0
BRDA:250,4,1,0
BRF:8
BRH:0
end_of_record
TN:
SF:/home/osboxes/KRWC-G-1/contracts/abstracts/ContextUpgradeable.sol
FN:18,_msgSender
FNF:1
FNH:0
FNDA:0,_msgSender
DA:19,0
LF:1
LH:0
BRF:0
BRH:0
end_of_record
TN:
SF:/home/osboxes/KRWC-G-1/contracts/abstracts/Convertible.sol
FN:21,__Convertible_init_unchained
FN:25,getTokenExchangeDetails
FN:33,getLocked
FN:41,_setTokenExchange
FN:53,lock
FN:57,_lockFrom
FN:79,_release
FN:88,withdraw
FN:98,_calculateConversion
FN:119,_decimalConversionFromBaseToken
FNF:10
FNH:0
FNDA:0,__Convertible_init_unchained
FNDA:0,getTokenExchangeDetails
FNDA:0,getLocked
FNDA:0,_setTokenExchange
FNDA:0,lock
FNDA:0,_lockFrom
FNDA:0,_release
FNDA:0,withdraw
FNDA:0,_calculateConversion
FNDA:0,_decimalConversionFromBaseToken
DA:22,0
DA:30,0
DA:38,0
DA:47,0
DA:48,0
DA:49,0
DA:50,0
DA:54,0
DA:62,0
DA:67,0
DA:72,0
DA:74,0
DA:76,0
DA:84,0
DA:85,0
DA:89,0
DA:90,0
DA:95,0
DA:103,0
DA:106,0
DA:110,0
DA:124,0
DA:125,0
DA:127,0
LF:24
LH:0
BRDA:62,1,0,0
BRDA:62,1,1,0
BRDA:67,2,0,0
BRDA:67,2,1,0
BRDA:90,3,0,0
BRDA:90,3,1,0
BRDA:106,4,0,0
BRDA:106,4,1,0
BRDA:124,5,0,0
BRDA:124,5,1,0
BRF:10
BRH:0
end_of_record
TN:
SF:/home/osboxes/KRWC-G-1/contracts/abstracts/ERC20Reservable.sol
FN:40,getReservation
FN:61,reservedBalanceOf
FN:65,unreservedBalanceOf
FN:69,reserve
FN:99,execute
FN:125,reclaim
FN:142,_unreservedBalance
FN:146,_beforeTokenTransfer
FNF:8
FNH:0
FNDA:0,getReservation
FNDA:0,reservedBalanceOf
FNDA:0,unreservedBalanceOf
FNDA:0,reserve
FNDA:0,execute
FNDA:0,reclaim
FNDA:0,_unreservedBalance
FNDA:0,_beforeTokenTransfer
DA:51,0
DA:53,0
DA:54,0
DA:55,0
DA:56,0
DA:57,0
DA:58,0
DA:62,0
DA:66,0
DA:81,0
DA:83,0
DA:84,0
DA:86,0
DA:87,0
DA:89,0
DA:90,0
DA:92,0
DA:94,0
DA:96,0
DA:100,0
DA:102,0
DA:103,0
DA:105,0
DA:107,0
DA:110,0
DA:111,0
DA:112,0
DA:113,0
DA:114,0
DA:116,0
DA:117,0
DA:119,0
DA:120,0
DA:122,0
DA:126,0
DA:128,0
DA:129,0
DA:131,0
DA:133,0
DA:136,0
DA:137,0
DA:139,0
DA:143,0
DA:147,0
DA:148,0
DA:150,0
LF:46
LH:0
BRDA:81,1,0,0
BRDA:81,1,1,0
BRDA:83,2,0,0
BRDA:83,2,1,0
BRDA:84,3,0,0
BRDA:84,3,1,0
BRDA:87,4,0,0
BRDA:87,4,1,0
BRDA:102,5,0,0
BRDA:102,5,1,0
BRDA:103,6,0,0
BRDA:103,6,1,0
BRDA:105,7,0,0
BRDA:105,7,1,0
BRDA:107,8,0,0
BRDA:107,8,1,0
BRDA:128,9,0,0
BRDA:128,9,1,0
BRDA:129,10,0,0
BRDA:129,10,1,0
BRDA:131,11,0,0
BRDA:131,11,1,0
BRDA:133,12,0,0
BRDA:133,12,1,0
BRDA:147,13,0,0
BRDA:147,13,1,0
BRDA:148,14,0,0
BRDA:148,14,1,0
BRF:28
BRH:0
end_of_record
TN:
SF:/home/osboxes/KRWC-G-1/contracts/abstracts/ERC20Upgradeable.sol
FN:54,__ERC20_init
FN:58,__ERC20_init_unchained
FN:66,name
FN:74,symbol
FN:91,decimals
FN:98,totalSupply
FN:105,balanceOf
FN:117,transfer
FN:125,allowance
FN:136,approve
FN:154,transferFrom
FN:179,increaseAllowance
FN:198,decreaseAllowance
FN:219,_transfer
FN:246,_mint
FN:273,_approve
FN:298,_beforeTokenTransfer
FN:318,_afterTokenTransfer
FNF:18
FNH:0
FNDA:0,__ERC20_init
FNDA:0,__ERC20_init_unchained
FNDA:0,name
FNDA:0,symbol
FNDA:0,decimals
FNDA:0,totalSupply
FNDA:0,balanceOf
FNDA:0,transfer
FNDA:0,allowance
FNDA:0,approve
FNDA:0,transferFrom
FNDA:0,increaseAllowance
FNDA:0,decreaseAllowance
FNDA:0,_transfer
FNDA:0,_mint
FNDA:0,_approve
FNDA:0,_beforeTokenTransfer
FNDA:0,_afterTokenTransfer
DA:55,0
DA:59,0
DA:60,0
DA:67,0
DA:75,0
DA:92,0
DA:99,0
DA:106,0
DA:118,0
DA:119,0
DA:126,0
DA:137,0
DA:138,0
DA:159,0
DA:161,0
DA:162,0
DA:164,0
DA:180,0
DA:181,0
DA:199,0
DA:200,0
DA:202,0
DA:224,0
DA:226,0
DA:228,0
DA:229,0
DA:230,0
DA:232,0
DA:234,0
DA:247,0
DA:249,0
DA:251,0
DA:252,0
DA:253,0
DA:255,0
DA:278,0
DA:280,0
DA:281,0
LF:38
LH:0
BRDA:224,1,0,0
BRDA:224,1,1,0
BRDA:247,2,0,0
BRDA:247,2,1,0
BRDA:278,3,0,0
BRDA:278,3,1,0
BRF:6
BRH:0
end_of_record
TN:
SF:/home/osboxes/KRWC-G-1/contracts/abstracts/ETHlessTransfer.sol
FN:31,__ERC20ETHless_init_unchained
FN:50,transfer
FN:86,_useNonce
FN:101,_beforeTokenTransfer
FN:113,_collect
FNF:5
FNH:0
FNDA:0,__ERC20ETHless_init_unchained
FNDA:0,transfer
FNDA:0,_useNonce
FNDA:0,_beforeTokenTransfer
FNDA:0,_collect
DA:32,0
DA:33,0
DA:58,0
DA:59,0
DA:64,0
DA:66,0
DA:78,0
DA:80,0
DA:81,0
DA:83,0
DA:87,0
DA:91,0
DA:106,0
DA:114,0
DA:116,0
LF:15
LH:0
BRDA:59,1,0,0
BRDA:59,1,1,0
BRDA:87,2,0,0
BRDA:87,2,1,0
BRF:4
BRH:0
end_of_record
TN:
SF:/home/osboxes/KRWC-G-1/contracts/ERC20Contract.sol
FN:54,initialize
FN:59,__ERC20_init_unchained
FN:67,name
FN:75,symbol
FN:92,decimals
FN:99,totalSupply
FN:106,balanceOf
FN:118,transfer
FN:126,allowance
FN:137,approve
FN:155,transferFrom
FN:180,increaseAllowance
FN:199,decreaseAllowance
FN:220,_transfer
FN:247,_mint
FN:274,_approve
FN:299,_beforeTokenTransfer
FN:319,_afterTokenTransfer
FNF:18
FNH:0
FNDA:0,initialize
FNDA:0,__ERC20_init_unchained
FNDA:0,name
FNDA:0,symbol
FNDA:0,decimals
FNDA:0,totalSupply
FNDA:0,balanceOf
FNDA:0,transfer
FNDA:0,allowance
FNDA:0,approve
FNDA:0,transferFrom
FNDA:0,increaseAllowance
FNDA:0,decreaseAllowance
FNDA:0,_transfer
FNDA:0,_mint
FNDA:0,_approve
FNDA:0,_beforeTokenTransfer
FNDA:0,_afterTokenTransfer
DA:55,0
DA:56,0
DA:60,0
DA:61,0
DA:68,0
DA:76,0
DA:93,0
DA:100,0
DA:107,0
DA:119,0
DA:120,0
DA:127,0
DA:138,0
DA:139,0
DA:160,0
DA:162,0
DA:163,0
DA:165,0
DA:181,0
DA:182,0
DA:200,0
DA:201,0
DA:203,0
DA:225,0
DA:227,0
DA:229,0
DA:230,0
DA:231,0
DA:233,0
DA:235,0
DA:248,0
DA:250,0
DA:252,0
DA:253,0
DA:254,0
DA:256,0
DA:279,0
DA:281,0
DA:282,0
LF:39
LH:0
BRDA:225,1,0,0
BRDA:225,1,1,0
BRDA:248,2,0,0
BRDA:248,2,1,0
BRDA:279,3,0,0
BRDA:279,3,1,0
BRF:6
BRH:0
end_of_record
TN:
SF:/home/osboxes/KRWC-G-1/contracts/Gluwacoin.sol
FN:23,initialize
FN:35,setTokenExchange
FN:49,lockFrom
FN:55,convertAllFrom
FN:71,convertFrom
FN:75,convert
FN:79,_convert
FN:99,_beforeTokenTransfer
FNF:8
FNH:0
FNDA:0,initialize
FNDA:0,setTokenExchange
FNDA:0,lockFrom
FNDA:0,convertAllFrom
FNDA:0,convertFrom
FNDA:0,convert
FNDA:0,_convert
FNDA:0,_beforeTokenTransfer
DA:25,0
DA:26,0
DA:27,0
DA:36,0
DA:50,0
DA:58,0
DA:59,0
DA:61,0
DA:62,0
DA:64,0
DA:72,0
DA:76,0
DA:84,0
DA:86,0
DA:87,0
DA:89,0
DA:104,0
DA:105,0
LF:18
LH:0
BRF:0
BRH:0
end_of_record
TN:
SF:/home/osboxes/KRWC-G-1/contracts/libs/GluwacoinModel.sol
FNF:0
FNH:0
LF:0
LH:0
BRF:0
BRH:0
end_of_record
TN:
SF:/home/osboxes/KRWC-G-1/contracts/libs/Validate.sol
FN:17,_validateSignature
FNF:1
FNH:0
FNDA:0,_validateSignature
DA:18,0
DA:20,0
DA:21,0
DA:23,0
LF:4
LH:0
BRDA:21,1,0,0
BRDA:21,1,1,0
BRF:2
BRH:0
end_of_record
TN:
SF:/home/osboxes/KRWC-G-1/contracts/Migration.sol
FN:7,restricted
FN:15,setCompleted
FNF:2
FNH:2
FNDA:1,restricted
FNDA:1,setCompleted
DA:8,1
DA:12,1
DA:16,1
LF:3
LH:3
BRDA:8,1,0,1
BRDA:8,1,1,0
BRF:2
BRH:1
end_of_record
