TN:
SF:/home/osboxes/KRWC-G-1/contracts/abstracts/console.sol
FN:7,_sendLogPayload
FN:16,log
FN:20,logInt
FN:24,logUint
FN:28,logString
FN:32,logBool
FN:36,logAddress
FN:40,logBytes
FN:44,logBytes1
FN:48,logBytes2
FN:52,logBytes3
FN:56,logBytes4
FN:60,logBytes5
FN:64,logBytes6
FN:68,logBytes7
FN:72,logBytes8
FN:76,logBytes9
FN:80,logBytes10
FN:84,logBytes11
FN:88,logBytes12
FN:92,logBytes13
FN:96,logBytes14
FN:100,logBytes15
FN:104,logBytes16
FN:108,logBytes17
FN:112,logBytes18
FN:116,logBytes19
FN:120,logBytes20
FN:124,logBytes21
FN:128,logBytes22
FN:132,logBytes23
FN:136,logBytes24
FN:140,logBytes25
FN:144,logBytes26
FN:148,logBytes27
FN:152,logBytes28
FN:156,logBytes29
FN:160,logBytes30
FN:164,logBytes31
FN:168,logBytes32
FN:172,log
FN:176,log
FN:180,log
FN:184,log
FN:188,log
FN:192,log
FN:196,log
FN:200,log
FN:204,log
FN:208,log
FN:212,log
FN:216,log
FN:220,log
FN:224,log
FN:228,log
FN:232,log
FN:236,log
FN:240,log
FN:244,log
FN:248,log
FN:252,log
FN:256,log
FN:260,log
FN:264,log
FN:268,log
FN:272,log
FN:276,log
FN:280,log
FN:284,log
FN:288,log
FN:292,log
FN:296,log
FN:300,log
FN:304,log
FN:308,log
FN:312,log
FN:316,log
FN:320,log
FN:324,log
FN:328,log
FN:332,log
FN:336,log
FN:340,log
FN:344,log
FN:348,log
FN:352,log
FN:356,log
FN:360,log
FN:364,log
FN:368,log
FN:372,log
FN:376,log
FN:380,log
FN:384,log
FN:388,log
FN:392,log
FN:396,log
FN:400,log
FN:404,log
FN:408,log
FN:412,log
FN:416,log
FN:420,log
FN:424,log
FN:428,log
FN:432,log
FN:436,log
FN:440,log
FN:444,log
FN:448,log
FN:452,log
FN:456,log
FN:460,log
FN:464,log
FN:468,log
FN:472,log
FN:476,log
FN:480,log
FN:484,log
FN:488,log
FN:492,log
FN:496,log
FN:500,log
FN:504,log
FN:508,log
FN:512,log
FN:516,log
FN:520,log
FN:524,log
FN:528,log
FN:532,log
FN:536,log
FN:540,log
FN:544,log
FN:548,log
FN:552,log
FN:556,log
FN:560,log
FN:564,log
FN:568,log
FN:572,log
FN:576,log
FN:580,log
FN:584,log
FN:588,log
FN:592,log
FN:596,log
FN:600,log
FN:604,log
FN:608,log
FN:612,log
FN:616,log
FN:620,log
FN:624,log
FN:628,log
FN:632,log
FN:636,log
FN:640,log
FN:644,log
FN:648,log
FN:652,log
FN:656,log
FN:660,log
FN:664,log
FN:668,log
FN:672,log
FN:676,log
FN:680,log
FN:684,log
FN:688,log
FN:692,log
FN:696,log
FN:700,log
FN:704,log
FN:708,log
FN:712,log
FN:716,log
FN:720,log
FN:724,log
FN:728,log
FN:732,log
FN:736,log
FN:740,log
FN:744,log
FN:748,log
FN:752,log
FN:756,log
FN:760,log
FN:764,log
FN:768,log
FN:772,log
FN:776,log
FN:780,log
FN:784,log
FN:788,log
FN:792,log
FN:796,log
FN:800,log
FN:804,log
FN:808,log
FN:812,log
FN:816,log
FN:820,log
FN:824,log
FN:828,log
FN:832,log
FN:836,log
FN:840,log
FN:844,log
FN:848,log
FN:852,log
FN:856,log
FN:860,log
FN:864,log
FN:868,log
FN:872,log
FN:876,log
FN:880,log
FN:884,log
FN:888,log
FN:892,log
FN:896,log
FN:900,log
FN:904,log
FN:908,log
FN:912,log
FN:916,log
FN:920,log
FN:924,log
FN:928,log
FN:932,log
FN:936,log
FN:940,log
FN:944,log
FN:948,log
FN:952,log
FN:956,log
FN:960,log
FN:964,log
FN:968,log
FN:972,log
FN:976,log
FN:980,log
FN:984,log
FN:988,log
FN:992,log
FN:996,log
FN:1000,log
FN:1004,log
FN:1008,log
FN:1012,log
FN:1016,log
FN:1020,log
FN:1024,log
FN:1028,log
FN:1032,log
FN:1036,log
FN:1040,log
FN:1044,log
FN:1048,log
FN:1052,log
FN:1056,log
FN:1060,log
FN:1064,log
FN:1068,log
FN:1072,log
FN:1076,log
FN:1080,log
FN:1084,log
FN:1088,log
FN:1092,log
FN:1096,log
FN:1100,log
FN:1104,log
FN:1108,log
FN:1112,log
FN:1116,log
FN:1120,log
FN:1124,log
FN:1128,log
FN:1132,log
FN:1136,log
FN:1140,log
FN:1144,log
FN:1148,log
FN:1152,log
FN:1156,log
FN:1160,log
FN:1164,log
FN:1168,log
FN:1172,log
FN:1176,log
FN:1180,log
FN:1184,log
FN:1188,log
FN:1192,log
FN:1196,log
FN:1200,log
FN:1204,log
FN:1208,log
FN:1212,log
FN:1216,log
FN:1220,log
FN:1224,log
FN:1228,log
FN:1232,log
FN:1236,log
FN:1240,log
FN:1244,log
FN:1248,log
FN:1252,log
FN:1256,log
FN:1260,log
FN:1264,log
FN:1268,log
FN:1272,log
FN:1276,log
FN:1280,log
FN:1284,log
FN:1288,log
FN:1292,log
FN:1296,log
FN:1300,log
FN:1304,log
FN:1308,log
FN:1312,log
FN:1316,log
FN:1320,log
FN:1324,log
FN:1328,log
FN:1332,log
FN:1336,log
FN:1340,log
FN:1344,log
FN:1348,log
FN:1352,log
FN:1356,log
FN:1360,log
FN:1364,log
FN:1368,log
FN:1372,log
FN:1376,log
FN:1380,log
FN:1384,log
FN:1388,log
FN:1392,log
FN:1396,log
FN:1400,log
FN:1404,log
FN:1408,log
FN:1412,log
FN:1416,log
FN:1420,log
FN:1424,log
FN:1428,log
FN:1432,log
FN:1436,log
FN:1440,log
FN:1444,log
FN:1448,log
FN:1452,log
FN:1456,log
FN:1460,log
FN:1464,log
FN:1468,log
FN:1472,log
FN:1476,log
FN:1480,log
FN:1484,log
FN:1488,log
FN:1492,log
FN:1496,log
FN:1500,log
FN:1504,log
FN:1508,log
FN:1512,log
FN:1516,log
FN:1520,log
FN:1524,log
FN:1528,log
FNF:380
FNH:0
FNDA:0,_sendLogPayload
FNDA:0,log
FNDA:0,logInt
FNDA:0,logUint
FNDA:0,logString
FNDA:0,logBool
FNDA:0,logAddress
FNDA:0,logBytes
FNDA:0,logBytes1
FNDA:0,logBytes2
FNDA:0,logBytes3
FNDA:0,logBytes4
FNDA:0,logBytes5
FNDA:0,logBytes6
FNDA:0,logBytes7
FNDA:0,logBytes8
FNDA:0,logBytes9
FNDA:0,logBytes10
FNDA:0,logBytes11
FNDA:0,logBytes12
FNDA:0,logBytes13
FNDA:0,logBytes14
FNDA:0,logBytes15
FNDA:0,logBytes16
FNDA:0,logBytes17
FNDA:0,logBytes18
FNDA:0,logBytes19
FNDA:0,logBytes20
FNDA:0,logBytes21
FNDA:0,logBytes22
FNDA:0,logBytes23
FNDA:0,logBytes24
FNDA:0,logBytes25
FNDA:0,logBytes26
FNDA:0,logBytes27
FNDA:0,logBytes28
FNDA:0,logBytes29
FNDA:0,logBytes30
FNDA:0,logBytes31
FNDA:0,logBytes32
FNDA:0,log
FNDA:0,log
FNDA:0,log
FNDA:0,log
FNDA:0,log
FNDA:0,log
FNDA:0,log
FNDA:0,log
FNDA:0,log
FNDA:0,log
FNDA:0,log
FNDA:0,log
FNDA:0,log
FNDA:0,log
FNDA:0,log
FNDA:0,log
FNDA:0,log
FNDA:0,log
FNDA:0,log
FNDA:0,log
FNDA:0,log
FNDA:0,log
FNDA:0,log
FNDA:0,log
FNDA:0,log
FNDA:0,log
FNDA:0,log
FNDA:0,log
FNDA:0,log
FNDA:0,log
FNDA:0,log
FNDA:0,log
FNDA:0,log
FNDA:0,log
FNDA:0,log
FNDA:0,log
FNDA:0,log
FNDA:0,log
FNDA:0,log
FNDA:0,log
FNDA:0,log
FNDA:0,log
FNDA:0,log
FNDA:0,log
FNDA:0,log
FNDA:0,log
FNDA:0,log
FNDA:0,log
FNDA:0,log
FNDA:0,log
FNDA:0,log
FNDA:0,log
FNDA:0,log
FNDA:0,log
FNDA:0,log
FNDA:0,log
FNDA:0,log
FNDA:0,log
FNDA:0,log
FNDA:0,log
FNDA:0,log
FNDA:0,log
FNDA:0,log
FNDA:0,log
FNDA:0,log
FNDA:0,log
FNDA:0,log
FNDA:0,log
FNDA:0,log
FNDA:0,log
FNDA:0,log
FNDA:0,log
FNDA:0,log
FNDA:0,log
FNDA:0,log
FNDA:0,log
FNDA:0,log
FNDA:0,log
FNDA:0,log
FNDA:0,log
FNDA:0,log
FNDA:0,log
FNDA:0,log
FNDA:0,log
FNDA:0,log
FNDA:0,log
FNDA:0,log
FNDA:0,log
FNDA:0,log
FNDA:0,log
FNDA:0,log
FNDA:0,log
FNDA:0,log
FNDA:0,log
FNDA:0,log
FNDA:0,log
FNDA:0,log
FNDA:0,log
FNDA:0,log
FNDA:0,log
FNDA:0,log
FNDA:0,log
FNDA:0,log
FNDA:0,log
FNDA:0,log
FNDA:0,log
FNDA:0,log
FNDA:0,log
FNDA:0,log
FNDA:0,log
FNDA:0,log
FNDA:0,log
FNDA:0,log
FNDA:0,log
FNDA:0,log
FNDA:0,log
FNDA:0,log
FNDA:0,log
FNDA:0,log
FNDA:0,log
FNDA:0,log
FNDA:0,log
FNDA:0,log
FNDA:0,log
FNDA:0,log
FNDA:0,log
FNDA:0,log
FNDA:0,log
FNDA:0,log
FNDA:0,log
FNDA:0,log
FNDA:0,log
FNDA:0,log
FNDA:0,log
FNDA:0,log
FNDA:0,log
FNDA:0,log
FNDA:0,log
FNDA:0,log
FNDA:0,log
FNDA:0,log
FNDA:0,log
FNDA:0,log
FNDA:0,log
FNDA:0,log
FNDA:0,log
FNDA:0,log
FNDA:0,log
FNDA:0,log
FNDA:0,log
FNDA:0,log
FNDA:0,log
FNDA:0,log
FNDA:0,log
FNDA:0,log
FNDA:0,log
FNDA:0,log
FNDA:0,log
FNDA:0,log
FNDA:0,log
FNDA:0,log
FNDA:0,log
FNDA:0,log
FNDA:0,log
FNDA:0,log
FNDA:0,log
FNDA:0,log
FNDA:0,log
FNDA:0,log
FNDA:0,log
FNDA:0,log
FNDA:0,log
FNDA:0,log
FNDA:0,log
FNDA:0,log
FNDA:0,log
FNDA:0,log
FNDA:0,log
FNDA:0,log
FNDA:0,log
FNDA:0,log
FNDA:0,log
FNDA:0,log
FNDA:0,log
FNDA:0,log
FNDA:0,log
FNDA:0,log
FNDA:0,log
FNDA:0,log
FNDA:0,log
FNDA:0,log
FNDA:0,log
FNDA:0,log
FNDA:0,log
FNDA:0,log
FNDA:0,log
FNDA:0,log
FNDA:0,log
FNDA:0,log
FNDA:0,log
FNDA:0,log
FNDA:0,log
FNDA:0,log
FNDA:0,log
FNDA:0,log
FNDA:0,log
FNDA:0,log
FNDA:0,log
FNDA:0,log
FNDA:0,log
FNDA:0,log
FNDA:0,log
FNDA:0,log
FNDA:0,log
FNDA:0,log
FNDA:0,log
FNDA:0,log
FNDA:0,log
FNDA:0,log
FNDA:0,log
FNDA:0,log
FNDA:0,log
FNDA:0,log
FNDA:0,log
FNDA:0,log
FNDA:0,log
FNDA:0,log
FNDA:0,log
FNDA:0,log
FNDA:0,log
FNDA:0,log
FNDA:0,log
FNDA:0,log
FNDA:0,log
FNDA:0,log
FNDA:0,log
FNDA:0,log
FNDA:0,log
FNDA:0,log
FNDA:0,log
FNDA:0,log
FNDA:0,log
FNDA:0,log
FNDA:0,log
FNDA:0,log
FNDA:0,log
FNDA:0,log
FNDA:0,log
FNDA:0,log
FNDA:0,log
FNDA:0,log
FNDA:0,log
FNDA:0,log
FNDA:0,log
FNDA:0,log
FNDA:0,log
FNDA:0,log
FNDA:0,log
FNDA:0,log
FNDA:0,log
FNDA:0,log
FNDA:0,log
FNDA:0,log
FNDA:0,log
FNDA:0,log
FNDA:0,log
FNDA:0,log
FNDA:0,log
FNDA:0,log
FNDA:0,log
FNDA:0,log
FNDA:0,log
FNDA:0,log
FNDA:0,log
FNDA:0,log
FNDA:0,log
FNDA:0,log
FNDA:0,log
FNDA:0,log
FNDA:0,log
FNDA:0,log
FNDA:0,log
FNDA:0,log
FNDA:0,log
FNDA:0,log
FNDA:0,log
FNDA:0,log
FNDA:0,log
FNDA:0,log
FNDA:0,log
FNDA:0,log
FNDA:0,log
FNDA:0,log
FNDA:0,log
FNDA:0,log
FNDA:0,log
FNDA:0,log
FNDA:0,log
FNDA:0,log
FNDA:0,log
FNDA:0,log
FNDA:0,log
FNDA:0,log
FNDA:0,log
FNDA:0,log
FNDA:0,log
FNDA:0,log
FNDA:0,log
FNDA:0,log
FNDA:0,log
FNDA:0,log
FNDA:0,log
FNDA:0,log
FNDA:0,log
FNDA:0,log
FNDA:0,log
FNDA:0,log
FNDA:0,log
FNDA:0,log
FNDA:0,log
FNDA:0,log
FNDA:0,log
FNDA:0,log
FNDA:0,log
FNDA:0,log
FNDA:0,log
FNDA:0,log
FNDA:0,log
FNDA:0,log
FNDA:0,log
FNDA:0,log
FNDA:0,log
FNDA:0,log
FNDA:0,log
FNDA:0,log
FNDA:0,log
FNDA:0,log
FNDA:0,log
FNDA:0,log
FNDA:0,log
DA:8,0
DA:9,0
DA:10,0
DA:17,0
DA:21,0
DA:25,0
DA:29,0
DA:33,0
DA:37,0
DA:41,0
DA:45,0
DA:49,0
DA:53,0
DA:57,0
DA:61,0
DA:65,0
DA:69,0
DA:73,0
DA:77,0
DA:81,0
DA:85,0
DA:89,0
DA:93,0
DA:97,0
DA:101,0
DA:105,0
DA:109,0
DA:113,0
DA:117,0
DA:121,0
DA:125,0
DA:129,0
DA:133,0
DA:137,0
DA:141,0
DA:145,0
DA:149,0
DA:153,0
DA:157,0
DA:161,0
DA:165,0
DA:169,0
DA:173,0
DA:177,0
DA:181,0
DA:185,0
DA:189,0
DA:193,0
DA:197,0
DA:201,0
DA:205,0
DA:209,0
DA:213,0
DA:217,0
DA:221,0
DA:225,0
DA:229,0
DA:233,0
DA:237,0
DA:241,0
DA:245,0
DA:249,0
DA:253,0
DA:257,0
DA:261,0
DA:265,0
DA:269,0
DA:273,0
DA:277,0
DA:281,0
DA:285,0
DA:289,0
DA:293,0
DA:297,0
DA:301,0
DA:305,0
DA:309,0
DA:313,0
DA:317,0
DA:321,0
DA:325,0
DA:329,0
DA:333,0
DA:337,0
DA:341,0
DA:345,0
DA:349,0
DA:353,0
DA:357,0
DA:361,0
DA:365,0
DA:369,0
DA:373,0
DA:377,0
DA:381,0
DA:385,0
DA:389,0
DA:393,0
DA:397,0
DA:401,0
DA:405,0
DA:409,0
DA:413,0
DA:417,0
DA:421,0
DA:425,0
DA:429,0
DA:433,0
DA:437,0
DA:441,0
DA:445,0
DA:449,0
DA:453,0
DA:457,0
DA:461,0
DA:465,0
DA:469,0
DA:473,0
DA:477,0
DA:481,0
DA:485,0
DA:489,0
DA:493,0
DA:497,0
DA:501,0
DA:505,0
DA:509,0
DA:513,0
DA:517,0
DA:521,0
DA:525,0
DA:529,0
DA:533,0
DA:537,0
DA:541,0
DA:545,0
DA:549,0
DA:553,0
DA:557,0
DA:561,0
DA:565,0
DA:569,0
DA:573,0
DA:577,0
DA:581,0
DA:585,0
DA:589,0
DA:593,0
DA:597,0
DA:601,0
DA:605,0
DA:609,0
DA:613,0
DA:617,0
DA:621,0
DA:625,0
DA:629,0
DA:633,0
DA:637,0
DA:641,0
DA:645,0
DA:649,0
DA:653,0
DA:657,0
DA:661,0
DA:665,0
DA:669,0
DA:673,0
DA:677,0
DA:681,0
DA:685,0
DA:689,0
DA:693,0
DA:697,0
DA:701,0
DA:705,0
DA:709,0
DA:713,0
DA:717,0
DA:721,0
DA:725,0
DA:729,0
DA:733,0
DA:737,0
DA:741,0
DA:745,0
DA:749,0
DA:753,0
DA:757,0
DA:761,0
DA:765,0
DA:769,0
DA:773,0
DA:777,0
DA:781,0
DA:785,0
DA:789,0
DA:793,0
DA:797,0
DA:801,0
DA:805,0
DA:809,0
DA:813,0
DA:817,0
DA:821,0
DA:825,0
DA:829,0
DA:833,0
DA:837,0
DA:841,0
DA:845,0
DA:849,0
DA:853,0
DA:857,0
DA:861,0
DA:865,0
DA:869,0
DA:873,0
DA:877,0
DA:881,0
DA:885,0
DA:889,0
DA:893,0
DA:897,0
DA:901,0
DA:905,0
DA:909,0
DA:913,0
DA:917,0
DA:921,0
DA:925,0
DA:929,0
DA:933,0
DA:937,0
DA:941,0
DA:945,0
DA:949,0
DA:953,0
DA:957,0
DA:961,0
DA:965,0
DA:969,0
DA:973,0
DA:977,0
DA:981,0
DA:985,0
DA:989,0
DA:993,0
DA:997,0
DA:1001,0
DA:1005,0
DA:1009,0
DA:1013,0
DA:1017,0
DA:1021,0
DA:1025,0
DA:1029,0
DA:1033,0
DA:1037,0
DA:1041,0
DA:1045,0
DA:1049,0
DA:1053,0
DA:1057,0
DA:1061,0
DA:1065,0
DA:1069,0
DA:1073,0
DA:1077,0
DA:1081,0
DA:1085,0
DA:1089,0
DA:1093,0
DA:1097,0
DA:1101,0
DA:1105,0
DA:1109,0
DA:1113,0
DA:1117,0
DA:1121,0
DA:1125,0
DA:1129,0
DA:1133,0
DA:1137,0
DA:1141,0
DA:1145,0
DA:1149,0
DA:1153,0
DA:1157,0
DA:1161,0
DA:1165,0
DA:1169,0
DA:1173,0
DA:1177,0
DA:1181,0
DA:1185,0
DA:1189,0
DA:1193,0
DA:1197,0
DA:1201,0
DA:1205,0
DA:1209,0
DA:1213,0
DA:1217,0
DA:1221,0
DA:1225,0
DA:1229,0
DA:1233,0
DA:1237,0
DA:1241,0
DA:1245,0
DA:1249,0
DA:1253,0
DA:1257,0
DA:1261,0
DA:1265,0
DA:1269,0
DA:1273,0
DA:1277,0
DA:1281,0
DA:1285,0
DA:1289,0
DA:1293,0
DA:1297,0
DA:1301,0
DA:1305,0
DA:1309,0
DA:1313,0
DA:1317,0
DA:1321,0
DA:1325,0
DA:1329,0
DA:1333,0
DA:1337,0
DA:1341,0
DA:1345,0
DA:1349,0
DA:1353,0
DA:1357,0
DA:1361,0
DA:1365,0
DA:1369,0
DA:1373,0
DA:1377,0
DA:1381,0
DA:1385,0
DA:1389,0
DA:1393,0
DA:1397,0
DA:1401,0
DA:1405,0
DA:1409,0
DA:1413,0
DA:1417,0
DA:1421,0
DA:1425,0
DA:1429,0
DA:1433,0
DA:1437,0
DA:1441,0
DA:1445,0
DA:1449,0
DA:1453,0
DA:1457,0
DA:1461,0
DA:1465,0
DA:1469,0
DA:1473,0
DA:1477,0
DA:1481,0
DA:1485,0
DA:1489,0
DA:1493,0
DA:1497,0
DA:1501,0
DA:1505,0
DA:1509,0
DA:1513,0
DA:1517,0
DA:1521,0
DA:1525,0
DA:1529,0
LF:382
LH:0
BRF:0
BRH:0
end_of_record
TN:
SF:/home/osboxes/KRWC-G-1/contracts/abstracts/Convertible.sol
FN:34,__Convertible_init_unchained
FN:42,getTokenExchangeDetails
FN:50,getLocker
FN:58,_setTokenExchange
FN:67,_lockFrom
FN:107,_withdraw
FN:134,_withdrawBaseToken
FN:142,_calculateConversion
FN:150,_calculateWithdrawal
FNF:9
FNH:1
FNDA:2,__Convertible_init_unchained
FNDA:0,getTokenExchangeDetails
FNDA:0,getLocker
FNDA:0,_setTokenExchange
FNDA:0,_lockFrom
FNDA:0,_withdraw
FNDA:0,_withdrawBaseToken
FNDA:0,_calculateConversion
FNDA:0,_calculateWithdrawal
DA:35,2
DA:36,2
DA:37,2
DA:38,2
DA:39,2
DA:47,0
DA:55,0
DA:62,0
DA:63,0
DA:64,0
DA:72,0
DA:76,0
DA:77,0
DA:79,0
DA:81,0
DA:82,0
DA:84,0
DA:88,0
DA:96,0
DA:97,0
DA:100,0
DA:102,0
DA:104,0
DA:112,0
DA:113,0
DA:117,0
DA:122,0
DA:126,0
DA:127,0
DA:129,0
DA:131,0
DA:138,0
DA:139,0
DA:147,0
DA:155,0
LF:35
LH:5
BRDA:72,1,0,0
BRDA:72,1,1,0
BRDA:81,2,0,0
BRDA:81,2,1,0
BRDA:113,3,0,0
BRDA:113,3,1,0
BRDA:122,4,0,0
BRDA:122,4,1,0
BRF:8
BRH:0
end_of_record
TN:
SF:/home/osboxes/KRWC-G-1/contracts/abstracts/ERC20ETHless.sol
FN:30,__ERC20ETHless_init_unchained
FN:50,transfer
FN:86,_beforeTokenTransfer
FN:96,_useNonce
FN:108,_collect
FNF:5
FNH:1
FNDA:2,__ERC20ETHless_init_unchained
FNDA:0,transfer
FNDA:0,_beforeTokenTransfer
FNDA:0,_useNonce
FNDA:0,_collect
DA:31,2
DA:32,2
DA:33,2
DA:58,0
DA:59,0
DA:64,0
DA:66,0
DA:78,0
DA:80,0
DA:81,0
DA:83,0
DA:91,0
DA:97,0
DA:101,0
DA:109,0
DA:111,0
LF:16
LH:3
BRDA:59,1,0,0
BRDA:59,1,1,0
BRDA:97,2,0,0
BRDA:97,2,1,0
BRF:4
BRH:0
end_of_record
TN:
SF:/home/osboxes/KRWC-G-1/contracts/abstracts/ERC20Reservable.sol
FN:42,__ERC20Reservable_init
FN:47,__ERC20Reservable_init_unchained
FN:50,getReservation
FN:71,reservedBalanceOf
FN:75,unreservedBalanceOf
FN:79,reserve
FN:109,execute
FN:135,reclaim
FN:152,_unreservedBalance
FN:156,_beforeTokenTransfer
FNF:10
FNH:0
FNDA:0,__ERC20Reservable_init
FNDA:0,__ERC20Reservable_init_unchained
FNDA:0,getReservation
FNDA:0,reservedBalanceOf
FNDA:0,unreservedBalanceOf
FNDA:0,reserve
FNDA:0,execute
FNDA:0,reclaim
FNDA:0,_unreservedBalance
FNDA:0,_beforeTokenTransfer
DA:43,0
DA:44,0
DA:61,0
DA:63,0
DA:64,0
DA:65,0
DA:66,0
DA:67,0
DA:68,0
DA:72,0
DA:76,0
DA:91,0
DA:93,0
DA:94,0
DA:96,0
DA:97,0
DA:99,0
DA:100,0
DA:102,0
DA:104,0
DA:106,0
DA:110,0
DA:112,0
DA:113,0
DA:115,0
DA:117,0
DA:120,0
DA:121,0
DA:122,0
DA:123,0
DA:124,0
DA:126,0
DA:127,0
DA:129,0
DA:130,0
DA:132,0
DA:136,0
DA:138,0
DA:139,0
DA:141,0
DA:143,0
DA:146,0
DA:147,0
DA:149,0
DA:153,0
DA:157,0
DA:158,0
DA:161,0
LF:48
LH:0
BRDA:91,1,0,0
BRDA:91,1,1,0
BRDA:93,2,0,0
BRDA:93,2,1,0
BRDA:94,3,0,0
BRDA:94,3,1,0
BRDA:97,4,0,0
BRDA:97,4,1,0
BRDA:112,5,0,0
BRDA:112,5,1,0
BRDA:113,6,0,0
BRDA:113,6,1,0
BRDA:115,7,0,0
BRDA:115,7,1,0
BRDA:117,8,0,0
BRDA:117,8,1,0
BRDA:138,9,0,0
BRDA:138,9,1,0
BRDA:139,10,0,0
BRDA:139,10,1,0
BRDA:141,11,0,0
BRDA:141,11,1,0
BRDA:143,12,0,0
BRDA:143,12,1,0
BRDA:157,13,0,0
BRDA:157,13,1,0
BRDA:158,14,0,0
BRDA:158,14,1,0
BRF:28
BRH:0
end_of_record
TN:
SF:/home/osboxes/KRWC-G-1/contracts/ERC20Contract.sol
FN:54,initialize
FN:59,__ERC20_init_unchained
FN:67,name
FN:75,symbol
FN:92,decimals
FN:99,totalSupply
FN:106,balanceOf
FN:118,transfer
FN:126,allowance
FN:137,approve
FN:155,transferFrom
FN:180,increaseAllowance
FN:199,decreaseAllowance
FN:220,_transfer
FN:247,_mint
FN:274,_approve
FN:299,_beforeTokenTransfer
FN:319,_afterTokenTransfer
FNF:18
FNH:0
FNDA:0,initialize
FNDA:0,__ERC20_init_unchained
FNDA:0,name
FNDA:0,symbol
FNDA:0,decimals
FNDA:0,totalSupply
FNDA:0,balanceOf
FNDA:0,transfer
FNDA:0,allowance
FNDA:0,approve
FNDA:0,transferFrom
FNDA:0,increaseAllowance
FNDA:0,decreaseAllowance
FNDA:0,_transfer
FNDA:0,_mint
FNDA:0,_approve
FNDA:0,_beforeTokenTransfer
FNDA:0,_afterTokenTransfer
DA:55,0
DA:56,0
DA:60,0
DA:61,0
DA:68,0
DA:76,0
DA:93,0
DA:100,0
DA:107,0
DA:119,0
DA:120,0
DA:127,0
DA:138,0
DA:139,0
DA:160,0
DA:162,0
DA:163,0
DA:165,0
DA:181,0
DA:182,0
DA:200,0
DA:201,0
DA:203,0
DA:225,0
DA:227,0
DA:229,0
DA:230,0
DA:231,0
DA:233,0
DA:235,0
DA:248,0
DA:250,0
DA:252,0
DA:253,0
DA:254,0
DA:256,0
DA:279,0
DA:281,0
DA:282,0
LF:39
LH:0
BRDA:225,1,0,0
BRDA:225,1,1,0
BRDA:248,2,0,0
BRDA:248,2,1,0
BRDA:279,3,0,0
BRDA:279,3,1,0
BRF:6
BRH:0
end_of_record
TN:
SF:/home/osboxes/KRWC-G-1/contracts/Gluwacoin.sol
FN:26,initialize
FN:35,setTokenExchange
FN:40,getLockerByAcccount
FN:62,burn
FN:75,burn
FN:93,mint
FN:105,mint
FN:109,_convert
FN:126,collectFee
FN:139,_beforeTokenTransfer
FNF:10
FNH:1
FNDA:2,initialize
FNDA:0,setTokenExchange
FNDA:0,getLockerByAcccount
FNDA:0,burn
FNDA:0,burn
FNDA:0,mint
FNDA:0,mint
FNDA:0,_convert
FNDA:0,collectFee
FNDA:0,_beforeTokenTransfer
DA:27,2
DA:28,2
DA:29,2
DA:36,0
DA:45,0
DA:46,0
DA:63,0
DA:64,0
DA:76,0
DA:77,0
DA:94,0
DA:106,0
DA:114,0
DA:116,0
DA:117,0
DA:119,0
DA:129,0
DA:144,0
DA:145,0
LF:19
LH:3
BRF:0
BRH:0
end_of_record
TN:
SF:/home/osboxes/KRWC-G-1/contracts/GluwacoinV0.sol
FN:23,initialize
FN:43,burn
FN:55,burn
FN:72,mint
FN:84,mint
FN:88,_convert
FN:105,collectFee
FN:118,_beforeTokenTransfer
FN:129,decimals
FNF:9
FNH:1
FNDA:0,initialize
FNDA:0,burn
FNDA:0,burn
FNDA:0,mint
FNDA:0,mint
FNDA:0,_convert
FNDA:0,collectFee
FNDA:0,_beforeTokenTransfer
FNDA:1,decimals
DA:25,0
DA:26,0
DA:27,0
DA:44,0
DA:56,0
DA:73,0
DA:85,0
DA:93,0
DA:95,0
DA:96,0
DA:98,0
DA:108,0
DA:123,0
DA:124,0
DA:130,1
LF:15
LH:1
BRF:0
BRH:0
end_of_record
TN:
SF:/home/osboxes/KRWC-G-1/contracts/libs/GluwacoinModels.sol
FNF:0
FNH:0
LF:0
LH:0
BRF:0
BRH:0
end_of_record
TN:
SF:/home/osboxes/KRWC-G-1/contracts/libs/HashMapIndex.sol
FN:35,add
FN:51,archive
FN:81,isActive
FN:95,isArchived
FN:109,isValid
FN:123,get
FNF:6
FNH:0
FNDA:0,add
FNDA:0,archive
FNDA:0,isActive
FNDA:0,isArchived
FNDA:0,isValid
FNDA:0,get
DA:37,0
DA:39,0
DA:41,0
DA:42,0
DA:43,0
DA:53,0
DA:55,0
DA:57,0
DA:60,0
DA:63,0
DA:68,0
DA:71,0
DA:86,0
DA:100,0
DA:114,0
DA:128,0
LF:16
LH:0
BRDA:60,1,0,0
BRDA:60,1,1,0
BRDA:68,2,0,0
BRDA:68,2,1,0
BRF:4
BRH:0
end_of_record
TN:
SF:/home/osboxes/KRWC-G-1/contracts/libs/Validate.sol
FN:17,_validateSignature
FNF:1
FNH:0
FNDA:0,_validateSignature
DA:18,0
DA:20,0
DA:21,0
DA:23,0
LF:4
LH:0
BRDA:21,1,0,0
BRDA:21,1,1,0
BRF:2
BRH:0
end_of_record
TN:
SF:/home/osboxes/KRWC-G-1/contracts/Migration.sol
FN:7,restricted
FN:15,setCompleted
FNF:2
FNH:2
FNDA:1,restricted
FNDA:1,setCompleted
DA:8,1
DA:12,1
DA:16,1
LF:3
LH:3
BRDA:8,1,0,1
BRDA:8,1,1,0
BRF:2
BRH:1
end_of_record
